<?xml version='1.0' encoding='UTF-8'?>
<testsuite hostname="pcmcyrkowski" name="objsets.TweetSetSuite" tests="7" errors="0" failures="6" skipped="0" time="0.102" timestamp="2020-07-06T14:57:26">
                     <properties>
[...]
</properties>
                     <testcase classname="objsets.TweetSetSuite" name="filter: a on set5" time="0.059">
                                                 <failure message="java.lang.StackOverflowError: null" type="sbt.ForkMain$ForkError">sbt.ForkMain$ForkError: java.lang.StackOverflowError: null
	at objsets.TweetSetSuite$$anon$2.$anonfun$new$2$adapted(TweetSetSuite.scala:33)
	at objsets.NonEmpty.filterAcc(TweetSet.scala:134)
	at objsets.NonEmpty.filterAcc(TweetSet.scala:138)
	at objsets.NonEmpty.filterAcc(TweetSet.scala:138)
	at objsets.NonEmpty.filterAcc(TweetSet.scala:138)
	at objsets.NonEmpty.filterAcc(TweetSet.scala:138)
	at objsets.NonEmpty.filterAcc(TweetSet.scala:138)
	at objsets.NonEmpty.filterAcc(TweetSet.scala:138)
	at objsets.NonEmpty.filterAcc(TweetSet.scala:138)
	at objsets.NonEmpty.filterAcc(TweetSet.scala:138)
	at objsets.NonEmpty.filterAcc(TweetSet.scala:138)
	at objsets.NonEmpty.filterAcc(TweetSet.scala:138)
	at objsets.NonEmpty.filterAcc(TweetSet.scala:138)
	at objsets.NonEmpty.filterAcc(TweetSet.scala:138)
	at objsets.NonEmpty.filterAcc(TweetSet.scala:138)
	at objsets.NonEmpty.filterAcc(TweetSet.scala:138)
	at objsets.NonEmpty.filterAcc(TweetSet.scala:138)
	at objsets.NonEmpty.filterAcc(TweetSet.scala:138)
	at objsets.NonEmpty.filterAcc(TweetSet.scala:138)
	at objsets.NonEmpty.filterAcc(TweetSet.scala:138)
	at objsets.NonEmpty.filterAcc(TweetSet.scala:138)
	at objsets.NonEmpty.filterAcc(TweetSet.scala:138)
	at objsets.NonEmpty.filterAcc(TweetSet.scala:138)
	at objsets.NonEmpty.filterAcc(TweetSet.scala:138)
	at objsets.NonEmpty.filterAcc(TweetSet.scala:138)
	at objsets.NonEmpty.filterAcc(TweetSet.scala:138)
	at objsets.NonEmpty.filterAcc(TweetSet.scala:138)
	at objsets.NonEmpty.filterAcc(TweetSet.scala:138)
	at objsets.NonEmpty.filterAcc(TweetSet.scala:138)
	at objsets.NonEmpty.filterAcc(TweetSet.scala:138)
	at objsets.NonEmpty.filterAcc(TweetSet.scala:138)
	at objsets.NonEmpty.filterAcc(TweetSet.scala:138)
	at objsets.NonEmpty.filterAcc(TweetSet.scala:138)
	at objsets.NonEmpty.filterAcc(TweetSet.scala:138)
	at objsets.NonEmpty.filterAcc(TweetSet.scala:138)
	at objsets.NonEmpty.filterAcc(TweetSet.scala:138)
	at objsets.NonEmpty.filterAcc(TweetSet.scala:138)
	at objsets.NonEmpty.filterAcc(TweetSet.scala:138)
	at objsets.NonEmpty.filterAcc(TweetSet.scala:138)
	at objsets.NonEmpty.filterAcc(TweetSet.scala:138)
	at objsets.NonEmpty.filterAcc(TweetSet.scala:138)
	at objsets.NonEmpty.filterAcc(TweetSet.scala:138)
	at objsets.NonEmpty.filterAcc(TweetSet.scala:138)
	at objsets.NonEmpty.filterAcc(TweetSet.scala:138)
	at objsets.NonEmpty.filterAcc(TweetSet.scala:138)
	at objsets.NonEmpty.filterAcc(TweetSet.scala:138)
	at objsets.NonEmpty.filterAcc(TweetSet.scala:138)
	at objsets.NonEmpty.filterAcc(TweetSet.scala:138)
	at objsets.NonEmpty.filterAcc(TweetSet.scala:138)
	at objsets.NonEmpty.filterAcc(TweetSet.scala:138)
	at objsets.NonEmpty.filterAcc(TweetSet.scala:138)
	at objsets.NonEmpty.filterAcc(TweetSet.scala:138)
	at objsets.NonEmpty.filterAcc(TweetSet.scala:138)
	at objsets.NonEmpty.filterAcc(TweetSet.scala:138)
	at objsets.NonEmpty.filterAcc(TweetSet.scala:138)
	at objsets.NonEmpty.filterAcc(TweetSet.scala:138)
	at objsets.NonEmpty.filterAcc(TweetSet.scala:138)
	at objsets.NonEmpty.filterAcc(TweetSet.scala:138)
	at objsets.NonEmpty.filterAcc(TweetSet.scala:138)
	at objsets.NonEmpty.filterAcc(TweetSet.scala:138)
	at objsets.NonEmpty.filterAcc(TweetSet.scala:138)
	at objsets.NonEmpty.filterAcc(TweetSet.scala:138)
	at objsets.NonEmpty.filterAcc(TweetSet.scala:138)
	at objsets.NonEmpty.filterAcc(TweetSet.scala:138)
	at objsets.NonEmpty.filterAcc(TweetSet.scala:138)
	at objsets.NonEmpty.filterAcc(TweetSet.scala:138)
	at objsets.NonEmpty.filterAcc(TweetSet.scala:138)
	at objsets.NonEmpty.filterAcc(TweetSet.scala:138)
	at objsets.NonEmpty.filterAcc(TweetSet.scala:138)
	at objsets.NonEmpty.filterAcc(TweetSet.scala:138)
	at objsets.NonEmpty.filterAcc(TweetSet.scala:138)
	at objsets.NonEmpty.filterAcc(TweetSet.scala:138)
	at objsets.NonEmpty.filterAcc(TweetSet.scala:138)
	at objsets.NonEmpty.filterAcc(TweetSet.scala:138)
	at objsets.NonEmpty.filterAcc(TweetSet.scala:138)
	at objsets.NonEmpty.filterAcc(TweetSet.scala:138)
	at objsets.NonEmpty.filterAcc(TweetSet.scala:138)
	at objsets.NonEmpty.filterAcc(TweetSet.scala:138)
	at objsets.NonEmpty.filterAcc(TweetSet.scala:138)
	at objsets.NonEmpty.filterAcc(TweetSet.scala:138)
	at objsets.NonEmpty.filterAcc(TweetSet.scala:138)
	at objsets.NonEmpty.filterAcc(TweetSet.scala:138)
	at objsets.NonEmpty.filterAcc(TweetSet.scala:138)
	at objsets.NonEmpty.filterAcc(TweetSet.scala:138)
	at objsets.NonEmpty.filterAcc(TweetSet.scala:138)
	at objsets.NonEmpty.filterAcc(TweetSet.scala:138)
	at objsets.NonEmpty.filterAcc(TweetSet.scala:138)
	at objsets.NonEmpty.filterAcc(TweetSet.scala:138)
	at objsets.NonEmpty.filterAcc(TweetSet.scala:138)
	at objsets.NonEmpty.filterAcc(TweetSet.scala:138)
	at objsets.NonEmpty.filterAcc(TweetSet.scala:138)
	at objsets.NonEmpty.filterAcc(TweetSet.scala:138)
	at objsets.NonEmpty.filterAcc(TweetSet.scala:138)
	at objsets.NonEmpty.filterAcc(TweetSet.scala:138)
	at objsets.NonEmpty.filterAcc(TweetSet.scala:138)
	at objsets.NonEmpty.filterAcc(TweetSet.scala:138)
	at objsets.NonEmpty.filterAcc(TweetSet.scala:138)
	at objsets.NonEmpty.filterAcc(TweetSet.scala:138)
	at objsets.NonEmpty.filterAcc(TweetSet.scala:138)
	at objsets.NonEmpty.filterAcc(TweetSet.scala:138)
	at objsets.NonEmpty.filterAcc(TweetSet.scala:138)
	at objsets.NonEmpty.filterAcc(TweetSet.scala:138)
	at objsets.NonEmpty.filterAcc(TweetSet.scala:138)
	at objsets.NonEmpty.filterAcc(TweetSet.scala:138)
	at objsets.NonEmpty.filterAcc(TweetSet.scala:138)
	at objsets.NonEmpty.filterAcc(TweetSet.scala:138)
	at objsets.NonEmpty.filterAcc(TweetSet.scala:138)
	at objsets.NonEmpty.filterAcc(TweetSet.scala:138)
	at objsets.NonEmpty.filterAcc(TweetSet.scala:138)
	at objsets.NonEmpty.filterAcc(TweetSet.scala:138)
	at objsets.NonEmpty.filterAcc(TweetSet.scala:138)
	at objsets.NonEmpty.filterAcc(TweetSet.scala:138)
	at objsets.NonEmpty.filterAcc(TweetSet.scala:138)
	at objsets.NonEmpty.filterAcc(TweetSet.scala:138)
	at objsets.NonEmpty.filterAcc(TweetSet.scala:138)
	at objsets.NonEmpty.filterAcc(TweetSet.scala:138)
	at objsets.NonEmpty.filterAcc(TweetSet.scala:138)
	at objsets.NonEmpty.filterAcc(TweetSet.scala:138)
	at objsets.NonEmpty.filterAcc(TweetSet.scala:138)
	at objsets.NonEmpty.filterAcc(TweetSet.scala:138)
	at objsets.NonEmpty.filterAcc(TweetSet.scala:138)
	at objsets.NonEmpty.filterAcc(TweetSet.scala:138)
	at objsets.NonEmpty.filterAcc(TweetSet.scala:138)
	at objsets.NonEmpty.filterAcc(TweetSet.scala:138)
	at objsets.NonEmpty.filterAcc(TweetSet.scala:138)
	at objsets.NonEmpty.filterAcc(TweetSet.scala:138)
	at objsets.NonEmpty.filterAcc(TweetSet.scala:138)
	at objsets.NonEmpty.filterAcc(TweetSet.scala:138)
	at objsets.NonEmpty.filterAcc(TweetSet.scala:138)
	at objsets.NonEmpty.filterAcc(TweetSet.scala:138)
	at objsets.NonEmpty.filterAcc(TweetSet.scala:138)
	at objsets.NonEmpty.filterAcc(TweetSet.scala:138)
	at objsets.NonEmpty.filterAcc(TweetSet.scala:138)
	at objsets.NonEmpty.filterAcc(TweetSet.scala:138)
	at objsets.NonEmpty.filterAcc(TweetSet.scala:138)
	at objsets.NonEmpty.filterAcc(TweetSet.scala:138)
	at objsets.NonEmpty.filterAcc(TweetSet.scala:138)
	at objsets.NonEmpty.filterAcc(TweetSet.scala:138)
	at objsets.NonEmpty.filterAcc(TweetSet.scala:138)
	at objsets.NonEmpty.filterAcc(TweetSet.scala:138)
	at objsets.NonEmpty.filterAcc(TweetSet.scala:138)
	at objsets.NonEmpty.filterAcc(TweetSet.scala:138)
	at objsets.NonEmpty.filterAcc(TweetSet.scala:138)
	at objsets.NonEmpty.filterAcc(TweetSet.scala:138)
	at objsets.NonEmpty.filterAcc(TweetSet.scala:138)
	at objsets.NonEmpty.filterAcc(TweetSet.scala:138)
	at objsets.NonEmpty.filterAcc(TweetSet.scala:138)
	at objsets.NonEmpty.filterAcc(TweetSet.scala:138)
	at objsets.NonEmpty.filterAcc(TweetSet.scala:138)
	at objsets.NonEmpty.filterAcc(TweetSet.scala:138)
	at objsets.NonEmpty.filterAcc(TweetSet.scala:138)
	at objsets.NonEmpty.filterAcc(TweetSet.scala:138)
	at objsets.NonEmpty.filterAcc(TweetSet.scala:138)
	at objsets.NonEmpty.filterAcc(TweetSet.scala:138)
	at objsets.NonEmpty.filterAcc(TweetSet.scala:138)
	at objsets.NonEmpty.filterAcc(TweetSet.scala:138)
	at objsets.NonEmpty.filterAcc(TweetSet.scala:138)
	at objsets.NonEmpty.filterAcc(TweetSet.scala:138)
	at objsets.NonEmpty.filterAcc(TweetSet.scala:138)
	at objsets.NonEmpty.filterAcc(TweetSet.scala:138)
	at objsets.NonEmpty.filterAcc(TweetSet.scala:138)
	at objsets.NonEmpty.filterAcc(TweetSet.scala:138)
	at objsets.NonEmpty.filterAcc(TweetSet.scala:138)
	at objsets.NonEmpty.filterAcc(TweetSet.scala:138)
	at objsets.NonEmpty.filterAcc(TweetSet.scala:138)
	at objsets.NonEmpty.filterAcc(TweetSet.scala:138)
	at objsets.NonEmpty.filterAcc(TweetSet.scala:138)
	at objsets.NonEmpty.filterAcc(TweetSet.scala:138)
	at objsets.NonEmpty.filterAcc(TweetSet.scala:138)
	at objsets.NonEmpty.filterAcc(TweetSet.scala:138)
	at objsets.NonEmpty.filterAcc(TweetSet.scala:138)
	at objsets.NonEmpty.filterAcc(TweetSet.scala:138)
	at objsets.NonEmpty.filterAcc(TweetSet.scala:138)
	at objsets.NonEmpty.filterAcc(TweetSet.scala:138)
	at objsets.NonEmpty.filterAcc(TweetSet.scala:138)
	at objsets.NonEmpty.filterAcc(TweetSet.scala:138)
	at objsets.NonEmpty.filterAcc(TweetSet.scala:138)
	at objsets.NonEmpty.filterAcc(TweetSet.scala:138)
	at objsets.NonEmpty.filterAcc(TweetSet.scala:138)
	at objsets.NonEmpty.filterAcc(TweetSet.scala:138)
	at objsets.NonEmpty.filterAcc(TweetSet.scala:138)
	at objsets.NonEmpty.filterAcc(TweetSet.scala:138)
	at objsets.NonEmpty.filterAcc(TweetSet.scala:138)
	at objsets.NonEmpty.filterAcc(TweetSet.scala:138)
	at objsets.NonEmpty.filterAcc(TweetSet.scala:138)
	at objsets.NonEmpty.filterAcc(TweetSet.scala:138)
	at objsets.NonEmpty.filterAcc(TweetSet.scala:138)
	at objsets.NonEmpty.filterAcc(TweetSet.scala:138)
	at objsets.NonEmpty.filterAcc(TweetSet.scala:138)
	at objsets.NonEmpty.filterAcc(TweetSet.scala:138)
	at objsets.NonEmpty.filterAcc(TweetSet.scala:138)
	at objsets.NonEmpty.filterAcc(TweetSet.scala:138)
	at objsets.NonEmpty.filterAcc(TweetSet.scala:138)
	at objsets.NonEmpty.filterAcc(TweetSet.scala:138)
	at objsets.NonEmpty.filterAcc(TweetSet.scala:138)
	at objsets.NonEmpty.filterAcc(TweetSet.scala:138)
	at objsets.NonEmpty.filterAcc(TweetSet.scala:138)
	at objsets.NonEmpty.filterAcc(TweetSet.scala:138)
	at objsets.NonEmpty.filterAcc(TweetSet.scala:138)
	at objsets.NonEmpty.filterAcc(TweetSet.scala:138)
	at objsets.NonEmpty.filterAcc(TweetSet.scala:138)
	at objsets.NonEmpty.filterAcc(TweetSet.scala:138)
	at objsets.NonEmpty.filterAcc(TweetSet.scala:138)
	at objsets.NonEmpty.filterAcc(TweetSet.scala:138)
	at objsets.NonEmpty.filterAcc(TweetSet.scala:138)
	at objsets.NonEmpty.filterAcc(TweetSet.scala:138)
	at objsets.NonEmpty.filterAcc(TweetSet.scala:138)
	at objsets.NonEmpty.filterAcc(TweetSet.scala:138)
	at objsets.NonEmpty.filterAcc(TweetSet.scala:138)
	at objsets.NonEmpty.filterAcc(TweetSet.scala:138)
	at objsets.NonEmpty.filterAcc(TweetSet.scala:138)
	at objsets.NonEmpty.filterAcc(TweetSet.scala:138)
	at objsets.NonEmpty.filterAcc(TweetSet.scala:138)
	at objsets.NonEmpty.filterAcc(TweetSet.scala:138)
	at objsets.NonEmpty.filterAcc(TweetSet.scala:138)
	at objsets.NonEmpty.filterAcc(TweetSet.scala:138)
	at objsets.NonEmpty.filterAcc(TweetSet.scala:138)
	at objsets.NonEmpty.filterAcc(TweetSet.scala:138)
	at objsets.NonEmpty.filterAcc(TweetSet.scala:138)
	at objsets.NonEmpty.filterAcc(TweetSet.scala:138)
	at objsets.NonEmpty.filterAcc(TweetSet.scala:138)
	at objsets.NonEmpty.filterAcc(TweetSet.scala:138)
	at objsets.NonEmpty.filterAcc(TweetSet.scala:138)
	at objsets.NonEmpty.filterAcc(TweetSet.scala:138)
	at objsets.NonEmpty.filterAcc(TweetSet.scala:138)
	at objsets.NonEmpty.filterAcc(TweetSet.scala:138)
	at objsets.NonEmpty.filterAcc(TweetSet.scala:138)
	at objsets.NonEmpty.filterAcc(TweetSet.scala:138)
	at objsets.NonEmpty.filterAcc(TweetSet.scala:138)
	at objsets.NonEmpty.filterAcc(TweetSet.scala:138)
	at objsets.NonEmpty.filterAcc(TweetSet.scala:138)
	at objsets.NonEmpty.filterAcc(TweetSet.scala:138)
	at objsets.NonEmpty.filterAcc(TweetSet.scala:138)
	at objsets.NonEmpty.filterAcc(TweetSet.scala:138)
	at objsets.NonEmpty.filterAcc(TweetSet.scala:138)
	at objsets.NonEmpty.filterAcc(TweetSet.scala:138)
	at objsets.NonEmpty.filterAcc(TweetSet.scala:138)
	at objsets.NonEmpty.filterAcc(TweetSet.scala:138)
	at objsets.NonEmpty.filterAcc(TweetSet.scala:138)
	at objsets.NonEmpty.filterAcc(TweetSet.scala:138)
	at objsets.NonEmpty.filterAcc(TweetSet.scala:138)
	at objsets.NonEmpty.filterAcc(TweetSet.scala:138)
	at objsets.NonEmpty.filterAcc(TweetSet.scala:138)
	at objsets.NonEmpty.filterAcc(TweetSet.scala:138)
	at objsets.NonEmpty.filterAcc(TweetSet.scala:138)
	at objsets.NonEmpty.filterAcc(TweetSet.scala:138)
	at objsets.NonEmpty.filterAcc(TweetSet.scala:138)
	at objsets.NonEmpty.filterAcc(TweetSet.scala:138)
	at objsets.NonEmpty.filterAcc(TweetSet.scala:138)
	at objsets.NonEmpty.filterAcc(TweetSet.scala:138)
	at objsets.NonEmpty.filterAcc(TweetSet.scala:138)
	at objsets.NonEmpty.filterAcc(TweetSet.scala:138)
	at objsets.NonEmpty.filterAcc(TweetSet.scala:138)
	at objsets.NonEmpty.filterAcc(TweetSet.scala:138)
	at objsets.NonEmpty.filterAcc(TweetSet.scala:138)
	at objsets.NonEmpty.filterAcc(TweetSet.scala:138)
	at objsets.NonEmpty.filterAcc(TweetSet.scala:138)
	at objsets.NonEmpty.filterAcc(TweetSet.scala:138)
	at objsets.NonEmpty.filterAcc(TweetSet.scala:138)
	at objsets.NonEmpty.filterAcc(TweetSet.scala:138)
	at objsets.NonEmpty.filterAcc(TweetSet.scala:138)
	at objsets.NonEmpty.filterAcc(TweetSet.scala:138)
	at objsets.NonEmpty.filterAcc(TweetSet.scala:138)
	at objsets.NonEmpty.filterAcc(TweetSet.scala:138)
	at objsets.NonEmpty.filterAcc(TweetSet.scala:138)
	at objsets.NonEmpty.filterAcc(TweetSet.scala:138)
	at objsets.NonEmpty.filterAcc(TweetSet.scala:138)
	at objsets.NonEmpty.filterAcc(TweetSet.scala:138)
	at objsets.NonEmpty.filterAcc(TweetSet.scala:138)
	at objsets.NonEmpty.filterAcc(TweetSet.scala:138)
	at objsets.NonEmpty.filterAcc(TweetSet.scala:138)
	at objsets.NonEmpty.filterAcc(TweetSet.scala:138)
	at objsets.NonEmpty.filterAcc(TweetSet.scala:138)
	at objsets.NonEmpty.filterAcc(TweetSet.scala:138)
	at objsets.NonEmpty.filterAcc(TweetSet.scala:138)
	at objsets.NonEmpty.filterAcc(TweetSet.scala:138)
	at objsets.NonEmpty.filterAcc(TweetSet.scala:138)
	at objsets.NonEmpty.filterAcc(TweetSet.scala:138)
	at objsets.NonEmpty.filterAcc(TweetSet.scala:138)
	at objsets.NonEmpty.filterAcc(TweetSet.scala:138)
	at objsets.NonEmpty.filterAcc(TweetSet.scala:138)
	at objsets.NonEmpty.filterAcc(TweetSet.scala:138)
	at objsets.NonEmpty.filterAcc(TweetSet.scala:138)
	at objsets.NonEmpty.filterAcc(TweetSet.scala:138)
	at objsets.NonEmpty.filterAcc(TweetSet.scala:138)
	at objsets.NonEmpty.filterAcc(TweetSet.scala:138)
	at objsets.NonEmpty.filterAcc(TweetSet.scala:138)
	at objsets.NonEmpty.filterAcc(TweetSet.scala:138)
	at objsets.NonEmpty.filterAcc(TweetSet.scala:138)
	at objsets.NonEmpty.filterAcc(TweetSet.scala:138)
	at objsets.NonEmpty.filterAcc(TweetSet.scala:138)
	at objsets.NonEmpty.filterAcc(TweetSet.scala:138)
	at objsets.NonEmpty.filterAcc(TweetSet.scala:138)
	at objsets.NonEmpty.filterAcc(TweetSet.scala:138)
	at objsets.NonEmpty.filterAcc(TweetSet.scala:138)
	at objsets.NonEmpty.filterAcc(TweetSet.scala:138)
	at objsets.NonEmpty.filterAcc(TweetSet.scala:138)
	at objsets.NonEmpty.filterAcc(TweetSet.scala:138)
	at objsets.NonEmpty.filterAcc(TweetSet.scala:138)
	at objsets.NonEmpty.filterAcc(TweetSet.scala:138)
	at objsets.NonEmpty.filterAcc(TweetSet.scala:138)
	at objsets.NonEmpty.filterAcc(TweetSet.scala:138)
	at objsets.NonEmpty.filterAcc(TweetSet.scala:138)
	at objsets.NonEmpty.filterAcc(TweetSet.scala:138)
	at objsets.NonEmpty.filterAcc(TweetSet.scala:138)
	at objsets.NonEmpty.filterAcc(TweetSet.scala:138)
	at objsets.NonEmpty.filterAcc(TweetSet.scala:138)
	at objsets.NonEmpty.filterAcc(TweetSet.scala:138)
	at objsets.NonEmpty.filterAcc(TweetSet.scala:138)
	at objsets.NonEmpty.filterAcc(TweetSet.scala:138)
	at objsets.NonEmpty.filterAcc(TweetSet.scala:138)
	at objsets.NonEmpty.filterAcc(TweetSet.scala:138)
	at objsets.NonEmpty.filterAcc(TweetSet.scala:138)
	at objsets.NonEmpty.filterAcc(TweetSet.scala:138)
	at objsets.NonEmpty.filterAcc(TweetSet.scala:138)
	at objsets.NonEmpty.filterAcc(TweetSet.scala:138)
	at objsets.NonEmpty.filterAcc(TweetSet.scala:138)
	at objsets.NonEmpty.filterAcc(TweetSet.scala:138)
	at objsets.NonEmpty.filterAcc(TweetSet.scala:138)
	at objsets.NonEmpty.filterAcc(TweetSet.scala:138)
	at objsets.NonEmpty.filterAcc(TweetSet.scala:138)
	at objsets.NonEmpty.filterAcc(TweetSet.scala:138)
	at objsets.NonEmpty.filterAcc(TweetSet.scala:138)
	at objsets.NonEmpty.filterAcc(TweetSet.scala:138)
	at objsets.NonEmpty.filterAcc(TweetSet.scala:138)
	at objsets.NonEmpty.filterAcc(TweetSet.scala:138)
	at objsets.NonEmpty.filterAcc(TweetSet.scala:138)
	at objsets.NonEmpty.filterAcc(TweetSet.scala:138)
	at objsets.NonEmpty.filterAcc(TweetSet.scala:138)
	at objsets.NonEmpty.filterAcc(TweetSet.scala:138)
	at objsets.NonEmpty.filterAcc(TweetSet.scala:138)
	at objsets.NonEmpty.filterAcc(TweetSet.scala:138)
	at objsets.NonEmpty.filterAcc(TweetSet.scala:138)
	at objsets.NonEmpty.filterAcc(TweetSet.scala:138)
	at objsets.NonEmpty.filterAcc(TweetSet.scala:138)
	at objsets.NonEmpty.filterAcc(TweetSet.scala:138)
	at objsets.NonEmpty.filterAcc(TweetSet.scala:138)
	at objsets.NonEmpty.filterAcc(TweetSet.scala:138)
	at objsets.NonEmpty.filterAcc(TweetSet.scala:138)
	at objsets.NonEmpty.filterAcc(TweetSet.scala:138)
	at objsets.NonEmpty.filterAcc(TweetSet.scala:138)
	at objsets.NonEmpty.filterAcc(TweetSet.scala:138)
	at objsets.NonEmpty.filterAcc(TweetSet.scala:138)
	at objsets.NonEmpty.filterAcc(TweetSet.scala:138)
	at objsets.NonEmpty.filterAcc(TweetSet.scala:138)
	at objsets.NonEmpty.filterAcc(TweetSet.scala:138)
	at objsets.NonEmpty.filterAcc(TweetSet.scala:138)
	at objsets.NonEmpty.filterAcc(TweetSet.scala:138)
	at objsets.NonEmpty.filterAcc(TweetSet.scala:138)
	at objsets.NonEmpty.filterAcc(TweetSet.scala:138)
	at objsets.NonEmpty.filterAcc(TweetSet.scala:138)
	at objsets.NonEmpty.filterAcc(TweetSet.scala:138)
	at objsets.NonEmpty.filterAcc(TweetSet.scala:138)
	at objsets.NonEmpty.filterAcc(TweetSet.scala:138)
	at objsets.NonEmpty.filterAcc(TweetSet.scala:138)
	at objsets.NonEmpty.filterAcc(TweetSet.scala:138)
	at objsets.NonEmpty.filterAcc(TweetSet.scala:138)
	at objsets.NonEmpty.filterAcc(TweetSet.scala:138)
	at objsets.NonEmpty.filterAcc(TweetSet.scala:138)
	at objsets.NonEmpty.filterAcc(TweetSet.scala:138)
	at objsets.NonEmpty.filterAcc(TweetSet.scala:138)
	at objsets.NonEmpty.filterAcc(TweetSet.scala:138)
	at objsets.NonEmpty.filterAcc(TweetSet.scala:138)
	at objsets.NonEmpty.filterAcc(TweetSet.scala:138)
	at objsets.NonEmpty.filterAcc(TweetSet.scala:138)
	at objsets.NonEmpty.filterAcc(TweetSet.scala:138)
	at objsets.NonEmpty.filterAcc(TweetSet.scala:138)
	at objsets.NonEmpty.filterAcc(TweetSet.scala:138)
	at objsets.NonEmpty.filterAcc(TweetSet.scala:138)
	at objsets.NonEmpty.filterAcc(TweetSet.scala:138)
	at objsets.NonEmpty.filterAcc(TweetSet.scala:138)
	at objsets.NonEmpty.filterAcc(TweetSet.scala:138)
	at objsets.NonEmpty.filterAcc(TweetSet.scala:138)
	at objsets.NonEmpty.filterAcc(TweetSet.scala:138)
	at objsets.NonEmpty.filterAcc(TweetSet.scala:138)
	at objsets.NonEmpty.filterAcc(TweetSet.scala:138)
	at objsets.NonEmpty.filterAcc(TweetSet.scala:138)
	at objsets.NonEmpty.filterAcc(TweetSet.scala:138)
	at objsets.NonEmpty.filterAcc(TweetSet.scala:138)
	at objsets.NonEmpty.filterAcc(TweetSet.scala:138)
	at objsets.NonEmpty.filterAcc(TweetSet.scala:138)
	at objsets.NonEmpty.filterAcc(TweetSet.scala:138)
	at objsets.NonEmpty.filterAcc(TweetSet.scala:138)
	at objsets.NonEmpty.filterAcc(TweetSet.scala:138)
	at objsets.NonEmpty.filterAcc(TweetSet.scala:138)
	at objsets.NonEmpty.filterAcc(TweetSet.scala:138)
	at objsets.NonEmpty.filterAcc(TweetSet.scala:138)
	at objsets.NonEmpty.filterAcc(TweetSet.scala:138)
	at objsets.NonEmpty.filterAcc(TweetSet.scala:138)
	at objsets.NonEmpty.filterAcc(TweetSet.scala:138)
	at objsets.NonEmpty.filterAcc(TweetSet.scala:138)
	at objsets.NonEmpty.filterAcc(TweetSet.scala:138)
	at objsets.NonEmpty.filterAcc(TweetSet.scala:138)
	at objsets.NonEmpty.filterAcc(TweetSet.scala:138)
	at objsets.NonEmpty.filterAcc(TweetSet.scala:138)
	at objsets.NonEmpty.filterAcc(TweetSet.scala:138)
	at objsets.NonEmpty.filterAcc(TweetSet.scala:138)
	at objsets.NonEmpty.filterAcc(TweetSet.scala:138)
	at objsets.NonEmpty.filterAcc(TweetSet.scala:138)
	at objsets.NonEmpty.filterAcc(TweetSet.scala:138)
	at objsets.NonEmpty.filterAcc(TweetSet.scala:138)
	at objsets.NonEmpty.filterAcc(TweetSet.scala:138)
	at objsets.NonEmpty.filterAcc(TweetSet.scala:138)
	at objsets.NonEmpty.filterAcc(TweetSet.scala:138)
	at objsets.NonEmpty.filterAcc(TweetSet.scala:138)
	at objsets.NonEmpty.filterAcc(TweetSet.scala:138)
	at objsets.NonEmpty.filterAcc(TweetSet.scala:138)
	at objsets.NonEmpty.filterAcc(TweetSet.scala:138)
	at objsets.NonEmpty.filterAcc(TweetSet.scala:138)
	at objsets.NonEmpty.filterAcc(TweetSet.scala:138)
	at objsets.NonEmpty.filterAcc(TweetSet.scala:138)
	at objsets.NonEmpty.filterAcc(TweetSet.scala:138)
	at objsets.NonEmpty.filterAcc(TweetSet.scala:138)
	at objsets.NonEmpty.filterAcc(TweetSet.scala:138)
	at objsets.NonEmpty.filterAcc(TweetSet.scala:138)
	at objsets.NonEmpty.filterAcc(TweetSet.scala:138)
	at objsets.NonEmpty.filterAcc(TweetSet.scala:138)
	at objsets.NonEmpty.filterAcc(TweetSet.scala:138)
	at objsets.NonEmpty.filterAcc(TweetSet.scala:138)
	at objsets.NonEmpty.filterAcc(TweetSet.scala:138)
	at objsets.NonEmpty.filterAcc(TweetSet.scala:138)
	at objsets.NonEmpty.filterAcc(TweetSet.scala:138)
	at objsets.NonEmpty.filterAcc(TweetSet.scala:138)
	at objsets.NonEmpty.filterAcc(TweetSet.scala:138)
	at objsets.NonEmpty.filterAcc(TweetSet.scala:138)
	at objsets.NonEmpty.filterAcc(TweetSet.scala:138)
	at objsets.NonEmpty.filterAcc(TweetSet.scala:138)
	at objsets.NonEmpty.filterAcc(TweetSet.scala:138)
	at objsets.NonEmpty.filterAcc(TweetSet.scala:138)
	at objsets.NonEmpty.filterAcc(TweetSet.scala:138)
	at objsets.NonEmpty.filterAcc(TweetSet.scala:138)
	at objsets.NonEmpty.filterAcc(TweetSet.scala:138)
	at objsets.NonEmpty.filterAcc(TweetSet.scala:138)
	at objsets.NonEmpty.filterAcc(TweetSet.scala:138)
	at objsets.NonEmpty.filterAcc(TweetSet.scala:138)
	at objsets.NonEmpty.filterAcc(TweetSet.scala:138)
	at objsets.NonEmpty.filterAcc(TweetSet.scala:138)
	at objsets.NonEmpty.filterAcc(TweetSet.scala:138)
	at objsets.NonEmpty.filterAcc(TweetSet.scala:138)
	at objsets.NonEmpty.filterAcc(TweetSet.scala:138)
	at objsets.NonEmpty.filterAcc(TweetSet.scala:138)
	at objsets.NonEmpty.filterAcc(TweetSet.scala:138)
	at objsets.NonEmpty.filterAcc(TweetSet.scala:138)
	at objsets.NonEmpty.filterAcc(TweetSet.scala:138)
	at objsets.NonEmpty.filterAcc(TweetSet.scala:138)
	at objsets.NonEmpty.filterAcc(TweetSet.scala:138)
	at objsets.NonEmpty.filterAcc(TweetSet.scala:138)
	at objsets.NonEmpty.filterAcc(TweetSet.scala:138)
	at objsets.NonEmpty.filterAcc(TweetSet.scala:138)
	at objsets.NonEmpty.filterAcc(TweetSet.scala:138)
	at objsets.NonEmpty.filterAcc(TweetSet.scala:138)
	at objsets.NonEmpty.filterAcc(TweetSet.scala:138)
	at objsets.NonEmpty.filterAcc(TweetSet.scala:138)
	at objsets.NonEmpty.filterAcc(TweetSet.scala:138)
	at objsets.NonEmpty.filterAcc(TweetSet.scala:138)
	at objsets.NonEmpty.filterAcc(TweetSet.scala:138)
	at objsets.NonEmpty.filterAcc(TweetSet.scala:138)
	at objsets.NonEmpty.filterAcc(TweetSet.scala:138)
	at objsets.NonEmpty.filterAcc(TweetSet.scala:138)
	at objsets.NonEmpty.filterAcc(TweetSet.scala:138)
	at objsets.NonEmpty.filterAcc(TweetSet.scala:138)
	at objsets.NonEmpty.filterAcc(TweetSet.scala:138)
	at objsets.NonEmpty.filterAcc(TweetSet.scala:138)
	at objsets.NonEmpty.filterAcc(TweetSet.scala:138)
	at objsets.NonEmpty.filterAcc(TweetSet.scala:138)
	at objsets.NonEmpty.filterAcc(TweetSet.scala:138)
	at objsets.NonEmpty.filterAcc(TweetSet.scala:138)
	at objsets.NonEmpty.filterAcc(TweetSet.scala:138)
	at objsets.NonEmpty.filterAcc(TweetSet.scala:138)
	at objsets.NonEmpty.filterAcc(TweetSet.scala:138)
	at objsets.NonEmpty.filterAcc(TweetSet.scala:138)
	at objsets.NonEmpty.filterAcc(TweetSet.scala:138)
	at objsets.NonEmpty.filterAcc(TweetSet.scala:138)
	at objsets.NonEmpty.filterAcc(TweetSet.scala:138)
	at objsets.NonEmpty.filterAcc(TweetSet.scala:138)
	at objsets.NonEmpty.filterAcc(TweetSet.scala:138)
	at objsets.NonEmpty.filterAcc(TweetSet.scala:138)
	at objsets.NonEmpty.filterAcc(TweetSet.scala:138)
	at objsets.NonEmpty.filterAcc(TweetSet.scala:138)
	at objsets.NonEmpty.filterAcc(TweetSet.scala:138)
	at objsets.NonEmpty.filterAcc(TweetSet.scala:138)
	at objsets.NonEmpty.filterAcc(TweetSet.scala:138)
	at objsets.NonEmpty.filterAcc(TweetSet.scala:138)
	at objsets.NonEmpty.filterAcc(TweetSet.scala:138)
	at objsets.NonEmpty.filterAcc(TweetSet.scala:138)
	at objsets.NonEmpty.filterAcc(TweetSet.scala:138)
	at objsets.NonEmpty.filterAcc(TweetSet.scala:138)
	at objsets.NonEmpty.filterAcc(TweetSet.scala:138)
	at objsets.NonEmpty.filterAcc(TweetSet.scala:138)
	at objsets.NonEmpty.filterAcc(TweetSet.scala:138)
	at objsets.NonEmpty.filterAcc(TweetSet.scala:138)
	at objsets.NonEmpty.filterAcc(TweetSet.scala:138)
	at objsets.NonEmpty.filterAcc(TweetSet.scala:138)
	at objsets.NonEmpty.filterAcc(TweetSet.scala:138)
	at objsets.NonEmpty.filterAcc(TweetSet.scala:138)
	at objsets.NonEmpty.filterAcc(TweetSet.scala:138)
	at objsets.NonEmpty.filterAcc(TweetSet.scala:138)
	at objsets.NonEmpty.filterAcc(TweetSet.scala:138)
	at objsets.NonEmpty.filterAcc(TweetSet.scala:138)
	at objsets.NonEmpty.filterAcc(TweetSet.scala:138)
	at objsets.NonEmpty.filterAcc(TweetSet.scala:138)
	at objsets.NonEmpty.filterAcc(TweetSet.scala:138)
	at objsets.NonEmpty.filterAcc(TweetSet.scala:138)
	at objsets.NonEmpty.filterAcc(TweetSet.scala:138)
	at objsets.NonEmpty.filterAcc(TweetSet.scala:138)
	at objsets.NonEmpty.filterAcc(TweetSet.scala:138)
	at objsets.NonEmpty.filterAcc(TweetSet.scala:138)
	at objsets.NonEmpty.filterAcc(TweetSet.scala:138)
	at objsets.NonEmpty.filterAcc(TweetSet.scala:138)
	at objsets.NonEmpty.filterAcc(TweetSet.scala:138)
	at objsets.NonEmpty.filterAcc(TweetSet.scala:138)
	at objsets.NonEmpty.filterAcc(TweetSet.scala:138)
	at objsets.NonEmpty.filterAcc(TweetSet.scala:138)
	at objsets.NonEmpty.filterAcc(TweetSet.scala:138)
	at objsets.NonEmpty.filterAcc(TweetSet.scala:138)
	at objsets.NonEmpty.filterAcc(TweetSet.scala:138)
	at objsets.NonEmpty.filterAcc(TweetSet.scala:138)
	at objsets.NonEmpty.filterAcc(TweetSet.scala:138)
	at objsets.NonEmpty.filterAcc(TweetSet.scala:138)
	at objsets.NonEmpty.filterAcc(TweetSet.scala:138)
	at objsets.NonEmpty.filterAcc(TweetSet.scala:138)
	at objsets.NonEmpty.filterAcc(TweetSet.scala:138)
	at objsets.NonEmpty.filterAcc(TweetSet.scala:138)
	at objsets.NonEmpty.filterAcc(TweetSet.scala:138)
	at objsets.NonEmpty.filterAcc(TweetSet.scala:138)
	at objsets.NonEmpty.filterAcc(TweetSet.scala:138)
	at objsets.NonEmpty.filterAcc(TweetSet.scala:138)
	at objsets.NonEmpty.filterAcc(TweetSet.scala:138)
	at objsets.NonEmpty.filterAcc(TweetSet.scala:138)
	at objsets.NonEmpty.filterAcc(TweetSet.scala:138)
	at objsets.NonEmpty.filterAcc(TweetSet.scala:138)
	at objsets.NonEmpty.filterAcc(TweetSet.scala:138)
	at objsets.NonEmpty.filterAcc(TweetSet.scala:138)
	at objsets.NonEmpty.filterAcc(TweetSet.scala:138)
	at objsets.NonEmpty.filterAcc(TweetSet.scala:138)
	at objsets.NonEmpty.filterAcc(TweetSet.scala:138)
	at objsets.NonEmpty.filterAcc(TweetSet.scala:138)
	at objsets.NonEmpty.filterAcc(TweetSet.scala:138)
	at objsets.NonEmpty.filterAcc(TweetSet.scala:138)
	at objsets.NonEmpty.filterAcc(TweetSet.scala:138)
	at objsets.NonEmpty.filterAcc(TweetSet.scala:138)
	at objsets.NonEmpty.filterAcc(TweetSet.scala:138)
	at objsets.NonEmpty.filterAcc(TweetSet.scala:138)
	at objsets.NonEmpty.filterAcc(TweetSet.scala:138)
	at objsets.NonEmpty.filterAcc(TweetSet.scala:138)
	at objsets.NonEmpty.filterAcc(TweetSet.scala:138)
	at objsets.NonEmpty.filterAcc(TweetSet.scala:138)
	at objsets.NonEmpty.filterAcc(TweetSet.scala:138)
	at objsets.NonEmpty.filterAcc(TweetSet.scala:138)
	at objsets.NonEmpty.filterAcc(TweetSet.scala:138)
	at objsets.NonEmpty.filterAcc(TweetSet.scala:138)
	at objsets.NonEmpty.filterAcc(TweetSet.scala:138)
	at objsets.NonEmpty.filterAcc(TweetSet.scala:138)
	at objsets.NonEmpty.filterAcc(TweetSet.scala:138)
	at objsets.NonEmpty.filterAcc(TweetSet.scala:138)
	at objsets.NonEmpty.filterAcc(TweetSet.scala:138)
	at objsets.NonEmpty.filterAcc(TweetSet.scala:138)
	at objsets.NonEmpty.filterAcc(TweetSet.scala:138)
	at objsets.NonEmpty.filterAcc(TweetSet.scala:138)
	at objsets.NonEmpty.filterAcc(TweetSet.scala:138)
	at objsets.NonEmpty.filterAcc(TweetSet.scala:138)
	at objsets.NonEmpty.filterAcc(TweetSet.scala:138)
	at objsets.NonEmpty.filterAcc(TweetSet.scala:138)
	at objsets.NonEmpty.filterAcc(TweetSet.scala:138)
	at objsets.NonEmpty.filterAcc(TweetSet.scala:138)
	at objsets.NonEmpty.filterAcc(TweetSet.scala:138)
	at objsets.NonEmpty.filterAcc(TweetSet.scala:138)
	at objsets.NonEmpty.filterAcc(TweetSet.scala:138)
	at objsets.NonEmpty.filterAcc(TweetSet.scala:138)
	at objsets.NonEmpty.filterAcc(TweetSet.scala:138)
	at objsets.NonEmpty.filterAcc(TweetSet.scala:138)
	at objsets.NonEmpty.filterAcc(TweetSet.scala:138)
	at objsets.NonEmpty.filterAcc(TweetSet.scala:138)
	at objsets.NonEmpty.filterAcc(TweetSet.scala:138)
	at objsets.NonEmpty.filterAcc(TweetSet.scala:138)
	at objsets.NonEmpty.filterAcc(TweetSet.scala:138)
	at objsets.NonEmpty.filterAcc(TweetSet.scala:138)
	at objsets.NonEmpty.filterAcc(TweetSet.scala:138)
	at objsets.NonEmpty.filterAcc(TweetSet.scala:138)
	at objsets.NonEmpty.filterAcc(TweetSet.scala:138)
	at objsets.NonEmpty.filterAcc(TweetSet.scala:138)
	at objsets.NonEmpty.filterAcc(TweetSet.scala:138)
	at objsets.NonEmpty.filterAcc(TweetSet.scala:138)
	at objsets.NonEmpty.filterAcc(TweetSet.scala:138)
	at objsets.NonEmpty.filterAcc(TweetSet.scala:138)
	at objsets.NonEmpty.filterAcc(TweetSet.scala:138)
	at objsets.NonEmpty.filterAcc(TweetSet.scala:138)
	at objsets.NonEmpty.filterAcc(TweetSet.scala:138)
	at objsets.NonEmpty.filterAcc(TweetSet.scala:138)
	at objsets.NonEmpty.filterAcc(TweetSet.scala:138)
	at objsets.NonEmpty.filterAcc(TweetSet.scala:138)
	at objsets.NonEmpty.filterAcc(TweetSet.scala:138)
	at objsets.NonEmpty.filterAcc(TweetSet.scala:138)
	at objsets.NonEmpty.filterAcc(TweetSet.scala:138)
	at objsets.NonEmpty.filterAcc(TweetSet.scala:138)
	at objsets.NonEmpty.filterAcc(TweetSet.scala:138)
	at objsets.NonEmpty.filterAcc(TweetSet.scala:138)
	at objsets.NonEmpty.filterAcc(TweetSet.scala:138)
	at objsets.NonEmpty.filterAcc(TweetSet.scala:138)
	at objsets.NonEmpty.filterAcc(TweetSet.scala:138)
	at objsets.NonEmpty.filterAcc(TweetSet.scala:138)
	at objsets.NonEmpty.filterAcc(TweetSet.scala:138)
	at objsets.NonEmpty.filterAcc(TweetSet.scala:138)
	at objsets.NonEmpty.filterAcc(TweetSet.scala:138)
	at objsets.NonEmpty.filterAcc(TweetSet.scala:138)
	at objsets.NonEmpty.filterAcc(TweetSet.scala:138)
	at objsets.NonEmpty.filterAcc(TweetSet.scala:138)
	at objsets.NonEmpty.filterAcc(TweetSet.scala:138)
	at objsets.NonEmpty.filterAcc(TweetSet.scala:138)
	at objsets.NonEmpty.filterAcc(TweetSet.scala:138)
	at objsets.NonEmpty.filterAcc(TweetSet.scala:138)
	at objsets.NonEmpty.filterAcc(TweetSet.scala:138)
	at objsets.NonEmpty.filterAcc(TweetSet.scala:138)
	at objsets.NonEmpty.filterAcc(TweetSet.scala:138)
	at objsets.NonEmpty.filterAcc(TweetSet.scala:138)
	at objsets.NonEmpty.filterAcc(TweetSet.scala:138)
	at objsets.NonEmpty.filterAcc(TweetSet.scala:138)
	at objsets.NonEmpty.filterAcc(TweetSet.scala:138)
	at objsets.NonEmpty.filterAcc(TweetSet.scala:138)
	at objsets.NonEmpty.filterAcc(TweetSet.scala:138)
	at objsets.NonEmpty.filterAcc(TweetSet.scala:138)
	at objsets.NonEmpty.filterAcc(TweetSet.scala:138)
	at objsets.NonEmpty.filterAcc(TweetSet.scala:138)
	at objsets.NonEmpty.filterAcc(TweetSet.scala:138)
	at objsets.NonEmpty.filterAcc(TweetSet.scala:138)
	at objsets.NonEmpty.filterAcc(TweetSet.scala:138)
	at objsets.NonEmpty.filterAcc(TweetSet.scala:138)
	at objsets.NonEmpty.filterAcc(TweetSet.scala:138)
	at objsets.NonEmpty.filterAcc(TweetSet.scala:138)
	at objsets.NonEmpty.filterAcc(TweetSet.scala:138)
	at objsets.NonEmpty.filterAcc(TweetSet.scala:138)
	at objsets.NonEmpty.filterAcc(TweetSet.scala:138)
	at objsets.NonEmpty.filterAcc(TweetSet.scala:138)
	at objsets.NonEmpty.filterAcc(TweetSet.scala:138)
	at objsets.NonEmpty.filterAcc(TweetSet.scala:138)
	at objsets.NonEmpty.filterAcc(TweetSet.scala:138)
	at objsets.NonEmpty.filterAcc(TweetSet.scala:138)
	at objsets.NonEmpty.filterAcc(TweetSet.scala:138)
	at objsets.NonEmpty.filterAcc(TweetSet.scala:138)
	at objsets.NonEmpty.filterAcc(TweetSet.scala:138)
	at objsets.NonEmpty.filterAcc(TweetSet.scala:138)
	at objsets.NonEmpty.filterAcc(TweetSet.scala:138)
	at objsets.NonEmpty.filterAcc(TweetSet.scala:138)
	at objsets.NonEmpty.filterAcc(TweetSet.scala:138)
	at objsets.NonEmpty.filterAcc(TweetSet.scala:138)
	at objsets.NonEmpty.filterAcc(TweetSet.scala:138)
	at objsets.NonEmpty.filterAcc(TweetSet.scala:138)
	at objsets.NonEmpty.filterAcc(TweetSet.scala:138)
	at objsets.NonEmpty.filterAcc(TweetSet.scala:138)
	at objsets.NonEmpty.filterAcc(TweetSet.scala:138)
	at objsets.NonEmpty.filterAcc(TweetSet.scala:138)
	at objsets.NonEmpty.filterAcc(TweetSet.scala:138)
	at objsets.NonEmpty.filterAcc(TweetSet.scala:138)
	at objsets.NonEmpty.filterAcc(TweetSet.scala:138)
	at objsets.NonEmpty.filterAcc(TweetSet.scala:138)
	at objsets.NonEmpty.filterAcc(TweetSet.scala:138)
	at objsets.NonEmpty.filterAcc(TweetSet.scala:138)
	at objsets.NonEmpty.filterAcc(TweetSet.scala:138)
	at objsets.NonEmpty.filterAcc(TweetSet.scala:138)
	at objsets.NonEmpty.filterAcc(TweetSet.scala:138)
	at objsets.NonEmpty.filterAcc(TweetSet.scala:138)
	at objsets.NonEmpty.filterAcc(TweetSet.scala:138)
	at objsets.NonEmpty.filterAcc(TweetSet.scala:138)
	at objsets.NonEmpty.filterAcc(TweetSet.scala:138)
	at objsets.NonEmpty.filterAcc(TweetSet.scala:138)
	at objsets.NonEmpty.filterAcc(TweetSet.scala:138)
	at objsets.NonEmpty.filterAcc(TweetSet.scala:138)
	at objsets.NonEmpty.filterAcc(TweetSet.scala:138)
	at objsets.NonEmpty.filterAcc(TweetSet.scala:138)
	at objsets.NonEmpty.filterAcc(TweetSet.scala:138)
	at objsets.NonEmpty.filterAcc(TweetSet.scala:138)
	at objsets.NonEmpty.filterAcc(TweetSet.scala:138)
	at objsets.NonEmpty.filterAcc(TweetSet.scala:138)
	at objsets.NonEmpty.filterAcc(TweetSet.scala:138)
	at objsets.NonEmpty.filterAcc(TweetSet.scala:138)
	at objsets.NonEmpty.filterAcc(TweetSet.scala:138)
	at objsets.NonEmpty.filterAcc(TweetSet.scala:138)
	at objsets.NonEmpty.filterAcc(TweetSet.scala:138)
	at objsets.NonEmpty.filterAcc(TweetSet.scala:138)
	at objsets.NonEmpty.filterAcc(TweetSet.scala:138)
	at objsets.NonEmpty.filterAcc(TweetSet.scala:138)
	at objsets.NonEmpty.filterAcc(TweetSet.scala:138)
	at objsets.NonEmpty.filterAcc(TweetSet.scala:138)
	at objsets.NonEmpty.filterAcc(TweetSet.scala:138)
	at objsets.NonEmpty.filterAcc(TweetSet.scala:138)
	at objsets.NonEmpty.filterAcc(TweetSet.scala:138)
	at objsets.NonEmpty.filterAcc(TweetSet.scala:138)
	at objsets.NonEmpty.filterAcc(TweetSet.scala:138)
	at objsets.NonEmpty.filterAcc(TweetSet.scala:138)
	at objsets.NonEmpty.filterAcc(TweetSet.scala:138)
	at objsets.NonEmpty.filterAcc(TweetSet.scala:138)
	at objsets.NonEmpty.filterAcc(TweetSet.scala:138)
	at objsets.NonEmpty.filterAcc(TweetSet.scala:138)
	at objsets.NonEmpty.filterAcc(TweetSet.scala:138)
	at objsets.NonEmpty.filterAcc(TweetSet.scala:138)
	at objsets.NonEmpty.filterAcc(TweetSet.scala:138)
	at objsets.NonEmpty.filterAcc(TweetSet.scala:138)
	at objsets.NonEmpty.filterAcc(TweetSet.scala:138)
	at objsets.NonEmpty.filterAcc(TweetSet.scala:138)
	at objsets.NonEmpty.filterAcc(TweetSet.scala:138)
	at objsets.NonEmpty.filterAcc(TweetSet.scala:138)
	at objsets.NonEmpty.filterAcc(TweetSet.scala:138)
	at objsets.NonEmpty.filterAcc(TweetSet.scala:138)
	at objsets.NonEmpty.filterAcc(TweetSet.scala:138)
	at objsets.NonEmpty.filterAcc(TweetSet.scala:138)
	at objsets.NonEmpty.filterAcc(TweetSet.scala:138)
	at objsets.NonEmpty.filterAcc(TweetSet.scala:138)
	at objsets.NonEmpty.filterAcc(TweetSet.scala:138)
	at objsets.NonEmpty.filterAcc(TweetSet.scala:138)
	at objsets.NonEmpty.filterAcc(TweetSet.scala:138)
	at objsets.NonEmpty.filterAcc(TweetSet.scala:138)
	at objsets.NonEmpty.filterAcc(TweetSet.scala:138)
	at objsets.NonEmpty.filterAcc(TweetSet.scala:138)
	at objsets.NonEmpty.filterAcc(TweetSet.scala:138)
	at objsets.NonEmpty.filterAcc(TweetSet.scala:138)
	at objsets.NonEmpty.filterAcc(TweetSet.scala:138)
	at objsets.NonEmpty.filterAcc(TweetSet.scala:138)
	at objsets.NonEmpty.filterAcc(TweetSet.scala:138)
	at objsets.NonEmpty.filterAcc(TweetSet.scala:138)
	at objsets.NonEmpty.filterAcc(TweetSet.scala:138)
	at objsets.NonEmpty.filterAcc(TweetSet.scala:138)
	at objsets.NonEmpty.filterAcc(TweetSet.scala:138)
	at objsets.NonEmpty.filterAcc(TweetSet.scala:138)
	at objsets.NonEmpty.filterAcc(TweetSet.scala:138)
	at objsets.NonEmpty.filterAcc(TweetSet.scala:138)
	at objsets.NonEmpty.filterAcc(TweetSet.scala:138)
	at objsets.NonEmpty.filterAcc(TweetSet.scala:138)
	at objsets.NonEmpty.filterAcc(TweetSet.scala:138)
	at objsets.NonEmpty.filterAcc(TweetSet.scala:138)
	at objsets.NonEmpty.filterAcc(TweetSet.scala:138)
	at objsets.NonEmpty.filterAcc(TweetSet.scala:138)
	at objsets.NonEmpty.filterAcc(TweetSet.scala:138)
	at objsets.NonEmpty.filterAcc(TweetSet.scala:138)
	at objsets.NonEmpty.filterAcc(TweetSet.scala:138)
	at objsets.NonEmpty.filterAcc(TweetSet.scala:138)
	at objsets.NonEmpty.filterAcc(TweetSet.scala:138)
	at objsets.NonEmpty.filterAcc(TweetSet.scala:138)
	at objsets.NonEmpty.filterAcc(TweetSet.scala:138)
	at objsets.NonEmpty.filterAcc(TweetSet.scala:138)
	at objsets.NonEmpty.filterAcc(TweetSet.scala:138)
	at objsets.NonEmpty.filterAcc(TweetSet.scala:138)
	at objsets.NonEmpty.filterAcc(TweetSet.scala:138)
	at objsets.NonEmpty.filterAcc(TweetSet.scala:138)
	at objsets.NonEmpty.filterAcc(TweetSet.scala:138)
	at objsets.NonEmpty.filterAcc(TweetSet.scala:138)
	at objsets.NonEmpty.filterAcc(TweetSet.scala:138)
	at objsets.NonEmpty.filterAcc(TweetSet.scala:138)
	at objsets.NonEmpty.filterAcc(TweetSet.scala:138)
	at objsets.NonEmpty.filterAcc(TweetSet.scala:138)
	at objsets.NonEmpty.filterAcc(TweetSet.scala:138)
	at objsets.NonEmpty.filterAcc(TweetSet.scala:138)
	at objsets.NonEmpty.filterAcc(TweetSet.scala:138)
	at objsets.NonEmpty.filterAcc(TweetSet.scala:138)
	at objsets.NonEmpty.filterAcc(TweetSet.scala:138)
	at objsets.NonEmpty.filterAcc(TweetSet.scala:138)
	at objsets.NonEmpty.filterAcc(TweetSet.scala:138)
	at objsets.NonEmpty.filterAcc(TweetSet.scala:138)
	at objsets.NonEmpty.filterAcc(TweetSet.scala:138)
	at objsets.NonEmpty.filterAcc(TweetSet.scala:138)
	at objsets.NonEmpty.filterAcc(TweetSet.scala:138)
	at objsets.NonEmpty.filterAcc(TweetSet.scala:138)
	at objsets.NonEmpty.filterAcc(TweetSet.scala:138)
	at objsets.NonEmpty.filterAcc(TweetSet.scala:138)
	at objsets.NonEmpty.filterAcc(TweetSet.scala:138)
	at objsets.NonEmpty.filterAcc(TweetSet.scala:138)
	at objsets.NonEmpty.filterAcc(TweetSet.scala:138)
	at objsets.NonEmpty.filterAcc(TweetSet.scala:138)
	at objsets.NonEmpty.filterAcc(TweetSet.scala:138)
	at objsets.NonEmpty.filterAcc(TweetSet.scala:138)
	at objsets.NonEmpty.filterAcc(TweetSet.scala:138)
	at objsets.NonEmpty.filterAcc(TweetSet.scala:138)
	at objsets.NonEmpty.filterAcc(TweetSet.scala:138)
	at objsets.NonEmpty.filterAcc(TweetSet.scala:138)
	at objsets.NonEmpty.filterAcc(TweetSet.scala:138)
	at objsets.NonEmpty.filterAcc(TweetSet.scala:138)
	at objsets.NonEmpty.filterAcc(TweetSet.scala:138)
	at objsets.NonEmpty.filterAcc(TweetSet.scala:138)
	at objsets.NonEmpty.filterAcc(TweetSet.scala:138)
	at objsets.NonEmpty.filterAcc(TweetSet.scala:138)
	at objsets.NonEmpty.filterAcc(TweetSet.scala:138)
	at objsets.NonEmpty.filterAcc(TweetSet.scala:138)
	at objsets.NonEmpty.filterAcc(TweetSet.scala:138)
	at objsets.NonEmpty.filterAcc(TweetSet.scala:138)
	at objsets.NonEmpty.filterAcc(TweetSet.scala:138)
	at objsets.NonEmpty.filterAcc(TweetSet.scala:138)
	at objsets.NonEmpty.filterAcc(TweetSet.scala:138)
	at objsets.NonEmpty.filterAcc(TweetSet.scala:138)
	at objsets.NonEmpty.filterAcc(TweetSet.scala:138)
	at objsets.NonEmpty.filterAcc(TweetSet.scala:138)
	at objsets.NonEmpty.filterAcc(TweetSet.scala:138)
	at objsets.NonEmpty.filterAcc(TweetSet.scala:138)
	at objsets.NonEmpty.filterAcc(TweetSet.scala:138)
	at objsets.NonEmpty.filterAcc(TweetSet.scala:138)
	at objsets.NonEmpty.filterAcc(TweetSet.scala:138)
	at objsets.NonEmpty.filterAcc(TweetSet.scala:138)
	at objsets.NonEmpty.filterAcc(TweetSet.scala:138)
	at objsets.NonEmpty.filterAcc(TweetSet.scala:138)
	at objsets.NonEmpty.filterAcc(TweetSet.scala:138)
	at objsets.NonEmpty.filterAcc(TweetSet.scala:138)
	at objsets.NonEmpty.filterAcc(TweetSet.scala:138)
	at objsets.NonEmpty.filterAcc(TweetSet.scala:138)
	at objsets.NonEmpty.filterAcc(TweetSet.scala:138)
	at objsets.NonEmpty.filterAcc(TweetSet.scala:138)
	at objsets.NonEmpty.filterAcc(TweetSet.scala:138)
	at objsets.NonEmpty.filterAcc(TweetSet.scala:138)
	at objsets.NonEmpty.filterAcc(TweetSet.scala:138)
	at objsets.NonEmpty.filterAcc(TweetSet.scala:138)
	at objsets.NonEmpty.filterAcc(TweetSet.scala:138)
	at objsets.NonEmpty.filterAcc(TweetSet.scala:138)
	at objsets.NonEmpty.filterAcc(TweetSet.scala:138)
	at objsets.NonEmpty.filterAcc(TweetSet.scala:138)
	at objsets.NonEmpty.filterAcc(TweetSet.scala:138)
	at objsets.NonEmpty.filterAcc(TweetSet.scala:138)
	at objsets.NonEmpty.filterAcc(TweetSet.scala:138)
	at objsets.NonEmpty.filterAcc(TweetSet.scala:138)
	at objsets.NonEmpty.filterAcc(TweetSet.scala:138)
	at objsets.NonEmpty.filterAcc(TweetSet.scala:138)
	at objsets.NonEmpty.filterAcc(TweetSet.scala:138)
	at objsets.NonEmpty.filterAcc(TweetSet.scala:138)
	at objsets.NonEmpty.filterAcc(TweetSet.scala:138)
	at objsets.NonEmpty.filterAcc(TweetSet.scala:138)
	at objsets.NonEmpty.filterAcc(TweetSet.scala:138)
	at objsets.NonEmpty.filterAcc(TweetSet.scala:138)
	at objsets.NonEmpty.filterAcc(TweetSet.scala:138)
	at objsets.NonEmpty.filterAcc(TweetSet.scala:138)
	at objsets.NonEmpty.filterAcc(TweetSet.scala:138)
	at objsets.NonEmpty.filterAcc(TweetSet.scala:138)
	at objsets.NonEmpty.filterAcc(TweetSet.scala:138)
	at objsets.NonEmpty.filterAcc(TweetSet.scala:138)
	at objsets.NonEmpty.filterAcc(TweetSet.scala:138)
	at objsets.NonEmpty.filterAcc(TweetSet.scala:138)
	at objsets.NonEmpty.filterAcc(TweetSet.scala:138)
	at objsets.NonEmpty.filterAcc(TweetSet.scala:138)
	at objsets.NonEmpty.filterAcc(TweetSet.scala:138)
	at objsets.NonEmpty.filterAcc(TweetSet.scala:138)
	at objsets.NonEmpty.filterAcc(TweetSet.scala:138)
	at objsets.NonEmpty.filterAcc(TweetSet.scala:138)
	at objsets.NonEmpty.filterAcc(TweetSet.scala:138)
	at objsets.NonEmpty.filterAcc(TweetSet.scala:138)
	at objsets.NonEmpty.filterAcc(TweetSet.scala:138)
	at objsets.NonEmpty.filterAcc(TweetSet.scala:138)
	at objsets.NonEmpty.filterAcc(TweetSet.scala:138)
	at objsets.NonEmpty.filterAcc(TweetSet.scala:138)
	at objsets.NonEmpty.filterAcc(TweetSet.scala:138)
	at objsets.NonEmpty.filterAcc(TweetSet.scala:138)
	at objsets.NonEmpty.filterAcc(TweetSet.scala:138)
	at objsets.NonEmpty.filterAcc(TweetSet.scala:138)
	at objsets.NonEmpty.filterAcc(TweetSet.scala:138)
	at objsets.NonEmpty.filterAcc(TweetSet.scala:138)
	at objsets.NonEmpty.filterAcc(TweetSet.scala:138)
	at objsets.NonEmpty.filterAcc(TweetSet.scala:138)
	at objsets.NonEmpty.filterAcc(TweetSet.scala:138)
	at objsets.NonEmpty.filterAcc(TweetSet.scala:138)
	at objsets.NonEmpty.filterAcc(TweetSet.scala:138)
	at objsets.NonEmpty.filterAcc(TweetSet.scala:138)
	at objsets.NonEmpty.filterAcc(TweetSet.scala:138)
	at objsets.NonEmpty.filterAcc(TweetSet.scala:138)
	at objsets.NonEmpty.filterAcc(TweetSet.scala:138)
	at objsets.NonEmpty.filterAcc(TweetSet.scala:138)
	at objsets.NonEmpty.filterAcc(TweetSet.scala:138)
	at objsets.NonEmpty.filterAcc(TweetSet.scala:138)
	at objsets.NonEmpty.filterAcc(TweetSet.scala:138)
	at objsets.NonEmpty.filterAcc(TweetSet.scala:138)
	at objsets.NonEmpty.filterAcc(TweetSet.scala:138)
	at objsets.NonEmpty.filterAcc(TweetSet.scala:138)
	at objsets.NonEmpty.filterAcc(TweetSet.scala:138)
	at objsets.NonEmpty.filterAcc(TweetSet.scala:138)
	at objsets.NonEmpty.filterAcc(TweetSet.scala:138)
	at objsets.NonEmpty.filterAcc(TweetSet.scala:138)
	at objsets.NonEmpty.filterAcc(TweetSet.scala:138)
	at objsets.NonEmpty.filterAcc(TweetSet.scala:138)
	at objsets.NonEmpty.filterAcc(TweetSet.scala:138)
	at objsets.NonEmpty.filterAcc(TweetSet.scala:138)
	at objsets.NonEmpty.filterAcc(TweetSet.scala:138)
	at objsets.NonEmpty.filterAcc(TweetSet.scala:138)
	at objsets.NonEmpty.filterAcc(TweetSet.scala:138)
	at objsets.NonEmpty.filterAcc(TweetSet.scala:138)
	at objsets.NonEmpty.filterAcc(TweetSet.scala:138)
	at objsets.NonEmpty.filterAcc(TweetSet.scala:138)
	at objsets.NonEmpty.filterAcc(TweetSet.scala:138)
	at objsets.NonEmpty.filterAcc(TweetSet.scala:138)
	at objsets.NonEmpty.filterAcc(TweetSet.scala:138)
	at objsets.NonEmpty.filterAcc(TweetSet.scala:138)
	at objsets.NonEmpty.filterAcc(TweetSet.scala:138)
	at objsets.NonEmpty.filterAcc(TweetSet.scala:138)
	at objsets.NonEmpty.filterAcc(TweetSet.scala:138)
	at objsets.NonEmpty.filterAcc(TweetSet.scala:138)
	at objsets.NonEmpty.filterAcc(TweetSet.scala:138)
	at objsets.NonEmpty.filterAcc(TweetSet.scala:138)
	at objsets.NonEmpty.filterAcc(TweetSet.scala:138)
	at objsets.NonEmpty.filterAcc(TweetSet.scala:138)
	at objsets.NonEmpty.filterAcc(TweetSet.scala:138)
	at objsets.NonEmpty.filterAcc(TweetSet.scala:138)
	at objsets.NonEmpty.filterAcc(TweetSet.scala:138)
	at objsets.NonEmpty.filterAcc(TweetSet.scala:138)
	at objsets.NonEmpty.filterAcc(TweetSet.scala:138)
	at objsets.NonEmpty.filterAcc(TweetSet.scala:138)
	at objsets.NonEmpty.filterAcc(TweetSet.scala:138)
	at objsets.NonEmpty.filterAcc(TweetSet.scala:138)
	at objsets.NonEmpty.filterAcc(TweetSet.scala:138)
	at objsets.NonEmpty.filterAcc(TweetSet.scala:138)
	at objsets.NonEmpty.filterAcc(TweetSet.scala:138)
	at objsets.NonEmpty.filterAcc(TweetSet.scala:138)
	at objsets.NonEmpty.filterAcc(TweetSet.scala:138)
	at objsets.NonEmpty.filterAcc(TweetSet.scala:138)
	at objsets.NonEmpty.filterAcc(TweetSet.scala:138)
	at objsets.NonEmpty.filterAcc(TweetSet.scala:138)
	at objsets.NonEmpty.filterAcc(TweetSet.scala:138)
	at objsets.NonEmpty.filterAcc(TweetSet.scala:138)
	at objsets.NonEmpty.filterAcc(TweetSet.scala:138)
	at objsets.NonEmpty.filterAcc(TweetSet.scala:138)
	at objsets.NonEmpty.filterAcc(TweetSet.scala:138)
	at objsets.NonEmpty.filterAcc(TweetSet.scala:138)
	at objsets.NonEmpty.filterAcc(TweetSet.scala:138)
	at objsets.NonEmpty.filterAcc(TweetSet.scala:138)
	at objsets.NonEmpty.filterAcc(TweetSet.scala:138)
	at objsets.NonEmpty.filterAcc(TweetSet.scala:138)
	at objsets.NonEmpty.filterAcc(TweetSet.scala:138)
	at objsets.NonEmpty.filterAcc(TweetSet.scala:138)
	at objsets.NonEmpty.filterAcc(TweetSet.scala:138)
	at objsets.NonEmpty.filterAcc(TweetSet.scala:138)
	at objsets.NonEmpty.filterAcc(TweetSet.scala:138)
	at objsets.NonEmpty.filterAcc(TweetSet.scala:138)
	at objsets.NonEmpty.filterAcc(TweetSet.scala:138)
	at objsets.NonEmpty.filterAcc(TweetSet.scala:138)
	at objsets.NonEmpty.filterAcc(TweetSet.scala:138)
	at objsets.NonEmpty.filterAcc(TweetSet.scala:138)
	at objsets.NonEmpty.filterAcc(TweetSet.scala:138)
	at objsets.NonEmpty.filterAcc(TweetSet.scala:138)
	at objsets.NonEmpty.filterAcc(TweetSet.scala:138)
	at objsets.NonEmpty.filterAcc(TweetSet.scala:138)
	at objsets.NonEmpty.filterAcc(TweetSet.scala:138)
	at objsets.NonEmpty.filterAcc(TweetSet.scala:138)
	at objsets.NonEmpty.filterAcc(TweetSet.scala:138)
	at objsets.NonEmpty.filterAcc(TweetSet.scala:138)
	at objsets.NonEmpty.filterAcc(TweetSet.scala:138)
	at objsets.NonEmpty.filterAcc(TweetSet.scala:138)
	at objsets.NonEmpty.filterAcc(TweetSet.scala:138)
	at objsets.NonEmpty.filterAcc(TweetSet.scala:138)
	at objsets.NonEmpty.filterAcc(TweetSet.scala:138)
	at objsets.NonEmpty.filterAcc(TweetSet.scala:138)
	at objsets.NonEmpty.filterAcc(TweetSet.scala:138)
	at objsets.NonEmpty.filterAcc(TweetSet.scala:138)
	at objsets.NonEmpty.filterAcc(TweetSet.scala:138)
	at objsets.NonEmpty.filterAcc(TweetSet.scala:138)
	at objsets.NonEmpty.filterAcc(TweetSet.scala:138)
	at objsets.NonEmpty.filterAcc(TweetSet.scala:138)
	at objsets.NonEmpty.filterAcc(TweetSet.scala:138)
	at objsets.NonEmpty.filterAcc(TweetSet.scala:138)
	at objsets.NonEmpty.filterAcc(TweetSet.scala:138)
	at objsets.NonEmpty.filterAcc(TweetSet.scala:138)
	at objsets.NonEmpty.filterAcc(TweetSet.scala:138)
	at objsets.NonEmpty.filterAcc(TweetSet.scala:138)
	at objsets.NonEmpty.filterAcc(TweetSet.scala:138)
	at objsets.NonEmpty.filterAcc(TweetSet.scala:138)
	at objsets.NonEmpty.filterAcc(TweetSet.scala:138)
	at objsets.NonEmpty.filterAcc(TweetSet.scala:138)
	at objsets.NonEmpty.filterAcc(TweetSet.scala:138)
	at objsets.NonEmpty.filterAcc(TweetSet.scala:138)
	at objsets.NonEmpty.filterAcc(TweetSet.scala:138)
	at objsets.NonEmpty.filterAcc(TweetSet.scala:138)
	at objsets.NonEmpty.filterAcc(TweetSet.scala:138)
	at objsets.NonEmpty.filterAcc(TweetSet.scala:138)
	at objsets.NonEmpty.filterAcc(TweetSet.scala:138)
	at objsets.NonEmpty.filterAcc(TweetSet.scala:138)
	at objsets.NonEmpty.filterAcc(TweetSet.scala:138)
	at objsets.NonEmpty.filterAcc(TweetSet.scala:138)
	at objsets.NonEmpty.filterAcc(TweetSet.scala:138)
	at objsets.NonEmpty.filterAcc(TweetSet.scala:138)
	at objsets.NonEmpty.filterAcc(TweetSet.scala:138)
	at objsets.NonEmpty.filterAcc(TweetSet.scala:138)
	at objsets.NonEmpty.filterAcc(TweetSet.scala:138)
	at objsets.NonEmpty.filterAcc(TweetSet.scala:138)
	at objsets.NonEmpty.filterAcc(TweetSet.scala:138)
	at objsets.NonEmpty.filterAcc(TweetSet.scala:138)
	at objsets.NonEmpty.filterAcc(TweetSet.scala:138)
	at objsets.NonEmpty.filterAcc(TweetSet.scala:138)
	at objsets.NonEmpty.filterAcc(TweetSet.scala:138)
	at objsets.NonEmpty.filterAcc(TweetSet.scala:138)
	at objsets.NonEmpty.filterAcc(TweetSet.scala:138)
	at objsets.NonEmpty.filterAcc(TweetSet.scala:138)
	at objsets.NonEmpty.filterAcc(TweetSet.scala:138)
	at objsets.NonEmpty.filterAcc(TweetSet.scala:138)
	at objsets.NonEmpty.filterAcc(TweetSet.scala:138)
	at objsets.NonEmpty.filterAcc(TweetSet.scala:138)
	at objsets.NonEmpty.filterAcc(TweetSet.scala:138)
	at objsets.NonEmpty.filterAcc(TweetSet.scala:138)
	at objsets.NonEmpty.filterAcc(TweetSet.scala:138)
	at objsets.NonEmpty.filterAcc(TweetSet.scala:138)
	at objsets.NonEmpty.filterAcc(TweetSet.scala:138)
	at objsets.NonEmpty.filterAcc(TweetSet.scala:138)
	at objsets.NonEmpty.filterAcc(TweetSet.scala:138)
	at objsets.NonEmpty.filterAcc(TweetSet.scala:138)
	at objsets.NonEmpty.filterAcc(TweetSet.scala:138)
	at objsets.NonEmpty.filterAcc(TweetSet.scala:138)
	at objsets.NonEmpty.filterAcc(TweetSet.scala:138)
	at objsets.NonEmpty.filterAcc(TweetSet.scala:138)
	at objsets.NonEmpty.filterAcc(TweetSet.scala:138)
	at objsets.NonEmpty.filterAcc(TweetSet.scala:138)
	at objsets.NonEmpty.filterAcc(TweetSet.scala:138)
	at objsets.NonEmpty.filterAcc(TweetSet.scala:138)
	at objsets.NonEmpty.filterAcc(TweetSet.scala:138)
	at objsets.NonEmpty.filterAcc(TweetSet.scala:138)
	at objsets.NonEmpty.filterAcc(TweetSet.scala:138)
	at objsets.NonEmpty.filterAcc(TweetSet.scala:138)
	at objsets.NonEmpty.filterAcc(TweetSet.scala:138)
	at objsets.NonEmpty.filterAcc(TweetSet.scala:138)
	at objsets.NonEmpty.filterAcc(TweetSet.scala:138)
	at objsets.NonEmpty.filterAcc(TweetSet.scala:138)
	at objsets.NonEmpty.filterAcc(TweetSet.scala:138)
	at objsets.NonEmpty.filterAcc(TweetSet.scala:138)
	at objsets.NonEmpty.filterAcc(TweetSet.scala:138)
	at objsets.NonEmpty.filterAcc(TweetSet.scala:138)
	at objsets.NonEmpty.filterAcc(TweetSet.scala:138)
	at objsets.NonEmpty.filterAcc(TweetSet.scala:138)
	at objsets.NonEmpty.filterAcc(TweetSet.scala:138)
	at objsets.NonEmpty.filterAcc(TweetSet.scala:138)
	at objsets.NonEmpty.filterAcc(TweetSet.scala:138)
	at objsets.NonEmpty.filterAcc(TweetSet.scala:138)
	at objsets.NonEmpty.filterAcc(TweetSet.scala:138)
	at objsets.NonEmpty.filterAcc(TweetSet.scala:138)
	at objsets.NonEmpty.filterAcc(TweetSet.scala:138)
	at objsets.NonEmpty.filterAcc(TweetSet.scala:138)
	at objsets.NonEmpty.filterAcc(TweetSet.scala:138)
</failure>
                                               </testcase><testcase classname="objsets.TweetSetSuite" name="filter: on empty set" time="0.011">
                                                 
                                               </testcase><testcase classname="objsets.TweetSetSuite" name="union: set4c and set4d" time="0.009">
                                                 <failure message="java.lang.AssertionError: expected:&lt;4&gt; but was:&lt;0&gt;" type="sbt.ForkMain$ForkError">sbt.ForkMain$ForkError: java.lang.AssertionError: expected:&lt;4&gt; but was:&lt;0&gt;
	at org.junit.Assert.fail(Assert.java:88)
	at org.junit.Assert.failNotEquals(Assert.java:743)
	at org.junit.Assert.assertEquals(Assert.java:118)
	at org.junit.Assert.assertEquals(Assert.java:555)
	at org.junit.Assert.assertEquals(Assert.java:542)
	at objsets.TweetSetSuite$$anon$4.&lt;init&gt;(TweetSetSuite.scala:43)
	at objsets.TweetSetSuite.union$colon$u0020set4c$u0020and$u0020set4d(TweetSetSuite.scala:42)
	at sun.reflect.NativeMethodAccessorImpl.invoke0(Native Method)
	at sun.reflect.NativeMethodAccessorImpl.invoke(NativeMethodAccessorImpl.java:62)
	at sun.reflect.DelegatingMethodAccessorImpl.invoke(DelegatingMethodAccessorImpl.java:43)
	at java.lang.reflect.Method.invoke(Method.java:498)
	at org.junit.runners.model.FrameworkMethod$1.runReflectiveCall(FrameworkMethod.java:47)
	at org.junit.internal.runners.model.ReflectiveCallable.run(ReflectiveCallable.java:12)
	at org.junit.runners.model.FrameworkMethod.invokeExplosively(FrameworkMethod.java:44)
	at org.junit.internal.runners.statements.InvokeMethod.evaluate(InvokeMethod.java:17)
	at org.junit.internal.runners.statements.FailOnTimeout$StatementThread.run(FailOnTimeout.java:74)
</failure>
                                               </testcase><testcase classname="objsets.TweetSetSuite" name="descending: set5" time="0.003">
                                                 <failure message="scala.NotImplementedError: an implementation is missing" type="sbt.ForkMain$ForkError">sbt.ForkMain$ForkError: scala.NotImplementedError: an implementation is missing
	at scala.Predef$.$qmark$qmark$qmark(Predef.scala:347)
	at objsets.TweetSet.descendingByRetweet(TweetSet.scala:84)
	at objsets.TweetSetSuite$$anon$7.&lt;init&gt;(TweetSetSuite.scala:58)
	at objsets.TweetSetSuite.descending$colon$u0020set5(TweetSetSuite.scala:57)
	at sun.reflect.NativeMethodAccessorImpl.invoke0(Native Method)
	at sun.reflect.NativeMethodAccessorImpl.invoke(NativeMethodAccessorImpl.java:62)
	at sun.reflect.DelegatingMethodAccessorImpl.invoke(DelegatingMethodAccessorImpl.java:43)
	at java.lang.reflect.Method.invoke(Method.java:498)
	at org.junit.runners.model.FrameworkMethod$1.runReflectiveCall(FrameworkMethod.java:47)
	at org.junit.internal.runners.model.ReflectiveCallable.run(ReflectiveCallable.java:12)
	at org.junit.runners.model.FrameworkMethod.invokeExplosively(FrameworkMethod.java:44)
	at org.junit.internal.runners.statements.InvokeMethod.evaluate(InvokeMethod.java:17)
	at org.junit.internal.runners.statements.FailOnTimeout$StatementThread.run(FailOnTimeout.java:74)
</failure>
                                               </testcase><testcase classname="objsets.TweetSetSuite" name="union: with empty set1" time="0.005">
                                                 <failure message="java.lang.AssertionError: expected:&lt;4&gt; but was:&lt;0&gt;" type="sbt.ForkMain$ForkError">sbt.ForkMain$ForkError: java.lang.AssertionError: expected:&lt;4&gt; but was:&lt;0&gt;
	at org.junit.Assert.fail(Assert.java:88)
	at org.junit.Assert.failNotEquals(Assert.java:743)
	at org.junit.Assert.assertEquals(Assert.java:118)
	at org.junit.Assert.assertEquals(Assert.java:555)
	at org.junit.Assert.assertEquals(Assert.java:542)
	at objsets.TweetSetSuite$$anon$5.&lt;init&gt;(TweetSetSuite.scala:48)
	at objsets.TweetSetSuite.union$colon$u0020with$u0020empty$u0020set1(TweetSetSuite.scala:47)
	at sun.reflect.NativeMethodAccessorImpl.invoke0(Native Method)
	at sun.reflect.NativeMethodAccessorImpl.invoke(NativeMethodAccessorImpl.java:62)
	at sun.reflect.DelegatingMethodAccessorImpl.invoke(DelegatingMethodAccessorImpl.java:43)
	at java.lang.reflect.Method.invoke(Method.java:498)
	at org.junit.runners.model.FrameworkMethod$1.runReflectiveCall(FrameworkMethod.java:47)
	at org.junit.internal.runners.model.ReflectiveCallable.run(ReflectiveCallable.java:12)
	at org.junit.runners.model.FrameworkMethod.invokeExplosively(FrameworkMethod.java:44)
	at org.junit.internal.runners.statements.InvokeMethod.evaluate(InvokeMethod.java:17)
	at org.junit.internal.runners.statements.FailOnTimeout$StatementThread.run(FailOnTimeout.java:74)
</failure>
                                               </testcase><testcase classname="objsets.TweetSetSuite" name="union: with empty set2" time="0.004">
                                                 <failure message="java.lang.AssertionError: expected:&lt;4&gt; but was:&lt;0&gt;" type="sbt.ForkMain$ForkError">sbt.ForkMain$ForkError: java.lang.AssertionError: expected:&lt;4&gt; but was:&lt;0&gt;
	at org.junit.Assert.fail(Assert.java:88)
	at org.junit.Assert.failNotEquals(Assert.java:743)
	at org.junit.Assert.assertEquals(Assert.java:118)
	at org.junit.Assert.assertEquals(Assert.java:555)
	at org.junit.Assert.assertEquals(Assert.java:542)
	at objsets.TweetSetSuite$$anon$6.&lt;init&gt;(TweetSetSuite.scala:53)
	at objsets.TweetSetSuite.union$colon$u0020with$u0020empty$u0020set2(TweetSetSuite.scala:52)
	at sun.reflect.NativeMethodAccessorImpl.invoke0(Native Method)
	at sun.reflect.NativeMethodAccessorImpl.invoke(NativeMethodAccessorImpl.java:62)
	at sun.reflect.DelegatingMethodAccessorImpl.invoke(DelegatingMethodAccessorImpl.java:43)
	at java.lang.reflect.Method.invoke(Method.java:498)
	at org.junit.runners.model.FrameworkMethod$1.runReflectiveCall(FrameworkMethod.java:47)
	at org.junit.internal.runners.model.ReflectiveCallable.run(ReflectiveCallable.java:12)
	at org.junit.runners.model.FrameworkMethod.invokeExplosively(FrameworkMethod.java:44)
	at org.junit.internal.runners.statements.InvokeMethod.evaluate(InvokeMethod.java:17)
	at org.junit.internal.runners.statements.FailOnTimeout$StatementThread.run(FailOnTimeout.java:74)
</failure>
                                               </testcase><testcase classname="objsets.TweetSetSuite" name="filter: twenty on set5" time="0.011">
                                                 <failure message="java.lang.StackOverflowError: null" type="sbt.ForkMain$ForkError">sbt.ForkMain$ForkError: java.lang.StackOverflowError: null
	at scala.collection.StringOps$.$less$extension(StringOps.scala:986)
	at objsets.NonEmpty.contains(TweetSet.scala:150)
	at objsets.NonEmpty.filterAcc(TweetSet.scala:135)
	at objsets.NonEmpty.filterAcc(TweetSet.scala:138)
	at objsets.NonEmpty.filterAcc(TweetSet.scala:138)
	at objsets.NonEmpty.filterAcc(TweetSet.scala:138)
	at objsets.NonEmpty.filterAcc(TweetSet.scala:138)
	at objsets.NonEmpty.filterAcc(TweetSet.scala:138)
	at objsets.NonEmpty.filterAcc(TweetSet.scala:138)
	at objsets.NonEmpty.filterAcc(TweetSet.scala:138)
	at objsets.NonEmpty.filterAcc(TweetSet.scala:138)
	at objsets.NonEmpty.filterAcc(TweetSet.scala:138)
	at objsets.NonEmpty.filterAcc(TweetSet.scala:138)
	at objsets.NonEmpty.filterAcc(TweetSet.scala:138)
	at objsets.NonEmpty.filterAcc(TweetSet.scala:138)
	at objsets.NonEmpty.filterAcc(TweetSet.scala:138)
	at objsets.NonEmpty.filterAcc(TweetSet.scala:138)
	at objsets.NonEmpty.filterAcc(TweetSet.scala:138)
	at objsets.NonEmpty.filterAcc(TweetSet.scala:138)
	at objsets.NonEmpty.filterAcc(TweetSet.scala:138)
	at objsets.NonEmpty.filterAcc(TweetSet.scala:138)
	at objsets.NonEmpty.filterAcc(TweetSet.scala:138)
	at objsets.NonEmpty.filterAcc(TweetSet.scala:138)
	at objsets.NonEmpty.filterAcc(TweetSet.scala:138)
	at objsets.NonEmpty.filterAcc(TweetSet.scala:138)
	at objsets.NonEmpty.filterAcc(TweetSet.scala:138)
	at objsets.NonEmpty.filterAcc(TweetSet.scala:138)
	at objsets.NonEmpty.filterAcc(TweetSet.scala:138)
	at objsets.NonEmpty.filterAcc(TweetSet.scala:138)
	at objsets.NonEmpty.filterAcc(TweetSet.scala:138)
	at objsets.NonEmpty.filterAcc(TweetSet.scala:138)
	at objsets.NonEmpty.filterAcc(TweetSet.scala:138)
	at objsets.NonEmpty.filterAcc(TweetSet.scala:138)
	at objsets.NonEmpty.filterAcc(TweetSet.scala:138)
	at objsets.NonEmpty.filterAcc(TweetSet.scala:138)
	at objsets.NonEmpty.filterAcc(TweetSet.scala:138)
	at objsets.NonEmpty.filterAcc(TweetSet.scala:138)
	at objsets.NonEmpty.filterAcc(TweetSet.scala:138)
	at objsets.NonEmpty.filterAcc(TweetSet.scala:138)
	at objsets.NonEmpty.filterAcc(TweetSet.scala:138)
	at objsets.NonEmpty.filterAcc(TweetSet.scala:138)
	at objsets.NonEmpty.filterAcc(TweetSet.scala:138)
	at objsets.NonEmpty.filterAcc(TweetSet.scala:138)
	at objsets.NonEmpty.filterAcc(TweetSet.scala:138)
	at objsets.NonEmpty.filterAcc(TweetSet.scala:138)
	at objsets.NonEmpty.filterAcc(TweetSet.scala:138)
	at objsets.NonEmpty.filterAcc(TweetSet.scala:138)
	at objsets.NonEmpty.filterAcc(TweetSet.scala:138)
	at objsets.NonEmpty.filterAcc(TweetSet.scala:138)
	at objsets.NonEmpty.filterAcc(TweetSet.scala:138)
	at objsets.NonEmpty.filterAcc(TweetSet.scala:138)
	at objsets.NonEmpty.filterAcc(TweetSet.scala:138)
	at objsets.NonEmpty.filterAcc(TweetSet.scala:138)
	at objsets.NonEmpty.filterAcc(TweetSet.scala:138)
	at objsets.NonEmpty.filterAcc(TweetSet.scala:138)
	at objsets.NonEmpty.filterAcc(TweetSet.scala:138)
	at objsets.NonEmpty.filterAcc(TweetSet.scala:138)
	at objsets.NonEmpty.filterAcc(TweetSet.scala:138)
	at objsets.NonEmpty.filterAcc(TweetSet.scala:138)
	at objsets.NonEmpty.filterAcc(TweetSet.scala:138)
	at objsets.NonEmpty.filterAcc(TweetSet.scala:138)
	at objsets.NonEmpty.filterAcc(TweetSet.scala:138)
	at objsets.NonEmpty.filterAcc(TweetSet.scala:138)
	at objsets.NonEmpty.filterAcc(TweetSet.scala:138)
	at objsets.NonEmpty.filterAcc(TweetSet.scala:138)
	at objsets.NonEmpty.filterAcc(TweetSet.scala:138)
	at objsets.NonEmpty.filterAcc(TweetSet.scala:138)
	at objsets.NonEmpty.filterAcc(TweetSet.scala:138)
	at objsets.NonEmpty.filterAcc(TweetSet.scala:138)
	at objsets.NonEmpty.filterAcc(TweetSet.scala:138)
	at objsets.NonEmpty.filterAcc(TweetSet.scala:138)
	at objsets.NonEmpty.filterAcc(TweetSet.scala:138)
	at objsets.NonEmpty.filterAcc(TweetSet.scala:138)
	at objsets.NonEmpty.filterAcc(TweetSet.scala:138)
	at objsets.NonEmpty.filterAcc(TweetSet.scala:138)
	at objsets.NonEmpty.filterAcc(TweetSet.scala:138)
	at objsets.NonEmpty.filterAcc(TweetSet.scala:138)
	at objsets.NonEmpty.filterAcc(TweetSet.scala:138)
	at objsets.NonEmpty.filterAcc(TweetSet.scala:138)
	at objsets.NonEmpty.filterAcc(TweetSet.scala:138)
	at objsets.NonEmpty.filterAcc(TweetSet.scala:138)
	at objsets.NonEmpty.filterAcc(TweetSet.scala:138)
	at objsets.NonEmpty.filterAcc(TweetSet.scala:138)
	at objsets.NonEmpty.filterAcc(TweetSet.scala:138)
	at objsets.NonEmpty.filterAcc(TweetSet.scala:138)
	at objsets.NonEmpty.filterAcc(TweetSet.scala:138)
	at objsets.NonEmpty.filterAcc(TweetSet.scala:138)
	at objsets.NonEmpty.filterAcc(TweetSet.scala:138)
	at objsets.NonEmpty.filterAcc(TweetSet.scala:138)
	at objsets.NonEmpty.filterAcc(TweetSet.scala:138)
	at objsets.NonEmpty.filterAcc(TweetSet.scala:138)
	at objsets.NonEmpty.filterAcc(TweetSet.scala:138)
	at objsets.NonEmpty.filterAcc(TweetSet.scala:138)
	at objsets.NonEmpty.filterAcc(TweetSet.scala:138)
	at objsets.NonEmpty.filterAcc(TweetSet.scala:138)
	at objsets.NonEmpty.filterAcc(TweetSet.scala:138)
	at objsets.NonEmpty.filterAcc(TweetSet.scala:138)
	at objsets.NonEmpty.filterAcc(TweetSet.scala:138)
	at objsets.NonEmpty.filterAcc(TweetSet.scala:138)
	at objsets.NonEmpty.filterAcc(TweetSet.scala:138)
	at objsets.NonEmpty.filterAcc(TweetSet.scala:138)
	at objsets.NonEmpty.filterAcc(TweetSet.scala:138)
	at objsets.NonEmpty.filterAcc(TweetSet.scala:138)
	at objsets.NonEmpty.filterAcc(TweetSet.scala:138)
	at objsets.NonEmpty.filterAcc(TweetSet.scala:138)
	at objsets.NonEmpty.filterAcc(TweetSet.scala:138)
	at objsets.NonEmpty.filterAcc(TweetSet.scala:138)
	at objsets.NonEmpty.filterAcc(TweetSet.scala:138)
	at objsets.NonEmpty.filterAcc(TweetSet.scala:138)
	at objsets.NonEmpty.filterAcc(TweetSet.scala:138)
	at objsets.NonEmpty.filterAcc(TweetSet.scala:138)
	at objsets.NonEmpty.filterAcc(TweetSet.scala:138)
	at objsets.NonEmpty.filterAcc(TweetSet.scala:138)
	at objsets.NonEmpty.filterAcc(TweetSet.scala:138)
	at objsets.NonEmpty.filterAcc(TweetSet.scala:138)
	at objsets.NonEmpty.filterAcc(TweetSet.scala:138)
	at objsets.NonEmpty.filterAcc(TweetSet.scala:138)
	at objsets.NonEmpty.filterAcc(TweetSet.scala:138)
	at objsets.NonEmpty.filterAcc(TweetSet.scala:138)
	at objsets.NonEmpty.filterAcc(TweetSet.scala:138)
	at objsets.NonEmpty.filterAcc(TweetSet.scala:138)
	at objsets.NonEmpty.filterAcc(TweetSet.scala:138)
	at objsets.NonEmpty.filterAcc(TweetSet.scala:138)
	at objsets.NonEmpty.filterAcc(TweetSet.scala:138)
	at objsets.NonEmpty.filterAcc(TweetSet.scala:138)
	at objsets.NonEmpty.filterAcc(TweetSet.scala:138)
	at objsets.NonEmpty.filterAcc(TweetSet.scala:138)
	at objsets.NonEmpty.filterAcc(TweetSet.scala:138)
	at objsets.NonEmpty.filterAcc(TweetSet.scala:138)
	at objsets.NonEmpty.filterAcc(TweetSet.scala:138)
	at objsets.NonEmpty.filterAcc(TweetSet.scala:138)
	at objsets.NonEmpty.filterAcc(TweetSet.scala:138)
	at objsets.NonEmpty.filterAcc(TweetSet.scala:138)
	at objsets.NonEmpty.filterAcc(TweetSet.scala:138)
	at objsets.NonEmpty.filterAcc(TweetSet.scala:138)
	at objsets.NonEmpty.filterAcc(TweetSet.scala:138)
	at objsets.NonEmpty.filterAcc(TweetSet.scala:138)
	at objsets.NonEmpty.filterAcc(TweetSet.scala:138)
	at objsets.NonEmpty.filterAcc(TweetSet.scala:138)
	at objsets.NonEmpty.filterAcc(TweetSet.scala:138)
	at objsets.NonEmpty.filterAcc(TweetSet.scala:138)
	at objsets.NonEmpty.filterAcc(TweetSet.scala:138)
	at objsets.NonEmpty.filterAcc(TweetSet.scala:138)
	at objsets.NonEmpty.filterAcc(TweetSet.scala:138)
	at objsets.NonEmpty.filterAcc(TweetSet.scala:138)
	at objsets.NonEmpty.filterAcc(TweetSet.scala:138)
	at objsets.NonEmpty.filterAcc(TweetSet.scala:138)
	at objsets.NonEmpty.filterAcc(TweetSet.scala:138)
	at objsets.NonEmpty.filterAcc(TweetSet.scala:138)
	at objsets.NonEmpty.filterAcc(TweetSet.scala:138)
	at objsets.NonEmpty.filterAcc(TweetSet.scala:138)
	at objsets.NonEmpty.filterAcc(TweetSet.scala:138)
	at objsets.NonEmpty.filterAcc(TweetSet.scala:138)
	at objsets.NonEmpty.filterAcc(TweetSet.scala:138)
	at objsets.NonEmpty.filterAcc(TweetSet.scala:138)
	at objsets.NonEmpty.filterAcc(TweetSet.scala:138)
	at objsets.NonEmpty.filterAcc(TweetSet.scala:138)
	at objsets.NonEmpty.filterAcc(TweetSet.scala:138)
	at objsets.NonEmpty.filterAcc(TweetSet.scala:138)
	at objsets.NonEmpty.filterAcc(TweetSet.scala:138)
	at objsets.NonEmpty.filterAcc(TweetSet.scala:138)
	at objsets.NonEmpty.filterAcc(TweetSet.scala:138)
	at objsets.NonEmpty.filterAcc(TweetSet.scala:138)
	at objsets.NonEmpty.filterAcc(TweetSet.scala:138)
	at objsets.NonEmpty.filterAcc(TweetSet.scala:138)
	at objsets.NonEmpty.filterAcc(TweetSet.scala:138)
	at objsets.NonEmpty.filterAcc(TweetSet.scala:138)
	at objsets.NonEmpty.filterAcc(TweetSet.scala:138)
	at objsets.NonEmpty.filterAcc(TweetSet.scala:138)
	at objsets.NonEmpty.filterAcc(TweetSet.scala:138)
	at objsets.NonEmpty.filterAcc(TweetSet.scala:138)
	at objsets.NonEmpty.filterAcc(TweetSet.scala:138)
	at objsets.NonEmpty.filterAcc(TweetSet.scala:138)
	at objsets.NonEmpty.filterAcc(TweetSet.scala:138)
	at objsets.NonEmpty.filterAcc(TweetSet.scala:138)
	at objsets.NonEmpty.filterAcc(TweetSet.scala:138)
	at objsets.NonEmpty.filterAcc(TweetSet.scala:138)
	at objsets.NonEmpty.filterAcc(TweetSet.scala:138)
	at objsets.NonEmpty.filterAcc(TweetSet.scala:138)
	at objsets.NonEmpty.filterAcc(TweetSet.scala:138)
	at objsets.NonEmpty.filterAcc(TweetSet.scala:138)
	at objsets.NonEmpty.filterAcc(TweetSet.scala:138)
	at objsets.NonEmpty.filterAcc(TweetSet.scala:138)
	at objsets.NonEmpty.filterAcc(TweetSet.scala:138)
	at objsets.NonEmpty.filterAcc(TweetSet.scala:138)
	at objsets.NonEmpty.filterAcc(TweetSet.scala:138)
	at objsets.NonEmpty.filterAcc(TweetSet.scala:138)
	at objsets.NonEmpty.filterAcc(TweetSet.scala:138)
	at objsets.NonEmpty.filterAcc(TweetSet.scala:138)
	at objsets.NonEmpty.filterAcc(TweetSet.scala:138)
	at objsets.NonEmpty.filterAcc(TweetSet.scala:138)
	at objsets.NonEmpty.filterAcc(TweetSet.scala:138)
	at objsets.NonEmpty.filterAcc(TweetSet.scala:138)
	at objsets.NonEmpty.filterAcc(TweetSet.scala:138)
	at objsets.NonEmpty.filterAcc(TweetSet.scala:138)
	at objsets.NonEmpty.filterAcc(TweetSet.scala:138)
	at objsets.NonEmpty.filterAcc(TweetSet.scala:138)
	at objsets.NonEmpty.filterAcc(TweetSet.scala:138)
	at objsets.NonEmpty.filterAcc(TweetSet.scala:138)
	at objsets.NonEmpty.filterAcc(TweetSet.scala:138)
	at objsets.NonEmpty.filterAcc(TweetSet.scala:138)
	at objsets.NonEmpty.filterAcc(TweetSet.scala:138)
	at objsets.NonEmpty.filterAcc(TweetSet.scala:138)
	at objsets.NonEmpty.filterAcc(TweetSet.scala:138)
	at objsets.NonEmpty.filterAcc(TweetSet.scala:138)
	at objsets.NonEmpty.filterAcc(TweetSet.scala:138)
	at objsets.NonEmpty.filterAcc(TweetSet.scala:138)
	at objsets.NonEmpty.filterAcc(TweetSet.scala:138)
	at objsets.NonEmpty.filterAcc(TweetSet.scala:138)
	at objsets.NonEmpty.filterAcc(TweetSet.scala:138)
	at objsets.NonEmpty.filterAcc(TweetSet.scala:138)
	at objsets.NonEmpty.filterAcc(TweetSet.scala:138)
	at objsets.NonEmpty.filterAcc(TweetSet.scala:138)
	at objsets.NonEmpty.filterAcc(TweetSet.scala:138)
	at objsets.NonEmpty.filterAcc(TweetSet.scala:138)
	at objsets.NonEmpty.filterAcc(TweetSet.scala:138)
	at objsets.NonEmpty.filterAcc(TweetSet.scala:138)
	at objsets.NonEmpty.filterAcc(TweetSet.scala:138)
	at objsets.NonEmpty.filterAcc(TweetSet.scala:138)
	at objsets.NonEmpty.filterAcc(TweetSet.scala:138)
	at objsets.NonEmpty.filterAcc(TweetSet.scala:138)
	at objsets.NonEmpty.filterAcc(TweetSet.scala:138)
	at objsets.NonEmpty.filterAcc(TweetSet.scala:138)
	at objsets.NonEmpty.filterAcc(TweetSet.scala:138)
	at objsets.NonEmpty.filterAcc(TweetSet.scala:138)
	at objsets.NonEmpty.filterAcc(TweetSet.scala:138)
	at objsets.NonEmpty.filterAcc(TweetSet.scala:138)
	at objsets.NonEmpty.filterAcc(TweetSet.scala:138)
	at objsets.NonEmpty.filterAcc(TweetSet.scala:138)
	at objsets.NonEmpty.filterAcc(TweetSet.scala:138)
	at objsets.NonEmpty.filterAcc(TweetSet.scala:138)
	at objsets.NonEmpty.filterAcc(TweetSet.scala:138)
	at objsets.NonEmpty.filterAcc(TweetSet.scala:138)
	at objsets.NonEmpty.filterAcc(TweetSet.scala:138)
	at objsets.NonEmpty.filterAcc(TweetSet.scala:138)
	at objsets.NonEmpty.filterAcc(TweetSet.scala:138)
	at objsets.NonEmpty.filterAcc(TweetSet.scala:138)
	at objsets.NonEmpty.filterAcc(TweetSet.scala:138)
	at objsets.NonEmpty.filterAcc(TweetSet.scala:138)
	at objsets.NonEmpty.filterAcc(TweetSet.scala:138)
	at objsets.NonEmpty.filterAcc(TweetSet.scala:138)
	at objsets.NonEmpty.filterAcc(TweetSet.scala:138)
	at objsets.NonEmpty.filterAcc(TweetSet.scala:138)
	at objsets.NonEmpty.filterAcc(TweetSet.scala:138)
	at objsets.NonEmpty.filterAcc(TweetSet.scala:138)
	at objsets.NonEmpty.filterAcc(TweetSet.scala:138)
	at objsets.NonEmpty.filterAcc(TweetSet.scala:138)
	at objsets.NonEmpty.filterAcc(TweetSet.scala:138)
	at objsets.NonEmpty.filterAcc(TweetSet.scala:138)
	at objsets.NonEmpty.filterAcc(TweetSet.scala:138)
	at objsets.NonEmpty.filterAcc(TweetSet.scala:138)
	at objsets.NonEmpty.filterAcc(TweetSet.scala:138)
	at objsets.NonEmpty.filterAcc(TweetSet.scala:138)
	at objsets.NonEmpty.filterAcc(TweetSet.scala:138)
	at objsets.NonEmpty.filterAcc(TweetSet.scala:138)
	at objsets.NonEmpty.filterAcc(TweetSet.scala:138)
	at objsets.NonEmpty.filterAcc(TweetSet.scala:138)
	at objsets.NonEmpty.filterAcc(TweetSet.scala:138)
	at objsets.NonEmpty.filterAcc(TweetSet.scala:138)
	at objsets.NonEmpty.filterAcc(TweetSet.scala:138)
	at objsets.NonEmpty.filterAcc(TweetSet.scala:138)
	at objsets.NonEmpty.filterAcc(TweetSet.scala:138)
	at objsets.NonEmpty.filterAcc(TweetSet.scala:138)
	at objsets.NonEmpty.filterAcc(TweetSet.scala:138)
	at objsets.NonEmpty.filterAcc(TweetSet.scala:138)
	at objsets.NonEmpty.filterAcc(TweetSet.scala:138)
	at objsets.NonEmpty.filterAcc(TweetSet.scala:138)
	at objsets.NonEmpty.filterAcc(TweetSet.scala:138)
	at objsets.NonEmpty.filterAcc(TweetSet.scala:138)
	at objsets.NonEmpty.filterAcc(TweetSet.scala:138)
	at objsets.NonEmpty.filterAcc(TweetSet.scala:138)
	at objsets.NonEmpty.filterAcc(TweetSet.scala:138)
	at objsets.NonEmpty.filterAcc(TweetSet.scala:138)
	at objsets.NonEmpty.filterAcc(TweetSet.scala:138)
	at objsets.NonEmpty.filterAcc(TweetSet.scala:138)
	at objsets.NonEmpty.filterAcc(TweetSet.scala:138)
	at objsets.NonEmpty.filterAcc(TweetSet.scala:138)
	at objsets.NonEmpty.filterAcc(TweetSet.scala:138)
	at objsets.NonEmpty.filterAcc(TweetSet.scala:138)
	at objsets.NonEmpty.filterAcc(TweetSet.scala:138)
	at objsets.NonEmpty.filterAcc(TweetSet.scala:138)
	at objsets.NonEmpty.filterAcc(TweetSet.scala:138)
	at objsets.NonEmpty.filterAcc(TweetSet.scala:138)
	at objsets.NonEmpty.filterAcc(TweetSet.scala:138)
	at objsets.NonEmpty.filterAcc(TweetSet.scala:138)
	at objsets.NonEmpty.filterAcc(TweetSet.scala:138)
	at objsets.NonEmpty.filterAcc(TweetSet.scala:138)
	at objsets.NonEmpty.filterAcc(TweetSet.scala:138)
	at objsets.NonEmpty.filterAcc(TweetSet.scala:138)
	at objsets.NonEmpty.filterAcc(TweetSet.scala:138)
	at objsets.NonEmpty.filterAcc(TweetSet.scala:138)
	at objsets.NonEmpty.filterAcc(TweetSet.scala:138)
	at objsets.NonEmpty.filterAcc(TweetSet.scala:138)
	at objsets.NonEmpty.filterAcc(TweetSet.scala:138)
	at objsets.NonEmpty.filterAcc(TweetSet.scala:138)
	at objsets.NonEmpty.filterAcc(TweetSet.scala:138)
	at objsets.NonEmpty.filterAcc(TweetSet.scala:138)
	at objsets.NonEmpty.filterAcc(TweetSet.scala:138)
	at objsets.NonEmpty.filterAcc(TweetSet.scala:138)
	at objsets.NonEmpty.filterAcc(TweetSet.scala:138)
	at objsets.NonEmpty.filterAcc(TweetSet.scala:138)
	at objsets.NonEmpty.filterAcc(TweetSet.scala:138)
	at objsets.NonEmpty.filterAcc(TweetSet.scala:138)
	at objsets.NonEmpty.filterAcc(TweetSet.scala:138)
	at objsets.NonEmpty.filterAcc(TweetSet.scala:138)
	at objsets.NonEmpty.filterAcc(TweetSet.scala:138)
	at objsets.NonEmpty.filterAcc(TweetSet.scala:138)
	at objsets.NonEmpty.filterAcc(TweetSet.scala:138)
	at objsets.NonEmpty.filterAcc(TweetSet.scala:138)
	at objsets.NonEmpty.filterAcc(TweetSet.scala:138)
	at objsets.NonEmpty.filterAcc(TweetSet.scala:138)
	at objsets.NonEmpty.filterAcc(TweetSet.scala:138)
	at objsets.NonEmpty.filterAcc(TweetSet.scala:138)
	at objsets.NonEmpty.filterAcc(TweetSet.scala:138)
	at objsets.NonEmpty.filterAcc(TweetSet.scala:138)
	at objsets.NonEmpty.filterAcc(TweetSet.scala:138)
	at objsets.NonEmpty.filterAcc(TweetSet.scala:138)
	at objsets.NonEmpty.filterAcc(TweetSet.scala:138)
	at objsets.NonEmpty.filterAcc(TweetSet.scala:138)
	at objsets.NonEmpty.filterAcc(TweetSet.scala:138)
	at objsets.NonEmpty.filterAcc(TweetSet.scala:138)
	at objsets.NonEmpty.filterAcc(TweetSet.scala:138)
	at objsets.NonEmpty.filterAcc(TweetSet.scala:138)
	at objsets.NonEmpty.filterAcc(TweetSet.scala:138)
	at objsets.NonEmpty.filterAcc(TweetSet.scala:138)
	at objsets.NonEmpty.filterAcc(TweetSet.scala:138)
	at objsets.NonEmpty.filterAcc(TweetSet.scala:138)
	at objsets.NonEmpty.filterAcc(TweetSet.scala:138)
	at objsets.NonEmpty.filterAcc(TweetSet.scala:138)
	at objsets.NonEmpty.filterAcc(TweetSet.scala:138)
	at objsets.NonEmpty.filterAcc(TweetSet.scala:138)
	at objsets.NonEmpty.filterAcc(TweetSet.scala:138)
	at objsets.NonEmpty.filterAcc(TweetSet.scala:138)
	at objsets.NonEmpty.filterAcc(TweetSet.scala:138)
	at objsets.NonEmpty.filterAcc(TweetSet.scala:138)
	at objsets.NonEmpty.filterAcc(TweetSet.scala:138)
	at objsets.NonEmpty.filterAcc(TweetSet.scala:138)
	at objsets.NonEmpty.filterAcc(TweetSet.scala:138)
	at objsets.NonEmpty.filterAcc(TweetSet.scala:138)
	at objsets.NonEmpty.filterAcc(TweetSet.scala:138)
	at objsets.NonEmpty.filterAcc(TweetSet.scala:138)
	at objsets.NonEmpty.filterAcc(TweetSet.scala:138)
	at objsets.NonEmpty.filterAcc(TweetSet.scala:138)
	at objsets.NonEmpty.filterAcc(TweetSet.scala:138)
	at objsets.NonEmpty.filterAcc(TweetSet.scala:138)
	at objsets.NonEmpty.filterAcc(TweetSet.scala:138)
	at objsets.NonEmpty.filterAcc(TweetSet.scala:138)
	at objsets.NonEmpty.filterAcc(TweetSet.scala:138)
	at objsets.NonEmpty.filterAcc(TweetSet.scala:138)
	at objsets.NonEmpty.filterAcc(TweetSet.scala:138)
	at objsets.NonEmpty.filterAcc(TweetSet.scala:138)
	at objsets.NonEmpty.filterAcc(TweetSet.scala:138)
	at objsets.NonEmpty.filterAcc(TweetSet.scala:138)
	at objsets.NonEmpty.filterAcc(TweetSet.scala:138)
	at objsets.NonEmpty.filterAcc(TweetSet.scala:138)
	at objsets.NonEmpty.filterAcc(TweetSet.scala:138)
	at objsets.NonEmpty.filterAcc(TweetSet.scala:138)
	at objsets.NonEmpty.filterAcc(TweetSet.scala:138)
	at objsets.NonEmpty.filterAcc(TweetSet.scala:138)
	at objsets.NonEmpty.filterAcc(TweetSet.scala:138)
	at objsets.NonEmpty.filterAcc(TweetSet.scala:138)
	at objsets.NonEmpty.filterAcc(TweetSet.scala:138)
	at objsets.NonEmpty.filterAcc(TweetSet.scala:138)
	at objsets.NonEmpty.filterAcc(TweetSet.scala:138)
	at objsets.NonEmpty.filterAcc(TweetSet.scala:138)
	at objsets.NonEmpty.filterAcc(TweetSet.scala:138)
	at objsets.NonEmpty.filterAcc(TweetSet.scala:138)
	at objsets.NonEmpty.filterAcc(TweetSet.scala:138)
	at objsets.NonEmpty.filterAcc(TweetSet.scala:138)
	at objsets.NonEmpty.filterAcc(TweetSet.scala:138)
	at objsets.NonEmpty.filterAcc(TweetSet.scala:138)
	at objsets.NonEmpty.filterAcc(TweetSet.scala:138)
	at objsets.NonEmpty.filterAcc(TweetSet.scala:138)
	at objsets.NonEmpty.filterAcc(TweetSet.scala:138)
	at objsets.NonEmpty.filterAcc(TweetSet.scala:138)
	at objsets.NonEmpty.filterAcc(TweetSet.scala:138)
	at objsets.NonEmpty.filterAcc(TweetSet.scala:138)
	at objsets.NonEmpty.filterAcc(TweetSet.scala:138)
	at objsets.NonEmpty.filterAcc(TweetSet.scala:138)
	at objsets.NonEmpty.filterAcc(TweetSet.scala:138)
	at objsets.NonEmpty.filterAcc(TweetSet.scala:138)
	at objsets.NonEmpty.filterAcc(TweetSet.scala:138)
	at objsets.NonEmpty.filterAcc(TweetSet.scala:138)
	at objsets.NonEmpty.filterAcc(TweetSet.scala:138)
	at objsets.NonEmpty.filterAcc(TweetSet.scala:138)
	at objsets.NonEmpty.filterAcc(TweetSet.scala:138)
	at objsets.NonEmpty.filterAcc(TweetSet.scala:138)
	at objsets.NonEmpty.filterAcc(TweetSet.scala:138)
	at objsets.NonEmpty.filterAcc(TweetSet.scala:138)
	at objsets.NonEmpty.filterAcc(TweetSet.scala:138)
	at objsets.NonEmpty.filterAcc(TweetSet.scala:138)
	at objsets.NonEmpty.filterAcc(TweetSet.scala:138)
	at objsets.NonEmpty.filterAcc(TweetSet.scala:138)
	at objsets.NonEmpty.filterAcc(TweetSet.scala:138)
	at objsets.NonEmpty.filterAcc(TweetSet.scala:138)
	at objsets.NonEmpty.filterAcc(TweetSet.scala:138)
	at objsets.NonEmpty.filterAcc(TweetSet.scala:138)
	at objsets.NonEmpty.filterAcc(TweetSet.scala:138)
	at objsets.NonEmpty.filterAcc(TweetSet.scala:138)
	at objsets.NonEmpty.filterAcc(TweetSet.scala:138)
	at objsets.NonEmpty.filterAcc(TweetSet.scala:138)
	at objsets.NonEmpty.filterAcc(TweetSet.scala:138)
	at objsets.NonEmpty.filterAcc(TweetSet.scala:138)
[...]
	at objsets.NonEmpty.filterAcc(TweetSet.scala:138)
	at objsets.NonEmpty.filterAcc(TweetSet.scala:138)
	at objsets.NonEmpty.filterAcc(TweetSet.scala:138)
	at objsets.NonEmpty.filterAcc(TweetSet.scala:138)
	at objsets.NonEmpty.filterAcc(TweetSet.scala:138)
	at objsets.NonEmpty.filterAcc(TweetSet.scala:138)
	at objsets.NonEmpty.filterAcc(TweetSet.scala:138)
	at objsets.NonEmpty.filterAcc(TweetSet.scala:138)
	at objsets.NonEmpty.filterAcc(TweetSet.scala:138)
	at objsets.NonEmpty.filterAcc(TweetSet.scala:138)
	at objsets.NonEmpty.filterAcc(TweetSet.scala:138)
	at objsets.NonEmpty.filterAcc(TweetSet.scala:138)
	at objsets.NonEmpty.filterAcc(TweetSet.scala:138)
	at objsets.NonEmpty.filterAcc(TweetSet.scala:138)
	at objsets.NonEmpty.filterAcc(TweetSet.scala:138)
	at objsets.NonEmpty.filterAcc(TweetSet.scala:138)
	at objsets.NonEmpty.filterAcc(TweetSet.scala:138)
	at objsets.NonEmpty.filterAcc(TweetSet.scala:138)
	at objsets.NonEmpty.filterAcc(TweetSet.scala:138)
	at objsets.NonEmpty.filterAcc(TweetSet.scala:138)
	at objsets.NonEmpty.filterAcc(TweetSet.scala:138)
	at objsets.NonEmpty.filterAcc(TweetSet.scala:138)
	at objsets.NonEmpty.filterAcc(TweetSet.scala:138)
	at objsets.NonEmpty.filterAcc(TweetSet.scala:138)
	at objsets.NonEmpty.filterAcc(TweetSet.scala:138)
	at objsets.NonEmpty.filterAcc(TweetSet.scala:138)
	at objsets.NonEmpty.filterAcc(TweetSet.scala:138)
	at objsets.NonEmpty.filterAcc(TweetSet.scala:138)
	at objsets.NonEmpty.filterAcc(TweetSet.scala:138)
	at objsets.NonEmpty.filterAcc(TweetSet.scala:138)
	at objsets.NonEmpty.filterAcc(TweetSet.scala:138)
	at objsets.NonEmpty.filterAcc(TweetSet.scala:138)
	at objsets.NonEmpty.filterAcc(TweetSet.scala:138)
	at objsets.NonEmpty.filterAcc(TweetSet.scala:138)
	at objsets.NonEmpty.filterAcc(TweetSet.scala:138)
	at objsets.NonEmpty.filterAcc(TweetSet.scala:138)
	at objsets.NonEmpty.filterAcc(TweetSet.scala:138)
	at objsets.NonEmpty.filterAcc(TweetSet.scala:138)
	at objsets.NonEmpty.filterAcc(TweetSet.scala:138)
	at objsets.NonEmpty.filterAcc(TweetSet.scala:138)
	at objsets.NonEmpty.filterAcc(TweetSet.scala:138)
	at objsets.NonEmpty.filterAcc(TweetSet.scala:138)
	at objsets.NonEmpty.filterAcc(TweetSet.scala:138)
	at objsets.NonEmpty.filterAcc(TweetSet.scala:138)
	at objsets.NonEmpty.filterAcc(TweetSet.scala:138)
	at objsets.NonEmpty.filterAcc(TweetSet.scala:138)
	at objsets.NonEmpty.filterAcc(TweetSet.scala:138)
	at objsets.NonEmpty.filterAcc(TweetSet.scala:138)
	at objsets.NonEmpty.filterAcc(TweetSet.scala:138)
	at objsets.NonEmpty.filterAcc(TweetSet.scala:138)
	at objsets.NonEmpty.filterAcc(TweetSet.scala:138)
	at objsets.NonEmpty.filterAcc(TweetSet.scala:138)
	at objsets.NonEmpty.filterAcc(TweetSet.scala:138)
	at objsets.NonEmpty.filterAcc(TweetSet.scala:138)
	at objsets.NonEmpty.filterAcc(TweetSet.scala:138)
	at objsets.NonEmpty.filterAcc(TweetSet.scala:138)
	at objsets.NonEmpty.filterAcc(TweetSet.scala:138)
	at objsets.NonEmpty.filterAcc(TweetSet.scala:138)
	at objsets.NonEmpty.filterAcc(TweetSet.scala:138)
	at objsets.NonEmpty.filterAcc(TweetSet.scala:138)
	at objsets.NonEmpty.filterAcc(TweetSet.scala:138)
	at objsets.NonEmpty.filterAcc(TweetSet.scala:138)
	at objsets.NonEmpty.filterAcc(TweetSet.scala:138)
	at objsets.NonEmpty.filterAcc(TweetSet.scala:138)
	at objsets.NonEmpty.filterAcc(TweetSet.scala:138)
	at objsets.NonEmpty.filterAcc(TweetSet.scala:138)
	at objsets.NonEmpty.filterAcc(TweetSet.scala:138)
	at objsets.NonEmpty.filterAcc(TweetSet.scala:138)
	at objsets.NonEmpty.filterAcc(TweetSet.scala:138)
	at objsets.NonEmpty.filterAcc(TweetSet.scala:138)
	at objsets.NonEmpty.filterAcc(TweetSet.scala:138)
	at objsets.NonEmpty.filterAcc(TweetSet.scala:138)
	at objsets.NonEmpty.filterAcc(TweetSet.scala:138)
	at objsets.NonEmpty.filterAcc(TweetSet.scala:138)
	at objsets.NonEmpty.filterAcc(TweetSet.scala:138)
	at objsets.NonEmpty.filterAcc(TweetSet.scala:138)
	at objsets.NonEmpty.filterAcc(TweetSet.scala:138)
	at objsets.NonEmpty.filterAcc(TweetSet.scala:138)
	at objsets.NonEmpty.filterAcc(TweetSet.scala:138)
	at objsets.NonEmpty.filterAcc(TweetSet.scala:138)
	at objsets.NonEmpty.filterAcc(TweetSet.scala:138)
	at objsets.NonEmpty.filterAcc(TweetSet.scala:138)
	at objsets.NonEmpty.filterAcc(TweetSet.scala:138)
	at objsets.NonEmpty.filterAcc(TweetSet.scala:138)
	at objsets.NonEmpty.filterAcc(TweetSet.scala:138)
	at objsets.NonEmpty.filterAcc(TweetSet.scala:138)
	at objsets.NonEmpty.filterAcc(TweetSet.scala:138)
	at objsets.NonEmpty.filterAcc(TweetSet.scala:138)
	at objsets.NonEmpty.filterAcc(TweetSet.scala:138)
	at objsets.NonEmpty.filterAcc(TweetSet.scala:138)
	at objsets.NonEmpty.filterAcc(TweetSet.scala:138)
	at objsets.NonEmpty.filterAcc(TweetSet.scala:138)
	at objsets.NonEmpty.filterAcc(TweetSet.scala:138)
	at objsets.NonEmpty.filterAcc(TweetSet.scala:138)
	at objsets.NonEmpty.filterAcc(TweetSet.scala:138)
	at objsets.NonEmpty.filterAcc(TweetSet.scala:138)
	at objsets.NonEmpty.filterAcc(TweetSet.scala:138)
	at objsets.NonEmpty.filterAcc(TweetSet.scala:138)
	at objsets.NonEmpty.filterAcc(TweetSet.scala:138)
	at objsets.NonEmpty.filterAcc(TweetSet.scala:138)
	at objsets.NonEmpty.filterAcc(TweetSet.scala:138)
	at objsets.NonEmpty.filterAcc(TweetSet.scala:138)
	at objsets.NonEmpty.filterAcc(TweetSet.scala:138)
	at objsets.NonEmpty.filterAcc(TweetSet.scala:138)
	at objsets.NonEmpty.filterAcc(TweetSet.scala:138)
	at objsets.NonEmpty.filterAcc(TweetSet.scala:138)
	at objsets.NonEmpty.filterAcc(TweetSet.scala:138)
	at objsets.NonEmpty.filterAcc(TweetSet.scala:138)
	at objsets.NonEmpty.filterAcc(TweetSet.scala:138)
	at objsets.NonEmpty.filterAcc(TweetSet.scala:138)
	at objsets.NonEmpty.filterAcc(TweetSet.scala:138)
	at objsets.NonEmpty.filterAcc(TweetSet.scala:138)
	at objsets.NonEmpty.filterAcc(TweetSet.scala:138)
	at objsets.NonEmpty.filterAcc(TweetSet.scala:138)
	at objsets.NonEmpty.filterAcc(TweetSet.scala:138)
	at objsets.NonEmpty.filterAcc(TweetSet.scala:138)
	at objsets.NonEmpty.filterAcc(TweetSet.scala:138)
	at objsets.NonEmpty.filterAcc(TweetSet.scala:138)
	at objsets.NonEmpty.filterAcc(TweetSet.scala:138)
	at objsets.NonEmpty.filterAcc(TweetSet.scala:138)
	at objsets.NonEmpty.filterAcc(TweetSet.scala:138)
	at objsets.NonEmpty.filterAcc(TweetSet.scala:138)
	at objsets.NonEmpty.filterAcc(TweetSet.scala:138)
	at objsets.NonEmpty.filterAcc(TweetSet.scala:138)
	at objsets.NonEmpty.filterAcc(TweetSet.scala:138)
	at objsets.NonEmpty.filterAcc(TweetSet.scala:138)
	at objsets.NonEmpty.filterAcc(TweetSet.scala:138)
	at objsets.NonEmpty.filterAcc(TweetSet.scala:138)
	at objsets.NonEmpty.filterAcc(TweetSet.scala:138)
	at objsets.NonEmpty.filterAcc(TweetSet.scala:138)
	at objsets.NonEmpty.filterAcc(TweetSet.scala:138)
	at objsets.NonEmpty.filterAcc(TweetSet.scala:138)
	at objsets.NonEmpty.filterAcc(TweetSet.scala:138)
	at objsets.NonEmpty.filterAcc(TweetSet.scala:138)
	at objsets.NonEmpty.filterAcc(TweetSet.scala:138)
	at objsets.NonEmpty.filterAcc(TweetSet.scala:138)
	at objsets.NonEmpty.filterAcc(TweetSet.scala:138)
	at objsets.NonEmpty.filterAcc(TweetSet.scala:138)
	at objsets.NonEmpty.filterAcc(TweetSet.scala:138)
	at objsets.NonEmpty.filterAcc(TweetSet.scala:138)
	at objsets.NonEmpty.filterAcc(TweetSet.scala:138)
	at objsets.NonEmpty.filterAcc(TweetSet.scala:138)
	at objsets.NonEmpty.filterAcc(TweetSet.scala:138)
	at objsets.NonEmpty.filterAcc(TweetSet.scala:138)
	at objsets.NonEmpty.filterAcc(TweetSet.scala:138)
	at objsets.NonEmpty.filterAcc(TweetSet.scala:138)
	at objsets.NonEmpty.filterAcc(TweetSet.scala:138)
	at objsets.NonEmpty.filterAcc(TweetSet.scala:138)
	at objsets.NonEmpty.filterAcc(TweetSet.scala:138)
	at objsets.NonEmpty.filterAcc(TweetSet.scala:138)
	at objsets.NonEmpty.filterAcc(TweetSet.scala:138)
	at objsets.NonEmpty.filterAcc(TweetSet.scala:138)
	at objsets.NonEmpty.filterAcc(TweetSet.scala:138)
	at objsets.NonEmpty.filterAcc(TweetSet.scala:138)
	at objsets.NonEmpty.filterAcc(TweetSet.scala:138)
	at objsets.NonEmpty.filterAcc(TweetSet.scala:138)
	at objsets.NonEmpty.filterAcc(TweetSet.scala:138)
	at objsets.NonEmpty.filterAcc(TweetSet.scala:138)
	at objsets.NonEmpty.filterAcc(TweetSet.scala:138)
	at objsets.NonEmpty.filterAcc(TweetSet.scala:138)
	at objsets.NonEmpty.filterAcc(TweetSet.scala:138)
	at objsets.NonEmpty.filterAcc(TweetSet.scala:138)
	at objsets.NonEmpty.filterAcc(TweetSet.scala:138)
	at objsets.NonEmpty.filterAcc(TweetSet.scala:138)
	at objsets.NonEmpty.filterAcc(TweetSet.scala:138)
	at objsets.NonEmpty.filterAcc(TweetSet.scala:138)
	at objsets.NonEmpty.filterAcc(TweetSet.scala:138)
	at objsets.NonEmpty.filterAcc(TweetSet.scala:138)
	at objsets.NonEmpty.filterAcc(TweetSet.scala:138)
	at objsets.NonEmpty.filterAcc(TweetSet.scala:138)
	at objsets.NonEmpty.filterAcc(TweetSet.scala:138)
	at objsets.NonEmpty.filterAcc(TweetSet.scala:138)
	at objsets.NonEmpty.filterAcc(TweetSet.scala:138)
	at objsets.NonEmpty.filterAcc(TweetSet.scala:138)
	at objsets.NonEmpty.filterAcc(TweetSet.scala:138)
	at objsets.NonEmpty.filterAcc(TweetSet.scala:138)
	at objsets.NonEmpty.filterAcc(TweetSet.scala:138)
	at objsets.NonEmpty.filterAcc(TweetSet.scala:138)
	at objsets.NonEmpty.filterAcc(TweetSet.scala:138)
	at objsets.NonEmpty.filterAcc(TweetSet.scala:138)
	at objsets.NonEmpty.filterAcc(TweetSet.scala:138)
	at objsets.NonEmpty.filterAcc(TweetSet.scala:138)
	at objsets.NonEmpty.filterAcc(TweetSet.scala:138)
	at objsets.NonEmpty.filterAcc(TweetSet.scala:138)
	at objsets.NonEmpty.filterAcc(TweetSet.scala:138)
	at objsets.NonEmpty.filterAcc(TweetSet.scala:138)
	at objsets.NonEmpty.filterAcc(TweetSet.scala:138)
	at objsets.NonEmpty.filterAcc(TweetSet.scala:138)
	at objsets.NonEmpty.filterAcc(TweetSet.scala:138)
	at objsets.NonEmpty.filterAcc(TweetSet.scala:138)
	at objsets.NonEmpty.filterAcc(TweetSet.scala:138)
	at objsets.NonEmpty.filterAcc(TweetSet.scala:138)
	at objsets.NonEmpty.filterAcc(TweetSet.scala:138)
	at objsets.NonEmpty.filterAcc(TweetSet.scala:138)
	at objsets.NonEmpty.filterAcc(TweetSet.scala:138)
	at objsets.NonEmpty.filterAcc(TweetSet.scala:138)
	at objsets.NonEmpty.filterAcc(TweetSet.scala:138)
	at objsets.NonEmpty.filterAcc(TweetSet.scala:138)
	at objsets.NonEmpty.filterAcc(TweetSet.scala:138)
	at objsets.NonEmpty.filterAcc(TweetSet.scala:138)
	at objsets.NonEmpty.filterAcc(TweetSet.scala:138)
	at objsets.NonEmpty.filterAcc(TweetSet.scala:138)
	at objsets.NonEmpty.filterAcc(TweetSet.scala:138)
	at objsets.NonEmpty.filterAcc(TweetSet.scala:138)
	at objsets.NonEmpty.filterAcc(TweetSet.scala:138)
	at objsets.NonEmpty.filterAcc(TweetSet.scala:138)
	at objsets.NonEmpty.filterAcc(TweetSet.scala:138)
	at objsets.NonEmpty.filterAcc(TweetSet.scala:138)
	at objsets.NonEmpty.filterAcc(TweetSet.scala:138)
	at objsets.NonEmpty.filterAcc(TweetSet.scala:138)
	at objsets.NonEmpty.filterAcc(TweetSet.scala:138)
	at objsets.NonEmpty.filterAcc(TweetSet.scala:138)
	at objsets.NonEmpty.filterAcc(TweetSet.scala:138)
	at objsets.NonEmpty.filterAcc(TweetSet.scala:138)
	at objsets.NonEmpty.filterAcc(TweetSet.scala:138)
	at objsets.NonEmpty.filterAcc(TweetSet.scala:138)
	at objsets.NonEmpty.filterAcc(TweetSet.scala:138)
	at objsets.NonEmpty.filterAcc(TweetSet.scala:138)
	at objsets.NonEmpty.filterAcc(TweetSet.scala:138)
	at objsets.NonEmpty.filterAcc(TweetSet.scala:138)
	at objsets.NonEmpty.filterAcc(TweetSet.scala:138)
	at objsets.NonEmpty.filterAcc(TweetSet.scala:138)
	at objsets.NonEmpty.filterAcc(TweetSet.scala:138)
	at objsets.NonEmpty.filterAcc(TweetSet.scala:138)
	at objsets.NonEmpty.filterAcc(TweetSet.scala:138)
	at objsets.NonEmpty.filterAcc(TweetSet.scala:138)
	at objsets.NonEmpty.filterAcc(TweetSet.scala:138)
	at objsets.NonEmpty.filterAcc(TweetSet.scala:138)
	at objsets.NonEmpty.filterAcc(TweetSet.scala:138)
	at objsets.NonEmpty.filterAcc(TweetSet.scala:138)
	at objsets.NonEmpty.filterAcc(TweetSet.scala:138)
	at objsets.NonEmpty.filterAcc(TweetSet.scala:138)
	at objsets.NonEmpty.filterAcc(TweetSet.scala:138)
	at objsets.NonEmpty.filterAcc(TweetSet.scala:138)
	at objsets.NonEmpty.filterAcc(TweetSet.scala:138)
	at objsets.NonEmpty.filterAcc(TweetSet.scala:138)
	at objsets.NonEmpty.filterAcc(TweetSet.scala:138)
	at objsets.NonEmpty.filterAcc(TweetSet.scala:138)
	at objsets.NonEmpty.filterAcc(TweetSet.scala:138)
	at objsets.NonEmpty.filterAcc(TweetSet.scala:138)
	at objsets.NonEmpty.filterAcc(TweetSet.scala:138)
	at objsets.NonEmpty.filterAcc(TweetSet.scala:138)
	at objsets.NonEmpty.filterAcc(TweetSet.scala:138)
	at objsets.NonEmpty.filterAcc(TweetSet.scala:138)
	at objsets.NonEmpty.filterAcc(TweetSet.scala:138)
	at objsets.NonEmpty.filterAcc(TweetSet.scala:138)
	at objsets.NonEmpty.filterAcc(TweetSet.scala:138)
	at objsets.NonEmpty.filterAcc(TweetSet.scala:138)
	at objsets.NonEmpty.filterAcc(TweetSet.scala:138)
	at objsets.NonEmpty.filterAcc(TweetSet.scala:138)
	at objsets.NonEmpty.filterAcc(TweetSet.scala:138)
	at objsets.NonEmpty.filterAcc(TweetSet.scala:138)
	at objsets.NonEmpty.filterAcc(TweetSet.scala:138)
	at objsets.NonEmpty.filterAcc(TweetSet.scala:138)
	at objsets.NonEmpty.filterAcc(TweetSet.scala:138)
	at objsets.NonEmpty.filterAcc(TweetSet.scala:138)
	at objsets.NonEmpty.filterAcc(TweetSet.scala:138)
	at objsets.NonEmpty.filterAcc(TweetSet.scala:138)
	at objsets.NonEmpty.filterAcc(TweetSet.scala:138)
	at objsets.NonEmpty.filterAcc(TweetSet.scala:138)
	at objsets.NonEmpty.filterAcc(TweetSet.scala:138)
	at objsets.NonEmpty.filterAcc(TweetSet.scala:138)
	at objsets.NonEmpty.filterAcc(TweetSet.scala:138)
	at objsets.NonEmpty.filterAcc(TweetSet.scala:138)
	at objsets.NonEmpty.filterAcc(TweetSet.scala:138)
	at objsets.NonEmpty.filterAcc(TweetSet.scala:138)
	at objsets.NonEmpty.filterAcc(TweetSet.scala:138)
	at objsets.NonEmpty.filterAcc(TweetSet.scala:138)
	at objsets.NonEmpty.filterAcc(TweetSet.scala:138)
	at objsets.NonEmpty.filterAcc(TweetSet.scala:138)
	at objsets.NonEmpty.filterAcc(TweetSet.scala:138)
	at objsets.NonEmpty.filterAcc(TweetSet.scala:138)
	at objsets.NonEmpty.filterAcc(TweetSet.scala:138)
	at objsets.NonEmpty.filterAcc(TweetSet.scala:138)
	at objsets.NonEmpty.filterAcc(TweetSet.scala:138)
	at objsets.NonEmpty.filterAcc(TweetSet.scala:138)
	at objsets.NonEmpty.filterAcc(TweetSet.scala:138)
	at objsets.NonEmpty.filterAcc(TweetSet.scala:138)
	at objsets.NonEmpty.filterAcc(TweetSet.scala:138)
	at objsets.NonEmpty.filterAcc(TweetSet.scala:138)
	at objsets.NonEmpty.filterAcc(TweetSet.scala:138)
	at objsets.NonEmpty.filterAcc(TweetSet.scala:138)
	at objsets.NonEmpty.filterAcc(TweetSet.scala:138)
	at objsets.NonEmpty.filterAcc(TweetSet.scala:138)
	at objsets.NonEmpty.filterAcc(TweetSet.scala:138)
	at objsets.NonEmpty.filterAcc(TweetSet.scala:138)
	at objsets.NonEmpty.filterAcc(TweetSet.scala:138)
	at objsets.NonEmpty.filterAcc(TweetSet.scala:138)
	at objsets.NonEmpty.filterAcc(TweetSet.scala:138)
	at objsets.NonEmpty.filterAcc(TweetSet.scala:138)
	at objsets.NonEmpty.filterAcc(TweetSet.scala:138)
	at objsets.NonEmpty.filterAcc(TweetSet.scala:138)
	at objsets.NonEmpty.filterAcc(TweetSet.scala:138)
	at objsets.NonEmpty.filterAcc(TweetSet.scala:138)
	at objsets.NonEmpty.filterAcc(TweetSet.scala:138)
	at objsets.NonEmpty.filterAcc(TweetSet.scala:138)
	at objsets.NonEmpty.filterAcc(TweetSet.scala:138)
	at objsets.NonEmpty.filterAcc(TweetSet.scala:138)
	at objsets.NonEmpty.filterAcc(TweetSet.scala:138)
	at objsets.NonEmpty.filterAcc(TweetSet.scala:138)
	at objsets.NonEmpty.filterAcc(TweetSet.scala:138)
	at objsets.NonEmpty.filterAcc(TweetSet.scala:138)
	at objsets.NonEmpty.filterAcc(TweetSet.scala:138)
	at objsets.NonEmpty.filterAcc(TweetSet.scala:138)
	at objsets.NonEmpty.filterAcc(TweetSet.scala:138)
	at objsets.NonEmpty.filterAcc(TweetSet.scala:138)
	at objsets.NonEmpty.filterAcc(TweetSet.scala:138)
	at objsets.NonEmpty.filterAcc(TweetSet.scala:138)
	at objsets.NonEmpty.filterAcc(TweetSet.scala:138)
	at objsets.NonEmpty.filterAcc(TweetSet.scala:138)
	at objsets.NonEmpty.filterAcc(TweetSet.scala:138)
	at objsets.NonEmpty.filterAcc(TweetSet.scala:138)
	at objsets.NonEmpty.filterAcc(TweetSet.scala:138)
	at objsets.NonEmpty.filterAcc(TweetSet.scala:138)
	at objsets.NonEmpty.filterAcc(TweetSet.scala:138)
	at objsets.NonEmpty.filterAcc(TweetSet.scala:138)
	at objsets.NonEmpty.filterAcc(TweetSet.scala:138)
	at objsets.NonEmpty.filterAcc(TweetSet.scala:138)
	at objsets.NonEmpty.filterAcc(TweetSet.scala:138)
	at objsets.NonEmpty.filterAcc(TweetSet.scala:138)
	at objsets.NonEmpty.filterAcc(TweetSet.scala:138)
	at objsets.NonEmpty.filterAcc(TweetSet.scala:138)
	at objsets.NonEmpty.filterAcc(TweetSet.scala:138)
	at objsets.NonEmpty.filterAcc(TweetSet.scala:138)
	at objsets.NonEmpty.filterAcc(TweetSet.scala:138)
	at objsets.NonEmpty.filterAcc(TweetSet.scala:138)
	at objsets.NonEmpty.filterAcc(TweetSet.scala:138)
	at objsets.NonEmpty.filterAcc(TweetSet.scala:138)
	at objsets.NonEmpty.filterAcc(TweetSet.scala:138)
	at objsets.NonEmpty.filterAcc(TweetSet.scala:138)
	at objsets.NonEmpty.filterAcc(TweetSet.scala:138)
	at objsets.NonEmpty.filterAcc(TweetSet.scala:138)
	at objsets.NonEmpty.filterAcc(TweetSet.scala:138)
	at objsets.NonEmpty.filterAcc(TweetSet.scala:138)
	at objsets.NonEmpty.filterAcc(TweetSet.scala:138)
	at objsets.NonEmpty.filterAcc(TweetSet.scala:138)
	at objsets.NonEmpty.filterAcc(TweetSet.scala:138)
	at objsets.NonEmpty.filterAcc(TweetSet.scala:138)
	at objsets.NonEmpty.filterAcc(TweetSet.scala:138)
	at objsets.NonEmpty.filterAcc(TweetSet.scala:138)
	at objsets.NonEmpty.filterAcc(TweetSet.scala:138)
	at objsets.NonEmpty.filterAcc(TweetSet.scala:138)
	at objsets.NonEmpty.filterAcc(TweetSet.scala:138)
	at objsets.NonEmpty.filterAcc(TweetSet.scala:138)
	at objsets.NonEmpty.filterAcc(TweetSet.scala:138)
	at objsets.NonEmpty.filterAcc(TweetSet.scala:138)
	at objsets.NonEmpty.filterAcc(TweetSet.scala:138)
	at objsets.NonEmpty.filterAcc(TweetSet.scala:138)
	at objsets.NonEmpty.filterAcc(TweetSet.scala:138)
	at objsets.NonEmpty.filterAcc(TweetSet.scala:138)
	at objsets.NonEmpty.filterAcc(TweetSet.scala:138)
	at objsets.NonEmpty.filterAcc(TweetSet.scala:138)
	at objsets.NonEmpty.filterAcc(TweetSet.scala:138)
	at objsets.NonEmpty.filterAcc(TweetSet.scala:138)
	at objsets.NonEmpty.filterAcc(TweetSet.scala:138)
	at objsets.NonEmpty.filterAcc(TweetSet.scala:138)
	at objsets.NonEmpty.filterAcc(TweetSet.scala:138)
	at objsets.NonEmpty.filterAcc(TweetSet.scala:138)
	at objsets.NonEmpty.filterAcc(TweetSet.scala:138)
	at objsets.NonEmpty.filterAcc(TweetSet.scala:138)
	at objsets.NonEmpty.filterAcc(TweetSet.scala:138)
	at objsets.NonEmpty.filterAcc(TweetSet.scala:138)
	at objsets.NonEmpty.filterAcc(TweetSet.scala:138)
	at objsets.NonEmpty.filterAcc(TweetSet.scala:138)
	at objsets.NonEmpty.filterAcc(TweetSet.scala:138)
	at objsets.NonEmpty.filterAcc(TweetSet.scala:138)
	at objsets.NonEmpty.filterAcc(TweetSet.scala:138)
	at objsets.NonEmpty.filterAcc(TweetSet.scala:138)
	at objsets.NonEmpty.filterAcc(TweetSet.scala:138)
	at objsets.NonEmpty.filterAcc(TweetSet.scala:138)
	at objsets.NonEmpty.filterAcc(TweetSet.scala:138)
	at objsets.NonEmpty.filterAcc(TweetSet.scala:138)
	at objsets.NonEmpty.filterAcc(TweetSet.scala:138)
	at objsets.NonEmpty.filterAcc(TweetSet.scala:138)
	at objsets.NonEmpty.filterAcc(TweetSet.scala:138)
	at objsets.NonEmpty.filterAcc(TweetSet.scala:138)
	at objsets.NonEmpty.filterAcc(TweetSet.scala:138)
	at objsets.NonEmpty.filterAcc(TweetSet.scala:138)
	at objsets.NonEmpty.filterAcc(TweetSet.scala:138)
	at objsets.NonEmpty.filterAcc(TweetSet.scala:138)
	at objsets.NonEmpty.filterAcc(TweetSet.scala:138)
	at objsets.NonEmpty.filterAcc(TweetSet.scala:138)
	at objsets.NonEmpty.filterAcc(TweetSet.scala:138)
	at objsets.NonEmpty.filterAcc(TweetSet.scala:138)
	at objsets.NonEmpty.filterAcc(TweetSet.scala:138)
	at objsets.NonEmpty.filterAcc(TweetSet.scala:138)
	at objsets.NonEmpty.filterAcc(TweetSet.scala:138)
</failure>
                                               </testcase>
                     <system-out><![CDATA[]]></system-out>
                     <system-err><![CDATA[]]></system-err>
                   </testsuite>