<?xml version='1.0' encoding='UTF-8'?>
<testsuite hostname="miszle-PC" name="recfun.RecFunSuite" tests="11" errors="0" failures="4" skipped="0" time="30.058" timestamp="2020-06-30T09:42:18">
                     <properties>
[...]
</properties>
                     <testcase classname="recfun.RecFunSuite" name="countChange: sorted CHF" time="10.003">
                                                 <failure message="java.lang.Exception: test timed out after 10000 milliseconds" type="sbt.ForkMain$ForkError">sbt.ForkMain$ForkError: java.lang.Exception: test timed out after 10000 milliseconds
	at scala.runtime.IntRef.create(IntRef.java:22)
	at recfun.RecFun$.countChange(RecFun.scala:49)
	at recfun.RecFun$.$anonfun$countChange$1(RecFun.scala:51)
	at recfun.RecFun$$$Lambda$6/1957853551.apply$mcVI$sp(Unknown Source)
	at scala.runtime.java8.JFunction1$mcVI$sp.apply(JFunction1$mcVI$sp.scala:18)
	at scala.collection.immutable.List.foreach(List.scala:312)
	at recfun.RecFun$.countChange(RecFun.scala:50)
	at recfun.RecFun$.$anonfun$countChange$1(RecFun.scala:51)
	at recfun.RecFun$$$Lambda$6/1957853551.apply$mcVI$sp(Unknown Source)
	at scala.runtime.java8.JFunction1$mcVI$sp.apply(JFunction1$mcVI$sp.scala:18)
	at scala.collection.immutable.List.foreach(List.scala:312)
	at recfun.RecFun$.countChange(RecFun.scala:50)
	at recfun.RecFun$.$anonfun$countChange$1(RecFun.scala:51)
	at recfun.RecFun$$$Lambda$6/1957853551.apply$mcVI$sp(Unknown Source)
	at scala.runtime.java8.JFunction1$mcVI$sp.apply(JFunction1$mcVI$sp.scala:18)
	at scala.collection.immutable.List.foreach(List.scala:312)
	at recfun.RecFun$.countChange(RecFun.scala:50)
	at recfun.RecFun$.$anonfun$countChange$1(RecFun.scala:51)
	at recfun.RecFun$$$Lambda$6/1957853551.apply$mcVI$sp(Unknown Source)
	at scala.runtime.java8.JFunction1$mcVI$sp.apply(JFunction1$mcVI$sp.scala:18)
	at scala.collection.immutable.List.foreach(List.scala:312)
	at recfun.RecFun$.countChange(RecFun.scala:50)
	at recfun.RecFun$.$anonfun$countChange$1(RecFun.scala:51)
	at recfun.RecFun$$$Lambda$6/1957853551.apply$mcVI$sp(Unknown Source)
	at scala.runtime.java8.JFunction1$mcVI$sp.apply(JFunction1$mcVI$sp.scala:18)
	at scala.collection.immutable.List.foreach(List.scala:312)
	at recfun.RecFun$.countChange(RecFun.scala:50)
	at recfun.RecFun$.$anonfun$countChange$1(RecFun.scala:51)
	at recfun.RecFun$$$Lambda$6/1957853551.apply$mcVI$sp(Unknown Source)
	at scala.runtime.java8.JFunction1$mcVI$sp.apply(JFunction1$mcVI$sp.scala:18)
	at scala.collection.immutable.List.foreach(List.scala:312)
	at recfun.RecFun$.countChange(RecFun.scala:50)
	at recfun.RecFun$.$anonfun$countChange$1(RecFun.scala:51)
	at recfun.RecFun$$$Lambda$6/1957853551.apply$mcVI$sp(Unknown Source)
	at scala.runtime.java8.JFunction1$mcVI$sp.apply(JFunction1$mcVI$sp.scala:18)
	at scala.collection.immutable.List.foreach(List.scala:312)
	at recfun.RecFun$.countChange(RecFun.scala:50)
	at recfun.RecFun$.$anonfun$countChange$1(RecFun.scala:51)
	at recfun.RecFun$$$Lambda$6/1957853551.apply$mcVI$sp(Unknown Source)
	at scala.runtime.java8.JFunction1$mcVI$sp.apply(JFunction1$mcVI$sp.scala:18)
	at scala.collection.immutable.List.foreach(List.scala:312)
	at recfun.RecFun$.countChange(RecFun.scala:50)
	at recfun.RecFun$.$anonfun$countChange$1(RecFun.scala:51)
	at recfun.RecFun$$$Lambda$6/1957853551.apply$mcVI$sp(Unknown Source)
	at scala.runtime.java8.JFunction1$mcVI$sp.apply(JFunction1$mcVI$sp.scala:18)
	at scala.collection.immutable.List.foreach(List.scala:312)
	at recfun.RecFun$.countChange(RecFun.scala:50)
	at recfun.RecFun$.$anonfun$countChange$1(RecFun.scala:51)
	at recfun.RecFun$$$Lambda$6/1957853551.apply$mcVI$sp(Unknown Source)
	at scala.runtime.java8.JFunction1$mcVI$sp.apply(JFunction1$mcVI$sp.scala:18)
	at scala.collection.immutable.List.foreach(List.scala:312)
	at recfun.RecFun$.countChange(RecFun.scala:50)
	at recfun.RecFun$.$anonfun$countChange$1(RecFun.scala:51)
	at recfun.RecFun$$$Lambda$6/1957853551.apply$mcVI$sp(Unknown Source)
	at scala.runtime.java8.JFunction1$mcVI$sp.apply(JFunction1$mcVI$sp.scala:18)
	at scala.collection.immutable.List.foreach(List.scala:312)
	at recfun.RecFun$.countChange(RecFun.scala:50)
	at recfun.RecFun$.$anonfun$countChange$1(RecFun.scala:51)
	at recfun.RecFun$$$Lambda$6/1957853551.apply$mcVI$sp(Unknown Source)
	at scala.runtime.java8.JFunction1$mcVI$sp.apply(JFunction1$mcVI$sp.scala:18)
	at scala.collection.immutable.List.foreach(List.scala:312)
	at recfun.RecFun$.countChange(RecFun.scala:50)
	at recfun.RecFun$.$anonfun$countChange$1(RecFun.scala:51)
	at recfun.RecFun$$$Lambda$6/1957853551.apply$mcVI$sp(Unknown Source)
	at scala.runtime.java8.JFunction1$mcVI$sp.apply(JFunction1$mcVI$sp.scala:18)
	at scala.collection.immutable.List.foreach(List.scala:312)
	at recfun.RecFun$.countChange(RecFun.scala:50)
	at recfun.RecFun$.$anonfun$countChange$1(RecFun.scala:51)
	at recfun.RecFun$$$Lambda$6/1957853551.apply$mcVI$sp(Unknown Source)
	at scala.runtime.java8.JFunction1$mcVI$sp.apply(JFunction1$mcVI$sp.scala:18)
	at scala.collection.immutable.List.foreach(List.scala:312)
	at recfun.RecFun$.countChange(RecFun.scala:50)
	at recfun.RecFun$.$anonfun$countChange$1(RecFun.scala:51)
	at recfun.RecFun$$$Lambda$6/1957853551.apply$mcVI$sp(Unknown Source)
	at scala.runtime.java8.JFunction1$mcVI$sp.apply(JFunction1$mcVI$sp.scala:18)
	at scala.collection.immutable.List.foreach(List.scala:312)
	at recfun.RecFun$.countChange(RecFun.scala:50)
	at recfun.RecFun$.$anonfun$countChange$1(RecFun.scala:51)
	at recfun.RecFun$$$Lambda$6/1957853551.apply$mcVI$sp(Unknown Source)
	at scala.runtime.java8.JFunction1$mcVI$sp.apply(JFunction1$mcVI$sp.scala:18)
	at scala.collection.immutable.List.foreach(List.scala:312)
	at recfun.RecFun$.countChange(RecFun.scala:50)
	at recfun.RecFun$.$anonfun$countChange$1(RecFun.scala:51)
	at recfun.RecFun$$$Lambda$6/1957853551.apply$mcVI$sp(Unknown Source)
	at scala.runtime.java8.JFunction1$mcVI$sp.apply(JFunction1$mcVI$sp.scala:18)
	at scala.collection.immutable.List.foreach(List.scala:312)
	at recfun.RecFun$.countChange(RecFun.scala:50)
	at recfun.RecFun$.$anonfun$countChange$1(RecFun.scala:51)
	at recfun.RecFun$$$Lambda$6/1957853551.apply$mcVI$sp(Unknown Source)
	at scala.runtime.java8.JFunction1$mcVI$sp.apply(JFunction1$mcVI$sp.scala:18)
	at scala.collection.immutable.List.foreach(List.scala:312)
	at recfun.RecFun$.countChange(RecFun.scala:50)
	at recfun.RecFun$.$anonfun$countChange$1(RecFun.scala:51)
	at recfun.RecFun$$$Lambda$6/1957853551.apply$mcVI$sp(Unknown Source)
	at scala.runtime.java8.JFunction1$mcVI$sp.apply(JFunction1$mcVI$sp.scala:18)
	at scala.collection.immutable.List.foreach(List.scala:312)
	at recfun.RecFun$.countChange(RecFun.scala:50)
	at recfun.RecFun$.$anonfun$countChange$1(RecFun.scala:51)
	at recfun.RecFun$$$Lambda$6/1957853551.apply$mcVI$sp(Unknown Source)
	at scala.runtime.java8.JFunction1$mcVI$sp.apply(JFunction1$mcVI$sp.scala:18)
	at scala.collection.immutable.List.foreach(List.scala:312)
	at recfun.RecFun$.countChange(RecFun.scala:50)
	at recfun.RecFun$.$anonfun$countChange$1(RecFun.scala:51)
	at recfun.RecFun$$$Lambda$6/1957853551.apply$mcVI$sp(Unknown Source)
	at scala.runtime.java8.JFunction1$mcVI$sp.apply(JFunction1$mcVI$sp.scala:18)
	at scala.collection.immutable.List.foreach(List.scala:312)
	at recfun.RecFun$.countChange(RecFun.scala:50)
	at recfun.RecFun$.$anonfun$countChange$1(RecFun.scala:51)
	at recfun.RecFun$$$Lambda$6/1957853551.apply$mcVI$sp(Unknown Source)
	at scala.runtime.java8.JFunction1$mcVI$sp.apply(JFunction1$mcVI$sp.scala:18)
	at scala.collection.immutable.List.foreach(List.scala:312)
	at recfun.RecFun$.countChange(RecFun.scala:50)
	at recfun.RecFun$.$anonfun$countChange$1(RecFun.scala:51)
	at recfun.RecFun$$$Lambda$6/1957853551.apply$mcVI$sp(Unknown Source)
	at scala.runtime.java8.JFunction1$mcVI$sp.apply(JFunction1$mcVI$sp.scala:18)
	at scala.collection.immutable.List.foreach(List.scala:312)
	at recfun.RecFun$.countChange(RecFun.scala:50)
	at recfun.RecFun$.$anonfun$countChange$1(RecFun.scala:51)
	at recfun.RecFun$$$Lambda$6/1957853551.apply$mcVI$sp(Unknown Source)
	at scala.runtime.java8.JFunction1$mcVI$sp.apply(JFunction1$mcVI$sp.scala:18)
	at scala.collection.immutable.List.foreach(List.scala:312)
	at recfun.RecFun$.countChange(RecFun.scala:50)
	at recfun.RecFun$.$anonfun$countChange$1(RecFun.scala:51)
	at recfun.RecFun$$$Lambda$6/1957853551.apply$mcVI$sp(Unknown Source)
	at scala.runtime.java8.JFunction1$mcVI$sp.apply(JFunction1$mcVI$sp.scala:18)
	at scala.collection.immutable.List.foreach(List.scala:312)
	at recfun.RecFun$.countChange(RecFun.scala:50)
	at recfun.RecFun$.$anonfun$countChange$1(RecFun.scala:51)
	at recfun.RecFun$$$Lambda$6/1957853551.apply$mcVI$sp(Unknown Source)
	at scala.runtime.java8.JFunction1$mcVI$sp.apply(JFunction1$mcVI$sp.scala:18)
	at scala.collection.immutable.List.foreach(List.scala:312)
	at recfun.RecFun$.countChange(RecFun.scala:50)
	at recfun.RecFun$.$anonfun$countChange$1(RecFun.scala:51)
	at recfun.RecFun$$$Lambda$6/1957853551.apply$mcVI$sp(Unknown Source)
	at scala.runtime.java8.JFunction1$mcVI$sp.apply(JFunction1$mcVI$sp.scala:18)
	at scala.collection.immutable.List.foreach(List.scala:312)
	at recfun.RecFun$.countChange(RecFun.scala:50)
	at recfun.RecFun$.$anonfun$countChange$1(RecFun.scala:51)
	at recfun.RecFun$$$Lambda$6/1957853551.apply$mcVI$sp(Unknown Source)
	at scala.runtime.java8.JFunction1$mcVI$sp.apply(JFunction1$mcVI$sp.scala:18)
	at scala.collection.immutable.List.foreach(List.scala:312)
	at recfun.RecFun$.countChange(RecFun.scala:50)
	at recfun.RecFun$.$anonfun$countChange$1(RecFun.scala:51)
	at recfun.RecFun$$$Lambda$6/1957853551.apply$mcVI$sp(Unknown Source)
	at scala.runtime.java8.JFunction1$mcVI$sp.apply(JFunction1$mcVI$sp.scala:18)
	at scala.collection.immutable.List.foreach(List.scala:312)
	at recfun.RecFun$.countChange(RecFun.scala:50)
	at recfun.RecFun$.$anonfun$countChange$1(RecFun.scala:51)
	at recfun.RecFun$$$Lambda$6/1957853551.apply$mcVI$sp(Unknown Source)
	at scala.runtime.java8.JFunction1$mcVI$sp.apply(JFunction1$mcVI$sp.scala:18)
	at scala.collection.immutable.List.foreach(List.scala:312)
	at recfun.RecFun$.countChange(RecFun.scala:50)
	at recfun.RecFun$.$anonfun$countChange$1(RecFun.scala:51)
	at recfun.RecFun$$$Lambda$6/1957853551.apply$mcVI$sp(Unknown Source)
	at scala.runtime.java8.JFunction1$mcVI$sp.apply(JFunction1$mcVI$sp.scala:18)
	at scala.collection.immutable.List.foreach(List.scala:312)
	at recfun.RecFun$.countChange(RecFun.scala:50)
	at recfun.RecFun$.$anonfun$countChange$1(RecFun.scala:51)
	at recfun.RecFun$$$Lambda$6/1957853551.apply$mcVI$sp(Unknown Source)
	at scala.runtime.java8.JFunction1$mcVI$sp.apply(JFunction1$mcVI$sp.scala:18)
	at scala.collection.immutable.List.foreach(List.scala:312)
	at recfun.RecFun$.countChange(RecFun.scala:50)
	at recfun.RecFun$.$anonfun$countChange$1(RecFun.scala:51)
	at recfun.RecFun$$$Lambda$6/1957853551.apply$mcVI$sp(Unknown Source)
	at scala.runtime.java8.JFunction1$mcVI$sp.apply(JFunction1$mcVI$sp.scala:18)
	at scala.collection.immutable.List.foreach(List.scala:312)
	at recfun.RecFun$.countChange(RecFun.scala:50)
	at recfun.RecFun$.$anonfun$countChange$1(RecFun.scala:51)
	at recfun.RecFun$$$Lambda$6/1957853551.apply$mcVI$sp(Unknown Source)
	at scala.runtime.java8.JFunction1$mcVI$sp.apply(JFunction1$mcVI$sp.scala:18)
	at scala.collection.immutable.List.foreach(List.scala:312)
	at recfun.RecFun$.countChange(RecFun.scala:50)
	at recfun.RecFun$.$anonfun$countChange$1(RecFun.scala:51)
	at recfun.RecFun$$$Lambda$6/1957853551.apply$mcVI$sp(Unknown Source)
	at scala.runtime.java8.JFunction1$mcVI$sp.apply(JFunction1$mcVI$sp.scala:18)
	at scala.collection.immutable.List.foreach(List.scala:312)
	at recfun.RecFun$.countChange(RecFun.scala:50)
	at recfun.RecFun$.$anonfun$countChange$1(RecFun.scala:51)
	at recfun.RecFun$$$Lambda$6/1957853551.apply$mcVI$sp(Unknown Source)
	at scala.runtime.java8.JFunction1$mcVI$sp.apply(JFunction1$mcVI$sp.scala:18)
	at scala.collection.immutable.List.foreach(List.scala:312)
	at recfun.RecFun$.countChange(RecFun.scala:50)
	at recfun.RecFun$.$anonfun$countChange$1(RecFun.scala:51)
	at recfun.RecFun$$$Lambda$6/1957853551.apply$mcVI$sp(Unknown Source)
	at scala.runtime.java8.JFunction1$mcVI$sp.apply(JFunction1$mcVI$sp.scala:18)
	at scala.collection.immutable.List.foreach(List.scala:312)
	at recfun.RecFun$.countChange(RecFun.scala:50)
	at recfun.RecFun$.$anonfun$countChange$1(RecFun.scala:51)
	at recfun.RecFun$$$Lambda$6/1957853551.apply$mcVI$sp(Unknown Source)
	at scala.runtime.java8.JFunction1$mcVI$sp.apply(JFunction1$mcVI$sp.scala:18)
	at scala.collection.immutable.List.foreach(List.scala:312)
	at recfun.RecFun$.countChange(RecFun.scala:50)
	at recfun.RecFun$.$anonfun$countChange$1(RecFun.scala:51)
	at recfun.RecFun$$$Lambda$6/1957853551.apply$mcVI$sp(Unknown Source)
	at scala.runtime.java8.JFunction1$mcVI$sp.apply(JFunction1$mcVI$sp.scala:18)
	at scala.collection.immutable.List.foreach(List.scala:312)
	at recfun.RecFun$.countChange(RecFun.scala:50)
	at recfun.RecFun$.$anonfun$countChange$1(RecFun.scala:51)
	at recfun.RecFun$$$Lambda$6/1957853551.apply$mcVI$sp(Unknown Source)
	at scala.runtime.java8.JFunction1$mcVI$sp.apply(JFunction1$mcVI$sp.scala:18)
	at scala.collection.immutable.List.foreach(List.scala:312)
	at recfun.RecFun$.countChange(RecFun.scala:50)
	at recfun.RecFun$.$anonfun$countChange$1(RecFun.scala:51)
	at recfun.RecFun$$$Lambda$6/1957853551.apply$mcVI$sp(Unknown Source)
	at scala.runtime.java8.JFunction1$mcVI$sp.apply(JFunction1$mcVI$sp.scala:18)
	at scala.collection.immutable.List.foreach(List.scala:312)
	at recfun.RecFun$.countChange(RecFun.scala:50)
	at recfun.RecFunSuite.countChange$colon$u0020sorted$u0020CHF(RecFunSuite.scala:29)
	at sun.reflect.NativeMethodAccessorImpl.invoke0(Native Method)
	at sun.reflect.NativeMethodAccessorImpl.invoke(NativeMethodAccessorImpl.java:62)
	at sun.reflect.DelegatingMethodAccessorImpl.invoke(DelegatingMethodAccessorImpl.java:43)
	at java.lang.reflect.Method.invoke(Method.java:498)
	at org.junit.runners.model.FrameworkMethod$1.runReflectiveCall(FrameworkMethod.java:47)
	at org.junit.internal.runners.model.ReflectiveCallable.run(ReflectiveCallable.java:12)
	at org.junit.runners.model.FrameworkMethod.invokeExplosively(FrameworkMethod.java:44)
	at org.junit.internal.runners.statements.InvokeMethod.evaluate(InvokeMethod.java:17)
	at org.junit.internal.runners.statements.FailOnTimeout$StatementThread.run(FailOnTimeout.java:74)
</failure>
                                               </testcase><testcase classname="recfun.RecFunSuite" name="countChange: unsorted CHF" time="10.0">
                                                 <failure message="java.lang.Exception: test timed out after 10000 milliseconds" type="sbt.ForkMain$ForkError">sbt.ForkMain$ForkError: java.lang.Exception: test timed out after 10000 milliseconds
	at scala.collection.immutable.List.foreach(List.scala:311)
	at recfun.RecFun$.countChange(RecFun.scala:50)
	at recfun.RecFun$.$anonfun$countChange$1(RecFun.scala:51)
	at recfun.RecFun$$$Lambda$6/1957853551.apply$mcVI$sp(Unknown Source)
	at scala.runtime.java8.JFunction1$mcVI$sp.apply(JFunction1$mcVI$sp.scala:18)
	at scala.collection.immutable.List.foreach(List.scala:312)
	at recfun.RecFun$.countChange(RecFun.scala:50)
	at recfun.RecFun$.$anonfun$countChange$1(RecFun.scala:51)
	at recfun.RecFun$$$Lambda$6/1957853551.apply$mcVI$sp(Unknown Source)
	at scala.runtime.java8.JFunction1$mcVI$sp.apply(JFunction1$mcVI$sp.scala:18)
	at scala.collection.immutable.List.foreach(List.scala:312)
	at recfun.RecFun$.countChange(RecFun.scala:50)
	at recfun.RecFun$.$anonfun$countChange$1(RecFun.scala:51)
	at recfun.RecFun$$$Lambda$6/1957853551.apply$mcVI$sp(Unknown Source)
	at scala.runtime.java8.JFunction1$mcVI$sp.apply(JFunction1$mcVI$sp.scala:18)
	at scala.collection.immutable.List.foreach(List.scala:312)
	at recfun.RecFun$.countChange(RecFun.scala:50)
	at recfun.RecFun$.$anonfun$countChange$1(RecFun.scala:51)
	at recfun.RecFun$$$Lambda$6/1957853551.apply$mcVI$sp(Unknown Source)
	at scala.runtime.java8.JFunction1$mcVI$sp.apply(JFunction1$mcVI$sp.scala:18)
	at scala.collection.immutable.List.foreach(List.scala:312)
	at recfun.RecFun$.countChange(RecFun.scala:50)
	at recfun.RecFun$.$anonfun$countChange$1(RecFun.scala:51)
	at recfun.RecFun$$$Lambda$6/1957853551.apply$mcVI$sp(Unknown Source)
	at scala.runtime.java8.JFunction1$mcVI$sp.apply(JFunction1$mcVI$sp.scala:18)
	at scala.collection.immutable.List.foreach(List.scala:312)
	at recfun.RecFun$.countChange(RecFun.scala:50)
	at recfun.RecFun$.$anonfun$countChange$1(RecFun.scala:51)
	at recfun.RecFun$$$Lambda$6/1957853551.apply$mcVI$sp(Unknown Source)
	at scala.runtime.java8.JFunction1$mcVI$sp.apply(JFunction1$mcVI$sp.scala:18)
	at scala.collection.immutable.List.foreach(List.scala:312)
	at recfun.RecFun$.countChange(RecFun.scala:50)
	at recfun.RecFun$.$anonfun$countChange$1(RecFun.scala:51)
	at recfun.RecFun$$$Lambda$6/1957853551.apply$mcVI$sp(Unknown Source)
	at scala.runtime.java8.JFunction1$mcVI$sp.apply(JFunction1$mcVI$sp.scala:18)
	at scala.collection.immutable.List.foreach(List.scala:312)
	at recfun.RecFun$.countChange(RecFun.scala:50)
	at recfun.RecFun$.$anonfun$countChange$1(RecFun.scala:51)
	at recfun.RecFun$$$Lambda$6/1957853551.apply$mcVI$sp(Unknown Source)
	at scala.runtime.java8.JFunction1$mcVI$sp.apply(JFunction1$mcVI$sp.scala:18)
	at scala.collection.immutable.List.foreach(List.scala:312)
	at recfun.RecFun$.countChange(RecFun.scala:50)
	at recfun.RecFun$.$anonfun$countChange$1(RecFun.scala:51)
	at recfun.RecFun$$$Lambda$6/1957853551.apply$mcVI$sp(Unknown Source)
	at scala.runtime.java8.JFunction1$mcVI$sp.apply(JFunction1$mcVI$sp.scala:18)
	at scala.collection.immutable.List.foreach(List.scala:312)
	at recfun.RecFun$.countChange(RecFun.scala:50)
	at recfun.RecFun$.$anonfun$countChange$1(RecFun.scala:51)
	at recfun.RecFun$$$Lambda$6/1957853551.apply$mcVI$sp(Unknown Source)
	at scala.runtime.java8.JFunction1$mcVI$sp.apply(JFunction1$mcVI$sp.scala:18)
	at scala.collection.immutable.List.foreach(List.scala:312)
	at recfun.RecFun$.countChange(RecFun.scala:50)
	at recfun.RecFun$.$anonfun$countChange$1(RecFun.scala:51)
	at recfun.RecFun$$$Lambda$6/1957853551.apply$mcVI$sp(Unknown Source)
	at scala.runtime.java8.JFunction1$mcVI$sp.apply(JFunction1$mcVI$sp.scala:18)
	at scala.collection.immutable.List.foreach(List.scala:312)
	at recfun.RecFun$.countChange(RecFun.scala:50)
	at recfun.RecFun$.$anonfun$countChange$1(RecFun.scala:51)
	at recfun.RecFun$$$Lambda$6/1957853551.apply$mcVI$sp(Unknown Source)
	at scala.runtime.java8.JFunction1$mcVI$sp.apply(JFunction1$mcVI$sp.scala:18)
	at scala.collection.immutable.List.foreach(List.scala:312)
	at recfun.RecFun$.countChange(RecFun.scala:50)
	at recfun.RecFun$.$anonfun$countChange$1(RecFun.scala:51)
	at recfun.RecFun$$$Lambda$6/1957853551.apply$mcVI$sp(Unknown Source)
	at scala.runtime.java8.JFunction1$mcVI$sp.apply(JFunction1$mcVI$sp.scala:18)
	at scala.collection.immutable.List.foreach(List.scala:312)
	at recfun.RecFun$.countChange(RecFun.scala:50)
	at recfun.RecFun$.$anonfun$countChange$1(RecFun.scala:51)
	at recfun.RecFun$$$Lambda$6/1957853551.apply$mcVI$sp(Unknown Source)
	at scala.runtime.java8.JFunction1$mcVI$sp.apply(JFunction1$mcVI$sp.scala:18)
	at scala.collection.immutable.List.foreach(List.scala:312)
	at recfun.RecFun$.countChange(RecFun.scala:50)
	at recfun.RecFun$.$anonfun$countChange$1(RecFun.scala:51)
	at recfun.RecFun$$$Lambda$6/1957853551.apply$mcVI$sp(Unknown Source)
	at scala.runtime.java8.JFunction1$mcVI$sp.apply(JFunction1$mcVI$sp.scala:18)
	at scala.collection.immutable.List.foreach(List.scala:312)
	at recfun.RecFun$.countChange(RecFun.scala:50)
	at recfun.RecFun$.$anonfun$countChange$1(RecFun.scala:51)
	at recfun.RecFun$$$Lambda$6/1957853551.apply$mcVI$sp(Unknown Source)
	at scala.runtime.java8.JFunction1$mcVI$sp.apply(JFunction1$mcVI$sp.scala:18)
	at scala.collection.immutable.List.foreach(List.scala:312)
	at recfun.RecFun$.countChange(RecFun.scala:50)
	at recfun.RecFun$.$anonfun$countChange$1(RecFun.scala:51)
	at recfun.RecFun$$$Lambda$6/1957853551.apply$mcVI$sp(Unknown Source)
	at scala.runtime.java8.JFunction1$mcVI$sp.apply(JFunction1$mcVI$sp.scala:18)
	at scala.collection.immutable.List.foreach(List.scala:312)
	at recfun.RecFun$.countChange(RecFun.scala:50)
	at recfun.RecFun$.$anonfun$countChange$1(RecFun.scala:51)
	at recfun.RecFun$$$Lambda$6/1957853551.apply$mcVI$sp(Unknown Source)
	at scala.runtime.java8.JFunction1$mcVI$sp.apply(JFunction1$mcVI$sp.scala:18)
	at scala.collection.immutable.List.foreach(List.scala:312)
	at recfun.RecFun$.countChange(RecFun.scala:50)
	at recfun.RecFun$.$anonfun$countChange$1(RecFun.scala:51)
	at recfun.RecFun$$$Lambda$6/1957853551.apply$mcVI$sp(Unknown Source)
	at scala.runtime.java8.JFunction1$mcVI$sp.apply(JFunction1$mcVI$sp.scala:18)
	at scala.collection.immutable.List.foreach(List.scala:312)
	at recfun.RecFun$.countChange(RecFun.scala:50)
	at recfun.RecFun$.$anonfun$countChange$1(RecFun.scala:51)
	at recfun.RecFun$$$Lambda$6/1957853551.apply$mcVI$sp(Unknown Source)
	at scala.runtime.java8.JFunction1$mcVI$sp.apply(JFunction1$mcVI$sp.scala:18)
	at scala.collection.immutable.List.foreach(List.scala:312)
	at recfun.RecFun$.countChange(RecFun.scala:50)
	at recfun.RecFun$.$anonfun$countChange$1(RecFun.scala:51)
	at recfun.RecFun$$$Lambda$6/1957853551.apply$mcVI$sp(Unknown Source)
	at scala.runtime.java8.JFunction1$mcVI$sp.apply(JFunction1$mcVI$sp.scala:18)
	at scala.collection.immutable.List.foreach(List.scala:312)
	at recfun.RecFun$.countChange(RecFun.scala:50)
	at recfun.RecFun$.$anonfun$countChange$1(RecFun.scala:51)
	at recfun.RecFun$$$Lambda$6/1957853551.apply$mcVI$sp(Unknown Source)
	at scala.runtime.java8.JFunction1$mcVI$sp.apply(JFunction1$mcVI$sp.scala:18)
	at scala.collection.immutable.List.foreach(List.scala:312)
	at recfun.RecFun$.countChange(RecFun.scala:50)
	at recfun.RecFun$.$anonfun$countChange$1(RecFun.scala:51)
	at recfun.RecFun$$$Lambda$6/1957853551.apply$mcVI$sp(Unknown Source)
	at scala.runtime.java8.JFunction1$mcVI$sp.apply(JFunction1$mcVI$sp.scala:18)
	at scala.collection.immutable.List.foreach(List.scala:312)
	at recfun.RecFun$.countChange(RecFun.scala:50)
	at recfun.RecFun$.$anonfun$countChange$1(RecFun.scala:51)
	at recfun.RecFun$$$Lambda$6/1957853551.apply$mcVI$sp(Unknown Source)
	at scala.runtime.java8.JFunction1$mcVI$sp.apply(JFunction1$mcVI$sp.scala:18)
	at scala.collection.immutable.List.foreach(List.scala:312)
	at recfun.RecFun$.countChange(RecFun.scala:50)
	at recfun.RecFun$.$anonfun$countChange$1(RecFun.scala:51)
	at recfun.RecFun$$$Lambda$6/1957853551.apply$mcVI$sp(Unknown Source)
	at scala.runtime.java8.JFunction1$mcVI$sp.apply(JFunction1$mcVI$sp.scala:18)
	at scala.collection.immutable.List.foreach(List.scala:312)
	at recfun.RecFun$.countChange(RecFun.scala:50)
	at recfun.RecFun$.$anonfun$countChange$1(RecFun.scala:51)
	at recfun.RecFun$$$Lambda$6/1957853551.apply$mcVI$sp(Unknown Source)
	at scala.runtime.java8.JFunction1$mcVI$sp.apply(JFunction1$mcVI$sp.scala:18)
	at scala.collection.immutable.List.foreach(List.scala:312)
	at recfun.RecFun$.countChange(RecFun.scala:50)
	at recfun.RecFun$.$anonfun$countChange$1(RecFun.scala:51)
	at recfun.RecFun$$$Lambda$6/1957853551.apply$mcVI$sp(Unknown Source)
	at scala.runtime.java8.JFunction1$mcVI$sp.apply(JFunction1$mcVI$sp.scala:18)
	at scala.collection.immutable.List.foreach(List.scala:312)
	at recfun.RecFun$.countChange(RecFun.scala:50)
	at recfun.RecFun$.$anonfun$countChange$1(RecFun.scala:51)
	at recfun.RecFun$$$Lambda$6/1957853551.apply$mcVI$sp(Unknown Source)
	at scala.runtime.java8.JFunction1$mcVI$sp.apply(JFunction1$mcVI$sp.scala:18)
	at scala.collection.immutable.List.foreach(List.scala:312)
	at recfun.RecFun$.countChange(RecFun.scala:50)
	at recfun.RecFun$.$anonfun$countChange$1(RecFun.scala:51)
	at recfun.RecFun$$$Lambda$6/1957853551.apply$mcVI$sp(Unknown Source)
	at scala.runtime.java8.JFunction1$mcVI$sp.apply(JFunction1$mcVI$sp.scala:18)
	at scala.collection.immutable.List.foreach(List.scala:312)
	at recfun.RecFun$.countChange(RecFun.scala:50)
	at recfun.RecFun$.$anonfun$countChange$1(RecFun.scala:51)
	at recfun.RecFun$$$Lambda$6/1957853551.apply$mcVI$sp(Unknown Source)
	at scala.runtime.java8.JFunction1$mcVI$sp.apply(JFunction1$mcVI$sp.scala:18)
	at scala.collection.immutable.List.foreach(List.scala:312)
	at recfun.RecFun$.countChange(RecFun.scala:50)
	at recfun.RecFun$.$anonfun$countChange$1(RecFun.scala:51)
	at recfun.RecFun$$$Lambda$6/1957853551.apply$mcVI$sp(Unknown Source)
	at scala.runtime.java8.JFunction1$mcVI$sp.apply(JFunction1$mcVI$sp.scala:18)
	at scala.collection.immutable.List.foreach(List.scala:312)
	at recfun.RecFun$.countChange(RecFun.scala:50)
	at recfun.RecFun$.$anonfun$countChange$1(RecFun.scala:51)
	at recfun.RecFun$$$Lambda$6/1957853551.apply$mcVI$sp(Unknown Source)
	at scala.runtime.java8.JFunction1$mcVI$sp.apply(JFunction1$mcVI$sp.scala:18)
	at scala.collection.immutable.List.foreach(List.scala:312)
	at recfun.RecFun$.countChange(RecFun.scala:50)
	at recfun.RecFun$.$anonfun$countChange$1(RecFun.scala:51)
	at recfun.RecFun$$$Lambda$6/1957853551.apply$mcVI$sp(Unknown Source)
	at scala.runtime.java8.JFunction1$mcVI$sp.apply(JFunction1$mcVI$sp.scala:18)
	at scala.collection.immutable.List.foreach(List.scala:312)
	at recfun.RecFun$.countChange(RecFun.scala:50)
	at recfun.RecFun$.$anonfun$countChange$1(RecFun.scala:51)
	at recfun.RecFun$$$Lambda$6/1957853551.apply$mcVI$sp(Unknown Source)
	at scala.runtime.java8.JFunction1$mcVI$sp.apply(JFunction1$mcVI$sp.scala:18)
	at scala.collection.immutable.List.foreach(List.scala:312)
	at recfun.RecFun$.countChange(RecFun.scala:50)
	at recfun.RecFun$.$anonfun$countChange$1(RecFun.scala:51)
	at recfun.RecFun$$$Lambda$6/1957853551.apply$mcVI$sp(Unknown Source)
	at scala.runtime.java8.JFunction1$mcVI$sp.apply(JFunction1$mcVI$sp.scala:18)
	at scala.collection.immutable.List.foreach(List.scala:312)
	at recfun.RecFun$.countChange(RecFun.scala:50)
	at recfun.RecFun$.$anonfun$countChange$1(RecFun.scala:51)
	at recfun.RecFun$$$Lambda$6/1957853551.apply$mcVI$sp(Unknown Source)
	at scala.runtime.java8.JFunction1$mcVI$sp.apply(JFunction1$mcVI$sp.scala:18)
	at scala.collection.immutable.List.foreach(List.scala:312)
	at recfun.RecFun$.countChange(RecFun.scala:50)
	at recfun.RecFun$.$anonfun$countChange$1(RecFun.scala:51)
	at recfun.RecFun$$$Lambda$6/1957853551.apply$mcVI$sp(Unknown Source)
	at scala.runtime.java8.JFunction1$mcVI$sp.apply(JFunction1$mcVI$sp.scala:18)
	at scala.collection.immutable.List.foreach(List.scala:312)
	at recfun.RecFun$.countChange(RecFun.scala:50)
	at recfun.RecFun$.$anonfun$countChange$1(RecFun.scala:51)
	at recfun.RecFun$$$Lambda$6/1957853551.apply$mcVI$sp(Unknown Source)
	at scala.runtime.java8.JFunction1$mcVI$sp.apply(JFunction1$mcVI$sp.scala:18)
	at scala.collection.immutable.List.foreach(List.scala:312)
	at recfun.RecFun$.countChange(RecFun.scala:50)
	at recfun.RecFun$.$anonfun$countChange$1(RecFun.scala:51)
	at recfun.RecFun$$$Lambda$6/1957853551.apply$mcVI$sp(Unknown Source)
	at scala.runtime.java8.JFunction1$mcVI$sp.apply(JFunction1$mcVI$sp.scala:18)
	at scala.collection.immutable.List.foreach(List.scala:312)
	at recfun.RecFun$.countChange(RecFun.scala:50)
	at recfun.RecFun$.$anonfun$countChange$1(RecFun.scala:51)
	at recfun.RecFun$$$Lambda$6/1957853551.apply$mcVI$sp(Unknown Source)
	at scala.runtime.java8.JFunction1$mcVI$sp.apply(JFunction1$mcVI$sp.scala:18)
	at scala.collection.immutable.List.foreach(List.scala:312)
	at recfun.RecFun$.countChange(RecFun.scala:50)
	at recfun.RecFunSuite.countChange$colon$u0020unsorted$u0020CHF(RecFunSuite.scala:35)
	at sun.reflect.NativeMethodAccessorImpl.invoke0(Native Method)
	at sun.reflect.NativeMethodAccessorImpl.invoke(NativeMethodAccessorImpl.java:62)
	at sun.reflect.DelegatingMethodAccessorImpl.invoke(DelegatingMethodAccessorImpl.java:43)
	at java.lang.reflect.Method.invoke(Method.java:498)
	at org.junit.runners.model.FrameworkMethod$1.runReflectiveCall(FrameworkMethod.java:47)
	at org.junit.internal.runners.model.ReflectiveCallable.run(ReflectiveCallable.java:12)
	at org.junit.runners.model.FrameworkMethod.invokeExplosively(FrameworkMethod.java:44)
	at org.junit.internal.runners.statements.InvokeMethod.evaluate(InvokeMethod.java:17)
	at org.junit.internal.runners.statements.FailOnTimeout$StatementThread.run(FailOnTimeout.java:74)
</failure>
                                               </testcase><testcase classname="recfun.RecFunSuite" name="countChange: example given in instructions" time="0.001">
                                                 <failure message="java.lang.AssertionError: expected:&lt;3&gt; but was:&lt;5&gt;" type="sbt.ForkMain$ForkError">sbt.ForkMain$ForkError: java.lang.AssertionError: expected:&lt;3&gt; but was:&lt;5&gt;
	at org.junit.Assert.fail(Assert.java:88)
	at org.junit.Assert.failNotEquals(Assert.java:743)
	at org.junit.Assert.assertEquals(Assert.java:118)
	at org.junit.Assert.assertEquals(Assert.java:555)
	at org.junit.Assert.assertEquals(Assert.java:542)
	at recfun.RecFunSuite.countChange$colon$u0020example$u0020given$u0020in$u0020instructions(RecFunSuite.scala:26)
	at sun.reflect.NativeMethodAccessorImpl.invoke0(Native Method)
	at sun.reflect.NativeMethodAccessorImpl.invoke(NativeMethodAccessorImpl.java:62)
	at sun.reflect.DelegatingMethodAccessorImpl.invoke(DelegatingMethodAccessorImpl.java:43)
	at java.lang.reflect.Method.invoke(Method.java:498)
	at org.junit.runners.model.FrameworkMethod$1.runReflectiveCall(FrameworkMethod.java:47)
	at org.junit.internal.runners.model.ReflectiveCallable.run(ReflectiveCallable.java:12)
	at org.junit.runners.model.FrameworkMethod.invokeExplosively(FrameworkMethod.java:44)
	at org.junit.internal.runners.statements.InvokeMethod.evaluate(InvokeMethod.java:17)
	at org.junit.internal.runners.statements.FailOnTimeout$StatementThread.run(FailOnTimeout.java:74)
</failure>
                                               </testcase><testcase classname="recfun.RecFunSuite" name="balance: counting is not enough" time="0.033">
                                                 
                                               </testcase><testcase classname="recfun.RecFunSuite" name="pascal: col=1,row=2" time="0.001">
                                                 
                                               </testcase><testcase classname="recfun.RecFunSuite" name="pascal: col=1,row=3" time="0.001">
                                                 
                                               </testcase><testcase classname="recfun.RecFunSuite" name="balance: ':-)' is unbalanced" time="0.0">
                                                 
                                               </testcase><testcase classname="recfun.RecFunSuite" name="pascal: col=0,row=2" time="0.004">
                                                 
                                               </testcase><testcase classname="recfun.RecFunSuite" name="balance: '(if (zero? x) max (/ 1 x))' is balanced" time="0.001">
                                                 
                                               </testcase><testcase classname="recfun.RecFunSuite" name="countChange: no pennies" time="10.001">
                                                 <failure message="java.lang.Exception: test timed out after 10000 milliseconds" type="sbt.ForkMain$ForkError">sbt.ForkMain$ForkError: java.lang.Exception: test timed out after 10000 milliseconds
	at recfun.RecFun$.$anonfun$countChange$1(RecFun.scala:51)
	at recfun.RecFun$$$Lambda$6/1957853551.apply$mcVI$sp(Unknown Source)
	at scala.runtime.java8.JFunction1$mcVI$sp.apply(JFunction1$mcVI$sp.scala:18)
	at scala.collection.immutable.List.foreach(List.scala:312)
	at recfun.RecFun$.countChange(RecFun.scala:50)
	at recfun.RecFun$.$anonfun$countChange$1(RecFun.scala:51)
	at recfun.RecFun$$$Lambda$6/1957853551.apply$mcVI$sp(Unknown Source)
	at scala.runtime.java8.JFunction1$mcVI$sp.apply(JFunction1$mcVI$sp.scala:18)
	at scala.collection.immutable.List.foreach(List.scala:312)
	at recfun.RecFun$.countChange(RecFun.scala:50)
	at recfun.RecFun$.$anonfun$countChange$1(RecFun.scala:51)
	at recfun.RecFun$$$Lambda$6/1957853551.apply$mcVI$sp(Unknown Source)
	at scala.runtime.java8.JFunction1$mcVI$sp.apply(JFunction1$mcVI$sp.scala:18)
	at scala.collection.immutable.List.foreach(List.scala:312)
	at recfun.RecFun$.countChange(RecFun.scala:50)
	at recfun.RecFun$.$anonfun$countChange$1(RecFun.scala:51)
	at recfun.RecFun$$$Lambda$6/1957853551.apply$mcVI$sp(Unknown Source)
	at scala.runtime.java8.JFunction1$mcVI$sp.apply(JFunction1$mcVI$sp.scala:18)
	at scala.collection.immutable.List.foreach(List.scala:312)
	at recfun.RecFun$.countChange(RecFun.scala:50)
	at recfun.RecFun$.$anonfun$countChange$1(RecFun.scala:51)
	at recfun.RecFun$$$Lambda$6/1957853551.apply$mcVI$sp(Unknown Source)
	at scala.runtime.java8.JFunction1$mcVI$sp.apply(JFunction1$mcVI$sp.scala:18)
	at scala.collection.immutable.List.foreach(List.scala:312)
	at recfun.RecFun$.countChange(RecFun.scala:50)
	at recfun.RecFun$.$anonfun$countChange$1(RecFun.scala:51)
	at recfun.RecFun$$$Lambda$6/1957853551.apply$mcVI$sp(Unknown Source)
	at scala.runtime.java8.JFunction1$mcVI$sp.apply(JFunction1$mcVI$sp.scala:18)
	at scala.collection.immutable.List.foreach(List.scala:312)
	at recfun.RecFun$.countChange(RecFun.scala:50)
	at recfun.RecFun$.$anonfun$countChange$1(RecFun.scala:51)
	at recfun.RecFun$$$Lambda$6/1957853551.apply$mcVI$sp(Unknown Source)
	at scala.runtime.java8.JFunction1$mcVI$sp.apply(JFunction1$mcVI$sp.scala:18)
	at scala.collection.immutable.List.foreach(List.scala:312)
	at recfun.RecFun$.countChange(RecFun.scala:50)
	at recfun.RecFun$.$anonfun$countChange$1(RecFun.scala:51)
	at recfun.RecFun$$$Lambda$6/1957853551.apply$mcVI$sp(Unknown Source)
	at scala.runtime.java8.JFunction1$mcVI$sp.apply(JFunction1$mcVI$sp.scala:18)
	at scala.collection.immutable.List.foreach(List.scala:312)
	at recfun.RecFun$.countChange(RecFun.scala:50)
	at recfun.RecFun$.$anonfun$countChange$1(RecFun.scala:51)
	at recfun.RecFun$$$Lambda$6/1957853551.apply$mcVI$sp(Unknown Source)
	at scala.runtime.java8.JFunction1$mcVI$sp.apply(JFunction1$mcVI$sp.scala:18)
	at scala.collection.immutable.List.foreach(List.scala:312)
	at recfun.RecFun$.countChange(RecFun.scala:50)
	at recfun.RecFun$.$anonfun$countChange$1(RecFun.scala:51)
	at recfun.RecFun$$$Lambda$6/1957853551.apply$mcVI$sp(Unknown Source)
	at scala.runtime.java8.JFunction1$mcVI$sp.apply(JFunction1$mcVI$sp.scala:18)
	at scala.collection.immutable.List.foreach(List.scala:312)
	at recfun.RecFun$.countChange(RecFun.scala:50)
	at recfun.RecFun$.$anonfun$countChange$1(RecFun.scala:51)
	at recfun.RecFun$$$Lambda$6/1957853551.apply$mcVI$sp(Unknown Source)
	at scala.runtime.java8.JFunction1$mcVI$sp.apply(JFunction1$mcVI$sp.scala:18)
	at scala.collection.immutable.List.foreach(List.scala:312)
	at recfun.RecFun$.countChange(RecFun.scala:50)
	at recfun.RecFun$.$anonfun$countChange$1(RecFun.scala:51)
	at recfun.RecFun$$$Lambda$6/1957853551.apply$mcVI$sp(Unknown Source)
	at scala.runtime.java8.JFunction1$mcVI$sp.apply(JFunction1$mcVI$sp.scala:18)
	at scala.collection.immutable.List.foreach(List.scala:312)
	at recfun.RecFun$.countChange(RecFun.scala:50)
	at recfun.RecFun$.$anonfun$countChange$1(RecFun.scala:51)
	at recfun.RecFun$$$Lambda$6/1957853551.apply$mcVI$sp(Unknown Source)
	at scala.runtime.java8.JFunction1$mcVI$sp.apply(JFunction1$mcVI$sp.scala:18)
	at scala.collection.immutable.List.foreach(List.scala:312)
	at recfun.RecFun$.countChange(RecFun.scala:50)
	at recfun.RecFun$.$anonfun$countChange$1(RecFun.scala:51)
	at recfun.RecFun$$$Lambda$6/1957853551.apply$mcVI$sp(Unknown Source)
	at scala.runtime.java8.JFunction1$mcVI$sp.apply(JFunction1$mcVI$sp.scala:18)
	at scala.collection.immutable.List.foreach(List.scala:312)
	at recfun.RecFun$.countChange(RecFun.scala:50)
	at recfun.RecFun$.$anonfun$countChange$1(RecFun.scala:51)
	at recfun.RecFun$$$Lambda$6/1957853551.apply$mcVI$sp(Unknown Source)
	at scala.runtime.java8.JFunction1$mcVI$sp.apply(JFunction1$mcVI$sp.scala:18)
	at scala.collection.immutable.List.foreach(List.scala:312)
	at recfun.RecFun$.countChange(RecFun.scala:50)
	at recfun.RecFun$.$anonfun$countChange$1(RecFun.scala:51)
	at recfun.RecFun$$$Lambda$6/1957853551.apply$mcVI$sp(Unknown Source)
	at scala.runtime.java8.JFunction1$mcVI$sp.apply(JFunction1$mcVI$sp.scala:18)
	at scala.collection.immutable.List.foreach(List.scala:312)
	at recfun.RecFun$.countChange(RecFun.scala:50)
	at recfun.RecFun$.$anonfun$countChange$1(RecFun.scala:51)
	at recfun.RecFun$$$Lambda$6/1957853551.apply$mcVI$sp(Unknown Source)
	at scala.runtime.java8.JFunction1$mcVI$sp.apply(JFunction1$mcVI$sp.scala:18)
	at scala.collection.immutable.List.foreach(List.scala:312)
	at recfun.RecFun$.countChange(RecFun.scala:50)
	at recfun.RecFun$.$anonfun$countChange$1(RecFun.scala:51)
	at recfun.RecFun$$$Lambda$6/1957853551.apply$mcVI$sp(Unknown Source)
	at scala.runtime.java8.JFunction1$mcVI$sp.apply(JFunction1$mcVI$sp.scala:18)
	at scala.collection.immutable.List.foreach(List.scala:312)
	at recfun.RecFun$.countChange(RecFun.scala:50)
	at recfun.RecFun$.$anonfun$countChange$1(RecFun.scala:51)
	at recfun.RecFun$$$Lambda$6/1957853551.apply$mcVI$sp(Unknown Source)
	at scala.runtime.java8.JFunction1$mcVI$sp.apply(JFunction1$mcVI$sp.scala:18)
	at scala.collection.immutable.List.foreach(List.scala:312)
	at recfun.RecFun$.countChange(RecFun.scala:50)
	at recfun.RecFun$.$anonfun$countChange$1(RecFun.scala:51)
	at recfun.RecFun$$$Lambda$6/1957853551.apply$mcVI$sp(Unknown Source)
	at scala.runtime.java8.JFunction1$mcVI$sp.apply(JFunction1$mcVI$sp.scala:18)
	at scala.collection.immutable.List.foreach(List.scala:312)
	at recfun.RecFun$.countChange(RecFun.scala:50)
	at recfun.RecFun$.$anonfun$countChange$1(RecFun.scala:51)
	at recfun.RecFun$$$Lambda$6/1957853551.apply$mcVI$sp(Unknown Source)
	at scala.runtime.java8.JFunction1$mcVI$sp.apply(JFunction1$mcVI$sp.scala:18)
	at scala.collection.immutable.List.foreach(List.scala:312)
	at recfun.RecFun$.countChange(RecFun.scala:50)
	at recfun.RecFun$.$anonfun$countChange$1(RecFun.scala:51)
	at recfun.RecFun$$$Lambda$6/1957853551.apply$mcVI$sp(Unknown Source)
	at scala.runtime.java8.JFunction1$mcVI$sp.apply(JFunction1$mcVI$sp.scala:18)
	at scala.collection.immutable.List.foreach(List.scala:312)
	at recfun.RecFun$.countChange(RecFun.scala:50)
	at recfun.RecFun$.$anonfun$countChange$1(RecFun.scala:51)
	at recfun.RecFun$$$Lambda$6/1957853551.apply$mcVI$sp(Unknown Source)
	at scala.runtime.java8.JFunction1$mcVI$sp.apply(JFunction1$mcVI$sp.scala:18)
	at scala.collection.immutable.List.foreach(List.scala:312)
	at recfun.RecFun$.countChange(RecFun.scala:50)
	at recfun.RecFun$.$anonfun$countChange$1(RecFun.scala:51)
	at recfun.RecFun$$$Lambda$6/1957853551.apply$mcVI$sp(Unknown Source)
	at scala.runtime.java8.JFunction1$mcVI$sp.apply(JFunction1$mcVI$sp.scala:18)
	at scala.collection.immutable.List.foreach(List.scala:312)
	at recfun.RecFun$.countChange(RecFun.scala:50)
	at recfun.RecFun$.$anonfun$countChange$1(RecFun.scala:51)
	at recfun.RecFun$$$Lambda$6/1957853551.apply$mcVI$sp(Unknown Source)
	at scala.runtime.java8.JFunction1$mcVI$sp.apply(JFunction1$mcVI$sp.scala:18)
	at scala.collection.immutable.List.foreach(List.scala:312)
	at recfun.RecFun$.countChange(RecFun.scala:50)
	at recfun.RecFun$.$anonfun$countChange$1(RecFun.scala:51)
	at recfun.RecFun$$$Lambda$6/1957853551.apply$mcVI$sp(Unknown Source)
	at scala.runtime.java8.JFunction1$mcVI$sp.apply(JFunction1$mcVI$sp.scala:18)
	at scala.collection.immutable.List.foreach(List.scala:312)
	at recfun.RecFun$.countChange(RecFun.scala:50)
	at recfun.RecFun$.$anonfun$countChange$1(RecFun.scala:51)
	at recfun.RecFun$$$Lambda$6/1957853551.apply$mcVI$sp(Unknown Source)
	at scala.runtime.java8.JFunction1$mcVI$sp.apply(JFunction1$mcVI$sp.scala:18)
	at scala.collection.immutable.List.foreach(List.scala:312)
	at recfun.RecFun$.countChange(RecFun.scala:50)
	at recfun.RecFun$.$anonfun$countChange$1(RecFun.scala:51)
	at recfun.RecFun$$$Lambda$6/1957853551.apply$mcVI$sp(Unknown Source)
	at scala.runtime.java8.JFunction1$mcVI$sp.apply(JFunction1$mcVI$sp.scala:18)
	at scala.collection.immutable.List.foreach(List.scala:312)
	at recfun.RecFun$.countChange(RecFun.scala:50)
	at recfun.RecFun$.$anonfun$countChange$1(RecFun.scala:51)
	at recfun.RecFun$$$Lambda$6/1957853551.apply$mcVI$sp(Unknown Source)
	at scala.runtime.java8.JFunction1$mcVI$sp.apply(JFunction1$mcVI$sp.scala:18)
	at scala.collection.immutable.List.foreach(List.scala:312)
	at recfun.RecFun$.countChange(RecFun.scala:50)
	at recfun.RecFun$.$anonfun$countChange$1(RecFun.scala:51)
	at recfun.RecFun$$$Lambda$6/1957853551.apply$mcVI$sp(Unknown Source)
	at scala.runtime.java8.JFunction1$mcVI$sp.apply(JFunction1$mcVI$sp.scala:18)
	at scala.collection.immutable.List.foreach(List.scala:312)
	at recfun.RecFun$.countChange(RecFun.scala:50)
	at recfun.RecFun$.$anonfun$countChange$1(RecFun.scala:51)
	at recfun.RecFun$$$Lambda$6/1957853551.apply$mcVI$sp(Unknown Source)
	at scala.runtime.java8.JFunction1$mcVI$sp.apply(JFunction1$mcVI$sp.scala:18)
	at scala.collection.immutable.List.foreach(List.scala:312)
	at recfun.RecFun$.countChange(RecFun.scala:50)
	at recfun.RecFun$.$anonfun$countChange$1(RecFun.scala:51)
	at recfun.RecFun$$$Lambda$6/1957853551.apply$mcVI$sp(Unknown Source)
	at scala.runtime.java8.JFunction1$mcVI$sp.apply(JFunction1$mcVI$sp.scala:18)
	at scala.collection.immutable.List.foreach(List.scala:312)
	at recfun.RecFun$.countChange(RecFun.scala:50)
	at recfun.RecFun$.$anonfun$countChange$1(RecFun.scala:51)
	at recfun.RecFun$$$Lambda$6/1957853551.apply$mcVI$sp(Unknown Source)
	at scala.runtime.java8.JFunction1$mcVI$sp.apply(JFunction1$mcVI$sp.scala:18)
	at scala.collection.immutable.List.foreach(List.scala:312)
	at recfun.RecFun$.countChange(RecFun.scala:50)
	at recfun.RecFun$.$anonfun$countChange$1(RecFun.scala:51)
	at recfun.RecFun$$$Lambda$6/1957853551.apply$mcVI$sp(Unknown Source)
	at scala.runtime.java8.JFunction1$mcVI$sp.apply(JFunction1$mcVI$sp.scala:18)
	at scala.collection.immutable.List.foreach(List.scala:312)
	at recfun.RecFun$.countChange(RecFun.scala:50)
	at recfun.RecFun$.$anonfun$countChange$1(RecFun.scala:51)
	at recfun.RecFun$$$Lambda$6/1957853551.apply$mcVI$sp(Unknown Source)
	at scala.runtime.java8.JFunction1$mcVI$sp.apply(JFunction1$mcVI$sp.scala:18)
	at scala.collection.immutable.List.foreach(List.scala:312)
	at recfun.RecFun$.countChange(RecFun.scala:50)
	at recfun.RecFun$.$anonfun$countChange$1(RecFun.scala:51)
	at recfun.RecFun$$$Lambda$6/1957853551.apply$mcVI$sp(Unknown Source)
	at scala.runtime.java8.JFunction1$mcVI$sp.apply(JFunction1$mcVI$sp.scala:18)
	at scala.collection.immutable.List.foreach(List.scala:312)
	at recfun.RecFun$.countChange(RecFun.scala:50)
	at recfun.RecFun$.$anonfun$countChange$1(RecFun.scala:51)
	at recfun.RecFun$$$Lambda$6/1957853551.apply$mcVI$sp(Unknown Source)
	at scala.runtime.java8.JFunction1$mcVI$sp.apply(JFunction1$mcVI$sp.scala:18)
	at scala.collection.immutable.List.foreach(List.scala:312)
	at recfun.RecFun$.countChange(RecFun.scala:50)
	at recfun.RecFun$.$anonfun$countChange$1(RecFun.scala:51)
	at recfun.RecFun$$$Lambda$6/1957853551.apply$mcVI$sp(Unknown Source)
	at scala.runtime.java8.JFunction1$mcVI$sp.apply(JFunction1$mcVI$sp.scala:18)
	at scala.collection.immutable.List.foreach(List.scala:312)
	at recfun.RecFun$.countChange(RecFun.scala:50)
	at recfun.RecFun$.$anonfun$countChange$1(RecFun.scala:51)
	at recfun.RecFun$$$Lambda$6/1957853551.apply$mcVI$sp(Unknown Source)
	at scala.runtime.java8.JFunction1$mcVI$sp.apply(JFunction1$mcVI$sp.scala:18)
	at scala.collection.immutable.List.foreach(List.scala:312)
	at recfun.RecFun$.countChange(RecFun.scala:50)
	at recfun.RecFun$.$anonfun$countChange$1(RecFun.scala:51)
	at recfun.RecFun$$$Lambda$6/1957853551.apply$mcVI$sp(Unknown Source)
	at scala.runtime.java8.JFunction1$mcVI$sp.apply(JFunction1$mcVI$sp.scala:18)
	at scala.collection.immutable.List.foreach(List.scala:312)
	at recfun.RecFun$.countChange(RecFun.scala:50)
	at recfun.RecFun$.$anonfun$countChange$1(RecFun.scala:51)
	at recfun.RecFun$$$Lambda$6/1957853551.apply$mcVI$sp(Unknown Source)
	at scala.runtime.java8.JFunction1$mcVI$sp.apply(JFunction1$mcVI$sp.scala:18)
	at scala.collection.immutable.List.foreach(List.scala:312)
	at recfun.RecFun$.countChange(RecFun.scala:50)
	at recfun.RecFun$.$anonfun$countChange$1(RecFun.scala:51)
	at recfun.RecFun$$$Lambda$6/1957853551.apply$mcVI$sp(Unknown Source)
	at scala.runtime.java8.JFunction1$mcVI$sp.apply(JFunction1$mcVI$sp.scala:18)
	at scala.collection.immutable.List.foreach(List.scala:312)
	at recfun.RecFun$.countChange(RecFun.scala:50)
	at recfun.RecFun$.$anonfun$countChange$1(RecFun.scala:51)
	at recfun.RecFun$$$Lambda$6/1957853551.apply$mcVI$sp(Unknown Source)
	at scala.runtime.java8.JFunction1$mcVI$sp.apply(JFunction1$mcVI$sp.scala:18)
	at scala.collection.immutable.List.foreach(List.scala:312)
	at recfun.RecFun$.countChange(RecFun.scala:50)
	at recfun.RecFun$.$anonfun$countChange$1(RecFun.scala:51)
	at recfun.RecFun$$$Lambda$6/1957853551.apply$mcVI$sp(Unknown Source)
	at scala.runtime.java8.JFunction1$mcVI$sp.apply(JFunction1$mcVI$sp.scala:18)
	at scala.collection.immutable.List.foreach(List.scala:312)
	at recfun.RecFun$.countChange(RecFun.scala:50)
	at recfun.RecFun$.$anonfun$countChange$1(RecFun.scala:51)
	at recfun.RecFun$$$Lambda$6/1957853551.apply$mcVI$sp(Unknown Source)
	at scala.runtime.java8.JFunction1$mcVI$sp.apply(JFunction1$mcVI$sp.scala:18)
	at scala.collection.immutable.List.foreach(List.scala:312)
	at recfun.RecFun$.countChange(RecFun.scala:50)
	at recfun.RecFun$.$anonfun$countChange$1(RecFun.scala:51)
	at recfun.RecFun$$$Lambda$6/1957853551.apply$mcVI$sp(Unknown Source)
	at scala.runtime.java8.JFunction1$mcVI$sp.apply(JFunction1$mcVI$sp.scala:18)
	at scala.collection.immutable.List.foreach(List.scala:312)
	at recfun.RecFun$.countChange(RecFun.scala:50)
	at recfun.RecFunSuite.countChange$colon$u0020no$u0020pennies(RecFunSuite.scala:32)
	at sun.reflect.NativeMethodAccessorImpl.invoke0(Native Method)
	at sun.reflect.NativeMethodAccessorImpl.invoke(NativeMethodAccessorImpl.java:62)
	at sun.reflect.DelegatingMethodAccessorImpl.invoke(DelegatingMethodAccessorImpl.java:43)
	at java.lang.reflect.Method.invoke(Method.java:498)
	at org.junit.runners.model.FrameworkMethod$1.runReflectiveCall(FrameworkMethod.java:47)
	at org.junit.internal.runners.model.ReflectiveCallable.run(ReflectiveCallable.java:12)
	at org.junit.runners.model.FrameworkMethod.invokeExplosively(FrameworkMethod.java:44)
	at org.junit.internal.runners.statements.InvokeMethod.evaluate(InvokeMethod.java:17)
	at org.junit.internal.runners.statements.FailOnTimeout$StatementThread.run(FailOnTimeout.java:74)
</failure>
                                               </testcase><testcase classname="recfun.RecFunSuite" name="' is balanced" time="0.013">
                                                 
                                               </testcase>
                     <system-out><![CDATA[]]></system-out>
                     <system-err><![CDATA[]]></system-err>
                   </testsuite>